<?xml version="1.0" encoding="utf-8" ?>
<!DOCTYPE html PUBLIC "-//W3C//DTD XHTML 1.0 Strict//EN"
        "http://www.w3.org/TR/xhtml1/DTD/xhtml1-strict.dtd">
<html xmlns="http://www.w3.org/1999/xhtml" xml:lang="" lang="">
<head>
  <title>Test Results Report - scenery2</title>
  <meta http-equiv="Content-Type" content="text/html;charset=utf-8" />
  <meta name="description" content="TestNG unit test results." />
  <link href="reportng.css" rel="stylesheet" type="text/css" />
    <script type="text/javascript" src="reportng.js"></script>
  
  <script type="text/javascript">
//===========================点击展开关闭效果====================================
function openShutManager(oSourceObj,oTargetObj,shutAble,oOpenTip,oShutTip){
	var sourceObj = typeof oSourceObj == "string" ? document.getElementById(oSourceObj) : oSourceObj;
	var targetObj = typeof oTargetObj == "string" ? document.getElementById(oTargetObj) : oTargetObj;
	var openTip = oOpenTip || "";
	var shutTip = oShutTip || "";
	if(targetObj.style.display!="none"){
	   if(shutAble) return;
	   targetObj.style.display="none";
	   if(openTip  &&  shutTip){
	    sourceObj.innerHTML = shutTip; 
	   }
	} else {
	   targetObj.style.display="block";
	   if(openTip  &&  shutTip){
	    sourceObj.innerHTML = openTip; 
	   }
	}
}
</script>
  
  
</head>
<body>
<h1>scenery2</h1>
<p>
  Test duration: 993.610s
</p>



  <table class="resultsTable">
    <tr><th colspan="5" class="header failed">Failed Tests</th></tr>
	
          <tr class="group2">
        <td colspan="5">com.dzf.test.testscenery.TestScenery2</td>
      </tr>
	  <tr>
		<td colspan="1" class="title" width="20%">testcase &#40;Duration&#41;</td>
		<td colspan="1" class="title" width="15%">Description</td>
<!--		<td colspan="1" class="title" width="10%">Date being used</td> -->
		<td colspan="1" class="title" width="20%">Test result</td>
		<td colspan="1" class="title" width="25%">Log Info</td>
		<td colspan="1" class="title" width="20%">Screen shot</td>
	  </tr>
            
<tr style="max-height:300px">
  <td class="method">
            
    test期初录入固定资产卡片 &#40;138.021s&#41;
    
  </td>
  
  <td class="testdescription">
  	    
      </td>
  
 <!--
  <td class="testdata">
               <span class="arguments">"2016-05-04";<br>"";<br>"办公桌";<br>"0103";<br>"2016-05-01";<br>"平均年限法";<br>"12";<br>"160103_器具、工具、家具等";<br>"1001_库存现金";<br>"160203_器具、工具、家具等";<br>"56010701_固定资产折旧";<br>"2000";<br>false;<br>""</span><br />
     </td>
-->

  <td class="result" style="max-height:300px">
        
         <i>参数：</i><br/>
     <span class="arguments">"2016-05-04";<br>"";<br>"办公桌";<br>"0103";<br>"2016-05-01";<br>"平均年限法";<br>"12";<br>"160103_器具、工具、家具等";<br>"1001_库存现金";<br>"160203_器具、工具、家具等";<br>"56010701_固定资产折旧";<br>"2000";<br>false;<br>""</span><br/>
        
        <a href="javascript:toggleElement('exception-0', 'block')" title="Click to expand/collapse"><b>java.lang.AssertionError: 卡片已添加，编号： expected [true] but found [false]</b></a><br />
    <div class="stackTrace" id="exception-0">
              org.testng.Assert.fail(Assert.java:94)<br />
              org.testng.Assert.failNotEquals(Assert.java:513)<br />
              org.testng.Assert.assertTrue(Assert.java:42)<br />
              com.dzf.test.testscenery.TestScenery2.test期初录入固定资产卡片(TestScenery2.java:176)<br />
              sun.reflect.NativeMethodAccessorImpl.invoke0(Native Method)<br />
              sun.reflect.NativeMethodAccessorImpl.invoke(NativeMethodAccessorImpl.java:62)<br />
              sun.reflect.DelegatingMethodAccessorImpl.invoke(DelegatingMethodAccessorImpl.java:43)<br />
              java.lang.reflect.Method.invoke(Method.java:498)<br />
              org.testng.internal.MethodInvocationHelper.invokeMethod(MethodInvocationHelper.java:86)<br />
              org.testng.internal.Invoker.invokeMethod(Invoker.java:647)<br />
              org.testng.internal.Invoker.invokeTestMethod(Invoker.java:824)<br />
              org.testng.internal.Invoker.invokeTestMethods(Invoker.java:1132)<br />
              org.testng.internal.TestMethodWorker.invokeTestMethods(TestMethodWorker.java:129)<br />
              org.testng.internal.TestMethodWorker.run(TestMethodWorker.java:112)<br />
              org.testng.TestRunner.privateRun(TestRunner.java:778)<br />
              org.testng.TestRunner.run(TestRunner.java:632)<br />
              org.testng.SuiteRunner.runTest(SuiteRunner.java:366)<br />
              org.testng.SuiteRunner.runSequentially(SuiteRunner.java:361)<br />
              org.testng.SuiteRunner.privateRun(SuiteRunner.java:319)<br />
              org.testng.SuiteRunner.run(SuiteRunner.java:268)<br />
              org.testng.SuiteRunnerWorker.runSuite(SuiteRunnerWorker.java:52)<br />
              org.testng.SuiteRunnerWorker.run(SuiteRunnerWorker.java:86)<br />
              org.testng.TestNG.runSuitesSequentially(TestNG.java:1222)<br />
              org.testng.TestNG.runSuitesLocally(TestNG.java:1147)<br />
              org.testng.TestNG.runSuites(TestNG.java:1072)<br />
              org.testng.TestNG.run(TestNG.java:1044)<br />
              org.testng.remote.AbstractRemoteTestNG.run(AbstractRemoteTestNG.java:126)<br />
              org.testng.remote.RemoteTestNG.initAndRun(RemoteTestNG.java:137)<br />
              org.testng.remote.RemoteTestNG.main(RemoteTestNG.java:58)<br />
                </div>
      </td>
  
      
<!-- 开发版 -->
	<td class="log">
			    	    
	    <div class="testOutput">
										   
																		1. 没有找到：卡片管理，关闭失败！<br/>
																		   
																		2. 点击：固定资产<br/>
																		   
																		3. 点击：卡片管理悬浮<br/>
																		   
																		4. 点击：查询按钮<br/>
																		   
																		5. 点击：查询面板-起始使用日期选择按钮<br/>
																		   
																		6. 点击：查询面板-结束使用日期选择按钮<br/>
																		   
																		7. 查询面板-卡片编码输入框:输入：null<br/>
																		   
																		8. 查询面板-资产名称输入框:输入：null<br/>
																		   
																		9. 查询面板-是否期初输入框:输入：null<br/>
																			<div id="test期初录入固定资产卡片" style="display:none">
							   
																		10. 查询面板-是否清理输入框:输入：null<br/>
																		   
																		11. 查询面板-是否已转总账输入框:输入：null<br/>
																		   
																		12. 点击：查询面板-确定按钮<br/>
																		   
																		13. 点击：列表显示-增加按钮<br/>
																		   
																		14. 点击：录入期间选择按钮<br/>
																		   
																		15. 资产编码输入框:输入：20160506160143457<br/>
																		   
																		16. 资产名称输入框:输入：办公桌<br/>
																		   
																		17. 点击：资产类别选择按钮<br/>
																		   
																		18. 资产类别面板-输入框:输入：0103<br/>
																		   
																		19. 点击：资产类别面板-确定按钮<br/>
																		   
																		20. 点击：开始使用日期选择按钮<br/>
																		   
																		21. 点击：折旧方式下拉按钮<br/>
																		   
																		22. 点击：折旧方式-平均年限法<br/>
																		   
																		23. 预计使用年限输入框:输入：12<br/>
																		   
																		24. 点击：固定(无形)资产科目选择按钮<br/>
																		   
																		25. 点击【资产】<br/>
																		   
																		26. 点击【160103_器具、工具、家具等】<br/>
																		   
																		27. 点击【确认】<br/>
																		   
																		28. 点击：结算科目选择按钮<br/>
																		   
																		29. 点击【资产】<br/>
																		   
																		30. 点击【1001_库存现金】<br/>
																		   
																		31. 点击【确认】<br/>
																		   
																		32. 点击：折旧(摊销)科目选择按钮<br/>
																		   
																		33. 点击【资产】<br/>
																		   
																		34. 点击【160203_器具、工具、家具等】<br/>
																		   
																		35. 点击【确认】<br/>
																		   
																		36. 点击：折旧(摊销)费用科目选择按钮<br/>
																		   
																		37. 点击【资产】<br/>
																		   
																		38. 点击【负债】<br/>
																		   
																		39. 点击【共同】<br/>
																		   
																		40. 点击【权益】<br/>
																		   
																		41. 点击【成本】<br/>
																		   
																		42. 点击【损益】<br/>
																		   
																		43. 点击【56010701_固定资产折旧】<br/>
																		   
																		44. 点击【确认】<br/>
																		   
																		45. 原值输入框:输入：2000<br/>
																		   
																		46. 点击：是否期初选择按钮<br/>
																		   
																		47. 点击：是否期初选项-否<br/>
																		   
																		48. 期初信息备注输入框:输入：<br/>
																		   
																		49. 点击：保存按钮<br/>
																		   
																														</div>
				<a href="#" onclick="openShutManager(this,'test期初录入固定资产卡片',false,'收起','查看更多')">查看更多</a>
				    </div>
			</td>

<!--	
    
 -->
    <td class="screenshot">
                      <div class="screenshotimage" width="100%">
                                                  		        		                      
                                                                    		        		                      
                                                                    		        		                      
                                                                    		        		                      
                                                                    		        		                      
                                                                    		        		                      
                                                                    		        		                      
                                                                    		        		                      
                                                                    		        		                      
                                                                    		        		                      
                                                                    		        		                      
                                                                    		        		                      
                                                                    		        		                      
                                                                    		        		                      
                                                                    		        		                      
                                                                    		        		                      
                                                                    		        		                      
                                                                    		        		                      
                                                                    		        		                      
                                                                    		        		                      
                                                                    		        		                      
                                                                    		        		                      
                                                                    		        		                      
                                                                    		        		                      
                                                                    		        		                      
                                                                    		        		                      
                                                                    		        		                      
                                                                    		        		                      
                                                                    		        		                      
                                                                    		        		                      
                                                                    		        		                      
                                                                    		        		                      
                                                                    		        		                      
                                                                    		        		                      
                                                                    		        		                      
                                                                    		        		                      
                                                                    		        		                      
                                                                    		        		                      
                                                                    		        		                      
                                                                    		        		                      
                                                                    		        		                      
                                                                    		        		                      
                                                                    		        		                      
                                                                    		        		                      
                                                                    		        		                      
                                                                    		        		                      
                                                                    		        		                      
                                                                    		        		                      
                                                                    		        		                      
                                                                    		        			<a href='file:\E:\EclipseWorkspace\大账房-auto\test-output\snapshot\20160506_160322_test期初录入固定资产卡片.png'><img src='file:\E:\EclipseWorkspace\大账房-auto\test-output\snapshot\20160506_160322_test期初录入固定资产卡片.png' width='250' height='150'/></a><br/>
	        		                      
                                          </div>
      	</td>

  
</tr>
<tr style="max-height:300px">
  <td class="method">
            
    test填制凭证其它功能 &#40;68.338s&#41;
    
  </td>
  
  <td class="testdescription">
  	    
      </td>
  
 <!--
  <td class="testdata">
     </td>
-->

  <td class="result" style="max-height:300px">
        
        
        <a href="javascript:toggleElement('exception-1', 'block')" title="Click to expand/collapse"><b>com.dzf.test.util.MyException: 【保存为常用凭证模版按钮】 点击失败！</b></a><br />
    <div class="stackTrace" id="exception-1">
              com.dzf.test.model.Handler.click(Handler.java:229)<br />
              com.dzf.test.page.accounting.凭证管理.填制凭证Page.saveAsCommonTemplet(填制凭证Page.java:456)<br />
              com.dzf.test.testscenery.TestScenery2.test填制凭证其它功能(TestScenery2.java:259)<br />
              sun.reflect.NativeMethodAccessorImpl.invoke0(Native Method)<br />
              sun.reflect.NativeMethodAccessorImpl.invoke(NativeMethodAccessorImpl.java:62)<br />
              sun.reflect.DelegatingMethodAccessorImpl.invoke(DelegatingMethodAccessorImpl.java:43)<br />
              java.lang.reflect.Method.invoke(Method.java:498)<br />
              org.testng.internal.MethodInvocationHelper.invokeMethod(MethodInvocationHelper.java:86)<br />
              org.testng.internal.Invoker.invokeMethod(Invoker.java:647)<br />
              org.testng.internal.Invoker.invokeTestMethod(Invoker.java:824)<br />
              org.testng.internal.Invoker.invokeTestMethods(Invoker.java:1132)<br />
              org.testng.internal.TestMethodWorker.invokeTestMethods(TestMethodWorker.java:129)<br />
              org.testng.internal.TestMethodWorker.run(TestMethodWorker.java:112)<br />
              org.testng.TestRunner.privateRun(TestRunner.java:778)<br />
              org.testng.TestRunner.run(TestRunner.java:632)<br />
              org.testng.SuiteRunner.runTest(SuiteRunner.java:366)<br />
              org.testng.SuiteRunner.runSequentially(SuiteRunner.java:361)<br />
              org.testng.SuiteRunner.privateRun(SuiteRunner.java:319)<br />
              org.testng.SuiteRunner.run(SuiteRunner.java:268)<br />
              org.testng.SuiteRunnerWorker.runSuite(SuiteRunnerWorker.java:52)<br />
              org.testng.SuiteRunnerWorker.run(SuiteRunnerWorker.java:86)<br />
              org.testng.TestNG.runSuitesSequentially(TestNG.java:1222)<br />
              org.testng.TestNG.runSuitesLocally(TestNG.java:1147)<br />
              org.testng.TestNG.runSuites(TestNG.java:1072)<br />
              org.testng.TestNG.run(TestNG.java:1044)<br />
              org.testng.remote.AbstractRemoteTestNG.run(AbstractRemoteTestNG.java:126)<br />
              org.testng.remote.RemoteTestNG.initAndRun(RemoteTestNG.java:137)<br />
              org.testng.remote.RemoteTestNG.main(RemoteTestNG.java:58)<br />
                    <b>Caused by: </b> <a href="javascript:toggleElement('exception-2', 'block')" title="Click to expand/collapse">org.openqa.selenium.TimeoutException: Timed out after 5 seconds waiting for element to be clickable: By.id: crePzTemplate<br/>
Build info: version: &apos;2.41.0&apos;, revision: &apos;3192d8a6c4449dc285928ba024779344f5423c58&apos;, time: &apos;2014-03-27 11:29:39&apos;<br/>
System info: host: &apos;dwk-pc&apos;, ip: &apos;192.168.56.1&apos;, os.name: &apos;Windows 7&apos;, os.arch: &apos;amd64&apos;, os.version: &apos;6.1&apos;, java.version: &apos;1.8.0_77&apos;<br/>
Driver info: org.openqa.selenium.firefox.FirefoxDriver<br/>
Capabilities [{applicationCacheEnabled=true, rotatable=false, handlesAlerts=true, databaseEnabled=true, version=19.0, platform=WINDOWS, browserConnectionEnabled=true, nativeEvents=false, acceptSslCerts=true, webStorageEnabled=true, locationContextEnabled=true, browserName=firefox, takesScreenshot=true, javascriptEnabled=true, cssSelectorsEnabled=true}]<br/>
Session ID: fe7368c0-5a6f-49d8-8944-4ac81fb3e2f5</a><br />
        <div class="stackTrace" id="exception-2">
                      org.openqa.selenium.support.ui.WebDriverWait.timeoutException(WebDriverWait.java:80)<br />
                      org.openqa.selenium.support.ui.FluentWait.until(FluentWait.java:261)<br />
                      com.dzf.test.model.Handler.click(Handler.java:219)<br />
                      com.dzf.test.page.accounting.凭证管理.填制凭证Page.saveAsCommonTemplet(填制凭证Page.java:456)<br />
                      com.dzf.test.testscenery.TestScenery2.test填制凭证其它功能(TestScenery2.java:259)<br />
                      sun.reflect.NativeMethodAccessorImpl.invoke0(Native Method)<br />
                      sun.reflect.NativeMethodAccessorImpl.invoke(NativeMethodAccessorImpl.java:62)<br />
                      sun.reflect.DelegatingMethodAccessorImpl.invoke(DelegatingMethodAccessorImpl.java:43)<br />
                      java.lang.reflect.Method.invoke(Method.java:498)<br />
                      org.testng.internal.MethodInvocationHelper.invokeMethod(MethodInvocationHelper.java:86)<br />
                      org.testng.internal.Invoker.invokeMethod(Invoker.java:647)<br />
                      org.testng.internal.Invoker.invokeTestMethod(Invoker.java:824)<br />
                      org.testng.internal.Invoker.invokeTestMethods(Invoker.java:1132)<br />
                      org.testng.internal.TestMethodWorker.invokeTestMethods(TestMethodWorker.java:129)<br />
                      org.testng.internal.TestMethodWorker.run(TestMethodWorker.java:112)<br />
                      org.testng.TestRunner.privateRun(TestRunner.java:778)<br />
                      org.testng.TestRunner.run(TestRunner.java:632)<br />
                      org.testng.SuiteRunner.runTest(SuiteRunner.java:366)<br />
                      org.testng.SuiteRunner.runSequentially(SuiteRunner.java:361)<br />
                      org.testng.SuiteRunner.privateRun(SuiteRunner.java:319)<br />
                      org.testng.SuiteRunner.run(SuiteRunner.java:268)<br />
                      org.testng.SuiteRunnerWorker.runSuite(SuiteRunnerWorker.java:52)<br />
                      org.testng.SuiteRunnerWorker.run(SuiteRunnerWorker.java:86)<br />
                      org.testng.TestNG.runSuitesSequentially(TestNG.java:1222)<br />
                      org.testng.TestNG.runSuitesLocally(TestNG.java:1147)<br />
                      org.testng.TestNG.runSuites(TestNG.java:1072)<br />
                      org.testng.TestNG.run(TestNG.java:1044)<br />
                      org.testng.remote.AbstractRemoteTestNG.run(AbstractRemoteTestNG.java:126)<br />
                      org.testng.remote.RemoteTestNG.initAndRun(RemoteTestNG.java:137)<br />
                      org.testng.remote.RemoteTestNG.main(RemoteTestNG.java:58)<br />
                  </div>
              <b>Caused by: </b> <a href="javascript:toggleElement('exception-3', 'block')" title="Click to expand/collapse">org.openqa.selenium.NoSuchElementException: Unable to locate element: {&quot;method&quot;:&quot;id&quot;,&quot;selector&quot;:&quot;crePzTemplate&quot;}<br/>
Command duration or timeout: 6.06 seconds<br/>
For documentation on this error, please visit: http://seleniumhq.org/exceptions/no_such_element.html<br/>
Build info: version: &apos;2.41.0&apos;, revision: &apos;3192d8a6c4449dc285928ba024779344f5423c58&apos;, time: &apos;2014-03-27 11:29:39&apos;<br/>
System info: host: &apos;dwk-pc&apos;, ip: &apos;192.168.56.1&apos;, os.name: &apos;Windows 7&apos;, os.arch: &apos;amd64&apos;, os.version: &apos;6.1&apos;, java.version: &apos;1.8.0_77&apos;<br/>
Driver info: org.openqa.selenium.firefox.FirefoxDriver<br/>
Capabilities [{applicationCacheEnabled=true, rotatable=false, handlesAlerts=true, databaseEnabled=true, version=19.0, platform=WINDOWS, browserConnectionEnabled=true, nativeEvents=false, acceptSslCerts=true, webStorageEnabled=true, locationContextEnabled=true, browserName=firefox, takesScreenshot=true, javascriptEnabled=true, cssSelectorsEnabled=true}]<br/>
Session ID: fe7368c0-5a6f-49d8-8944-4ac81fb3e2f5</a><br />
        <div class="stackTrace" id="exception-3">
                      sun.reflect.NativeConstructorAccessorImpl.newInstance0(Native Method)<br />
                      sun.reflect.NativeConstructorAccessorImpl.newInstance(NativeConstructorAccessorImpl.java:62)<br />
                      sun.reflect.DelegatingConstructorAccessorImpl.newInstance(DelegatingConstructorAccessorImpl.java:45)<br />
                      java.lang.reflect.Constructor.newInstance(Constructor.java:423)<br />
                      org.openqa.selenium.remote.ErrorHandler.createThrowable(ErrorHandler.java:193)<br />
                      org.openqa.selenium.remote.ErrorHandler.throwIfResponseFailed(ErrorHandler.java:145)<br />
                      org.openqa.selenium.remote.RemoteWebDriver.execute(RemoteWebDriver.java:595)<br />
                      org.openqa.selenium.remote.RemoteWebDriver.findElement(RemoteWebDriver.java:348)<br />
                      org.openqa.selenium.remote.RemoteWebDriver.findElementById(RemoteWebDriver.java:389)<br />
                      org.openqa.selenium.By$ById.findElement(By.java:214)<br />
                      org.openqa.selenium.remote.RemoteWebDriver.findElement(RemoteWebDriver.java:340)<br />
                      org.openqa.selenium.support.ui.ExpectedConditions.findElement(ExpectedConditions.java:911)<br />
                      org.openqa.selenium.support.ui.ExpectedConditions.access$000(ExpectedConditions.java:41)<br />
                      org.openqa.selenium.support.ui.ExpectedConditions$7.apply(ExpectedConditions.java:205)<br />
                      org.openqa.selenium.support.ui.ExpectedConditions$7.apply(ExpectedConditions.java:201)<br />
                      org.openqa.selenium.support.ui.ExpectedConditions$22.apply(ExpectedConditions.java:661)<br />
                      org.openqa.selenium.support.ui.ExpectedConditions$22.apply(ExpectedConditions.java:654)<br />
                      org.openqa.selenium.support.ui.FluentWait.until(FluentWait.java:238)<br />
                      com.dzf.test.model.Handler.click(Handler.java:219)<br />
                      com.dzf.test.page.accounting.凭证管理.填制凭证Page.saveAsCommonTemplet(填制凭证Page.java:456)<br />
                      com.dzf.test.testscenery.TestScenery2.test填制凭证其它功能(TestScenery2.java:259)<br />
                      sun.reflect.NativeMethodAccessorImpl.invoke0(Native Method)<br />
                      sun.reflect.NativeMethodAccessorImpl.invoke(NativeMethodAccessorImpl.java:62)<br />
                      sun.reflect.DelegatingMethodAccessorImpl.invoke(DelegatingMethodAccessorImpl.java:43)<br />
                      java.lang.reflect.Method.invoke(Method.java:498)<br />
                      org.testng.internal.MethodInvocationHelper.invokeMethod(MethodInvocationHelper.java:86)<br />
                      org.testng.internal.Invoker.invokeMethod(Invoker.java:647)<br />
                      org.testng.internal.Invoker.invokeTestMethod(Invoker.java:824)<br />
                      org.testng.internal.Invoker.invokeTestMethods(Invoker.java:1132)<br />
                      org.testng.internal.TestMethodWorker.invokeTestMethods(TestMethodWorker.java:129)<br />
                      org.testng.internal.TestMethodWorker.run(TestMethodWorker.java:112)<br />
                      org.testng.TestRunner.privateRun(TestRunner.java:778)<br />
                      org.testng.TestRunner.run(TestRunner.java:632)<br />
                      org.testng.SuiteRunner.runTest(SuiteRunner.java:366)<br />
                      org.testng.SuiteRunner.runSequentially(SuiteRunner.java:361)<br />
                      org.testng.SuiteRunner.privateRun(SuiteRunner.java:319)<br />
                      org.testng.SuiteRunner.run(SuiteRunner.java:268)<br />
                      org.testng.SuiteRunnerWorker.runSuite(SuiteRunnerWorker.java:52)<br />
                      org.testng.SuiteRunnerWorker.run(SuiteRunnerWorker.java:86)<br />
                      org.testng.TestNG.runSuitesSequentially(TestNG.java:1222)<br />
                      org.testng.TestNG.runSuitesLocally(TestNG.java:1147)<br />
                      org.testng.TestNG.runSuites(TestNG.java:1072)<br />
                      org.testng.TestNG.run(TestNG.java:1044)<br />
                      org.testng.remote.AbstractRemoteTestNG.run(AbstractRemoteTestNG.java:126)<br />
                      org.testng.remote.RemoteTestNG.initAndRun(RemoteTestNG.java:137)<br />
                      org.testng.remote.RemoteTestNG.main(RemoteTestNG.java:58)<br />
                  </div>
              <b>Caused by: </b> <a href="javascript:toggleElement('exception-4', 'block')" title="Click to expand/collapse">org.openqa.selenium.remote.ErrorHandler$UnknownServerException: Unable to locate element: {&quot;method&quot;:&quot;id&quot;,&quot;selector&quot;:&quot;crePzTemplate&quot;}<br/>
Build info: version: &apos;2.41.0&apos;, revision: &apos;3192d8a6c4449dc285928ba024779344f5423c58&apos;, time: &apos;2014-03-27 11:29:39&apos;<br/>
System info: host: &apos;dwk-pc&apos;, ip: &apos;192.168.56.1&apos;, os.name: &apos;Windows 7&apos;, os.arch: &apos;amd64&apos;, os.version: &apos;6.1&apos;, java.version: &apos;1.8.0_77&apos;<br/>
Driver info: driver.version: unknown</a><br />
        <div class="stackTrace" id="exception-4">
                      &lt;anonymous class&gt;.FirefoxDriver.prototype.findElementInternal_(file:///C:/Users/ADMINI~1/AppData/Local/Temp/anonymous6086416528989215014webdriver-profile/extensions/fxdriver@googlecode.com/components/driver-component.js:10659)<br />
                      &lt;anonymous class&gt;.fxdriver.Timer.prototype.setTimeout/&lt;.notify(file:///C:/Users/ADMINI~1/AppData/Local/Temp/anonymous6086416528989215014webdriver-profile/extensions/fxdriver@googlecode.com/components/driver-component.js:621)<br />
                  </div>
          </div>
      </td>
  
      
<!-- 开发版 -->
	<td class="log">
			    	    
	    <div class="testOutput">
										   
																		1. 没有找到：填制凭证，关闭失败！<br/>
																		   
																		2. 点击：填制凭证悬浮<br/>
																		   
																		3. 点击：单据图片按钮<br/>
																		   
																		4. 点击：单据图片面板-取消按钮<br/>
																		   
																		5. 点击：按月复制按钮<br/>
																		   
																		6. 点击：开始年份选择按钮<br/>
																		   
																		7. 点击：开始年份一<br/>
																		   
																		8. 点击：开始月份选择按钮<br/>
																		   
																		9. 点击：开始月份四<br/>
																			<div id="test填制凭证其它功能" style="display:none">
							   
																		10. 点击：目标年份选择按钮<br/>
																		   
																		11. 点击：目标年份一<br/>
																		   
																		12. 点击：目标月份选择按钮<br/>
																		   
																		13. 点击：目标月份五<br/>
																		   
																		14. 点击：确定按月复制按钮<br/>
																		   
																		15. 点击：填制凭证悬浮<br/>
																		   
																		16. 点击：常用模板按钮<br/>
																		   
																		17. 模板金额输入框:输入：100<br/>
																		   
																		18. 点击：模板列表一<br/>
																		   
																		19. 点击：确定模板按钮<br/>
																		   
																		20. 点击：凭证标题<br/>
																		   
																		21. 点击：保存按钮<br/>
																		   
																		22. 点击：保存为常用凭证模版按钮<br/>
																		   
																		23. 点击：保存为常用凭证模版按钮失败！<br/>
																		   
																		24. 【保存为常用凭证模版按钮】 点击失败！<br/>
																		   
																		25. 填制凭证其它功能操作失败！<br/>
																		   
																														</div>
				<a href="#" onclick="openShutManager(this,'test填制凭证其它功能',false,'收起','查看更多')">查看更多</a>
				    </div>
			</td>

<!--	
    
 -->
    <td class="screenshot">
                      <div class="screenshotimage" width="100%">
                                                  		        		                      
                                                                    		        		                      
                                                                    		        		                      
                                                                    		        		                      
                                                                    		        		                      
                                                                    		        		                      
                                                                    		        		                      
                                                                    		        		                      
                                                                    		        		                      
                                                                    		        		                      
                                                                    		        		                      
                                                                    		        		                      
                                                                    		        		                      
                                                                    		        		                      
                                                                    		        		                      
                                                                    		        		                      
                                                                    		        		                      
                                                                    		        		                      
                                                                    		        		                      
                                                                    		        		                      
                                                                    		        		                      
                                                                    		        		                      
                                                                    		        		                      
                                                                    		        		                      
                                                                    		        		                      
                                                                    		        			<a href='file:\E:\EclipseWorkspace\大账房-auto\test-output\snapshot\20160506_160506_test填制凭证其它功能.png'><img src='file:\E:\EclipseWorkspace\大账房-auto\test-output\snapshot\20160506_160506_test填制凭证其它功能.png' width='250' height='150'/></a><br/>
	        		                      
                                          </div>
      	</td>

  
</tr>
<tr style="max-height:300px">
  <td class="method">
            
    test科目总账 &#40;26.485s&#41;
    
  </td>
  
  <td class="testdescription">
  	    
      </td>
  
 <!--
  <td class="testdata">
     </td>
-->

  <td class="result" style="max-height:300px">
        
        
        <a href="javascript:toggleElement('exception-5', 'block')" title="Click to expand/collapse"><b>com.dzf.test.util.MyException: 【打印面板-打印按钮】 点击失败！</b></a><br />
    <div class="stackTrace" id="exception-5">
              com.dzf.test.model.Handler.click(Handler.java:229)<br />
              com.dzf.test.page.accounting.科目账表.科目总账Page.print(科目总账Page.java:53)<br />
              com.dzf.test.testscenery.TestScenery2.test科目总账(TestScenery2.java:410)<br />
              sun.reflect.NativeMethodAccessorImpl.invoke0(Native Method)<br />
              sun.reflect.NativeMethodAccessorImpl.invoke(NativeMethodAccessorImpl.java:62)<br />
              sun.reflect.DelegatingMethodAccessorImpl.invoke(DelegatingMethodAccessorImpl.java:43)<br />
              java.lang.reflect.Method.invoke(Method.java:498)<br />
              org.testng.internal.MethodInvocationHelper.invokeMethod(MethodInvocationHelper.java:86)<br />
              org.testng.internal.Invoker.invokeMethod(Invoker.java:647)<br />
              org.testng.internal.Invoker.invokeTestMethod(Invoker.java:824)<br />
              org.testng.internal.Invoker.invokeTestMethods(Invoker.java:1132)<br />
              org.testng.internal.TestMethodWorker.invokeTestMethods(TestMethodWorker.java:129)<br />
              org.testng.internal.TestMethodWorker.run(TestMethodWorker.java:112)<br />
              org.testng.TestRunner.privateRun(TestRunner.java:778)<br />
              org.testng.TestRunner.run(TestRunner.java:632)<br />
              org.testng.SuiteRunner.runTest(SuiteRunner.java:366)<br />
              org.testng.SuiteRunner.runSequentially(SuiteRunner.java:361)<br />
              org.testng.SuiteRunner.privateRun(SuiteRunner.java:319)<br />
              org.testng.SuiteRunner.run(SuiteRunner.java:268)<br />
              org.testng.SuiteRunnerWorker.runSuite(SuiteRunnerWorker.java:52)<br />
              org.testng.SuiteRunnerWorker.run(SuiteRunnerWorker.java:86)<br />
              org.testng.TestNG.runSuitesSequentially(TestNG.java:1222)<br />
              org.testng.TestNG.runSuitesLocally(TestNG.java:1147)<br />
              org.testng.TestNG.runSuites(TestNG.java:1072)<br />
              org.testng.TestNG.run(TestNG.java:1044)<br />
              org.testng.remote.AbstractRemoteTestNG.run(AbstractRemoteTestNG.java:126)<br />
              org.testng.remote.RemoteTestNG.initAndRun(RemoteTestNG.java:137)<br />
              org.testng.remote.RemoteTestNG.main(RemoteTestNG.java:58)<br />
                    <b>Caused by: </b> <a href="javascript:toggleElement('exception-6', 'block')" title="Click to expand/collapse">org.openqa.selenium.TimeoutException: Timed out after 5 seconds waiting for element to be clickable: By.xpath: .//a[@onclick=&apos;doPrint()&apos;]<br/>
Build info: version: &apos;2.41.0&apos;, revision: &apos;3192d8a6c4449dc285928ba024779344f5423c58&apos;, time: &apos;2014-03-27 11:29:39&apos;<br/>
System info: host: &apos;dwk-pc&apos;, ip: &apos;192.168.56.1&apos;, os.name: &apos;Windows 7&apos;, os.arch: &apos;amd64&apos;, os.version: &apos;6.1&apos;, java.version: &apos;1.8.0_77&apos;<br/>
Driver info: org.openqa.selenium.firefox.FirefoxDriver<br/>
Capabilities [{applicationCacheEnabled=true, rotatable=false, handlesAlerts=true, databaseEnabled=true, version=19.0, platform=WINDOWS, browserConnectionEnabled=true, nativeEvents=false, acceptSslCerts=true, webStorageEnabled=true, locationContextEnabled=true, browserName=firefox, takesScreenshot=true, javascriptEnabled=true, cssSelectorsEnabled=true}]<br/>
Session ID: fe7368c0-5a6f-49d8-8944-4ac81fb3e2f5</a><br />
        <div class="stackTrace" id="exception-6">
                      org.openqa.selenium.support.ui.WebDriverWait.timeoutException(WebDriverWait.java:80)<br />
                      org.openqa.selenium.support.ui.FluentWait.until(FluentWait.java:261)<br />
                      com.dzf.test.model.Handler.click(Handler.java:219)<br />
                      com.dzf.test.page.accounting.科目账表.科目总账Page.print(科目总账Page.java:53)<br />
                      com.dzf.test.testscenery.TestScenery2.test科目总账(TestScenery2.java:410)<br />
                      sun.reflect.NativeMethodAccessorImpl.invoke0(Native Method)<br />
                      sun.reflect.NativeMethodAccessorImpl.invoke(NativeMethodAccessorImpl.java:62)<br />
                      sun.reflect.DelegatingMethodAccessorImpl.invoke(DelegatingMethodAccessorImpl.java:43)<br />
                      java.lang.reflect.Method.invoke(Method.java:498)<br />
                      org.testng.internal.MethodInvocationHelper.invokeMethod(MethodInvocationHelper.java:86)<br />
                      org.testng.internal.Invoker.invokeMethod(Invoker.java:647)<br />
                      org.testng.internal.Invoker.invokeTestMethod(Invoker.java:824)<br />
                      org.testng.internal.Invoker.invokeTestMethods(Invoker.java:1132)<br />
                      org.testng.internal.TestMethodWorker.invokeTestMethods(TestMethodWorker.java:129)<br />
                      org.testng.internal.TestMethodWorker.run(TestMethodWorker.java:112)<br />
                      org.testng.TestRunner.privateRun(TestRunner.java:778)<br />
                      org.testng.TestRunner.run(TestRunner.java:632)<br />
                      org.testng.SuiteRunner.runTest(SuiteRunner.java:366)<br />
                      org.testng.SuiteRunner.runSequentially(SuiteRunner.java:361)<br />
                      org.testng.SuiteRunner.privateRun(SuiteRunner.java:319)<br />
                      org.testng.SuiteRunner.run(SuiteRunner.java:268)<br />
                      org.testng.SuiteRunnerWorker.runSuite(SuiteRunnerWorker.java:52)<br />
                      org.testng.SuiteRunnerWorker.run(SuiteRunnerWorker.java:86)<br />
                      org.testng.TestNG.runSuitesSequentially(TestNG.java:1222)<br />
                      org.testng.TestNG.runSuitesLocally(TestNG.java:1147)<br />
                      org.testng.TestNG.runSuites(TestNG.java:1072)<br />
                      org.testng.TestNG.run(TestNG.java:1044)<br />
                      org.testng.remote.AbstractRemoteTestNG.run(AbstractRemoteTestNG.java:126)<br />
                      org.testng.remote.RemoteTestNG.initAndRun(RemoteTestNG.java:137)<br />
                      org.testng.remote.RemoteTestNG.main(RemoteTestNG.java:58)<br />
                  </div>
          </div>
      </td>
  
      
<!-- 开发版 -->
	<td class="log">
			    	    
	    <div class="testOutput">
										   
																		1. 没有找到：科目总账，关闭失败！<br/>
																		   
																		2. 点击：科目总账悬浮<br/>
																		   
																		3. 点击：查询按钮<br/>
																		   
																		4. 点击：查询面板-确定按钮<br/>
																		   
																		5. 点击：打印按钮<br/>
																		   
																		6. 点击：打印面板-打印按钮<br/>
																		   
																		7. 点击：打印面板-打印按钮失败！<br/>
																		   
																		8. 【打印面板-打印按钮】 点击失败！<br/>
																		   
																		9. 查询科目总账失败！<br/>
																		   
																														    </div>
			</td>

<!--	
    
 -->
    <td class="screenshot">
                      <div class="screenshotimage" width="100%">
                                                  		        		                      
                                                                    		        		                      
                                                                    		        		                      
                                                                    		        		                      
                                                                    		        		                      
                                                                    		        		                      
                                                                    		        		                      
                                                                    		        		                      
                                                                    		        		                      
                                                                    		        			<a href='file:\E:\EclipseWorkspace\大账房-auto\test-output\snapshot\20160506_160946_test科目总账.png'><img src='file:\E:\EclipseWorkspace\大账房-auto\test-output\snapshot\20160506_160946_test科目总账.png' width='250' height='150'/></a><br/>
	        		                      
                                          </div>
      	</td>

  
</tr>
<tr style="max-height:300px">
  <td class="method">
            
    test科目明细帐 &#40;26.440s&#41;
    
  </td>
  
  <td class="testdescription">
  	    
      </td>
  
 <!--
  <td class="testdata">
     </td>
-->

  <td class="result" style="max-height:300px">
        
        
        <a href="javascript:toggleElement('exception-7', 'block')" title="Click to expand/collapse"><b>com.dzf.test.util.MyException: 【打印面板-打印按钮】 点击失败！</b></a><br />
    <div class="stackTrace" id="exception-7">
              com.dzf.test.model.Handler.click(Handler.java:229)<br />
              com.dzf.test.page.accounting.科目账表.科目明细账Page.print(科目明细账Page.java:51)<br />
              com.dzf.test.testscenery.TestScenery2.test科目明细帐(TestScenery2.java:427)<br />
              sun.reflect.NativeMethodAccessorImpl.invoke0(Native Method)<br />
              sun.reflect.NativeMethodAccessorImpl.invoke(NativeMethodAccessorImpl.java:62)<br />
              sun.reflect.DelegatingMethodAccessorImpl.invoke(DelegatingMethodAccessorImpl.java:43)<br />
              java.lang.reflect.Method.invoke(Method.java:498)<br />
              org.testng.internal.MethodInvocationHelper.invokeMethod(MethodInvocationHelper.java:86)<br />
              org.testng.internal.Invoker.invokeMethod(Invoker.java:647)<br />
              org.testng.internal.Invoker.invokeTestMethod(Invoker.java:824)<br />
              org.testng.internal.Invoker.invokeTestMethods(Invoker.java:1132)<br />
              org.testng.internal.TestMethodWorker.invokeTestMethods(TestMethodWorker.java:129)<br />
              org.testng.internal.TestMethodWorker.run(TestMethodWorker.java:112)<br />
              org.testng.TestRunner.privateRun(TestRunner.java:778)<br />
              org.testng.TestRunner.run(TestRunner.java:632)<br />
              org.testng.SuiteRunner.runTest(SuiteRunner.java:366)<br />
              org.testng.SuiteRunner.runSequentially(SuiteRunner.java:361)<br />
              org.testng.SuiteRunner.privateRun(SuiteRunner.java:319)<br />
              org.testng.SuiteRunner.run(SuiteRunner.java:268)<br />
              org.testng.SuiteRunnerWorker.runSuite(SuiteRunnerWorker.java:52)<br />
              org.testng.SuiteRunnerWorker.run(SuiteRunnerWorker.java:86)<br />
              org.testng.TestNG.runSuitesSequentially(TestNG.java:1222)<br />
              org.testng.TestNG.runSuitesLocally(TestNG.java:1147)<br />
              org.testng.TestNG.runSuites(TestNG.java:1072)<br />
              org.testng.TestNG.run(TestNG.java:1044)<br />
              org.testng.remote.AbstractRemoteTestNG.run(AbstractRemoteTestNG.java:126)<br />
              org.testng.remote.RemoteTestNG.initAndRun(RemoteTestNG.java:137)<br />
              org.testng.remote.RemoteTestNG.main(RemoteTestNG.java:58)<br />
                    <b>Caused by: </b> <a href="javascript:toggleElement('exception-8', 'block')" title="Click to expand/collapse">org.openqa.selenium.TimeoutException: Timed out after 5 seconds waiting for element to be clickable: By.xpath: .//a[@onclick=&apos;doPrint()&apos;]<br/>
Build info: version: &apos;2.41.0&apos;, revision: &apos;3192d8a6c4449dc285928ba024779344f5423c58&apos;, time: &apos;2014-03-27 11:29:39&apos;<br/>
System info: host: &apos;dwk-pc&apos;, ip: &apos;192.168.56.1&apos;, os.name: &apos;Windows 7&apos;, os.arch: &apos;amd64&apos;, os.version: &apos;6.1&apos;, java.version: &apos;1.8.0_77&apos;<br/>
Driver info: org.openqa.selenium.firefox.FirefoxDriver<br/>
Capabilities [{applicationCacheEnabled=true, rotatable=false, handlesAlerts=true, databaseEnabled=true, version=19.0, platform=WINDOWS, browserConnectionEnabled=true, nativeEvents=false, acceptSslCerts=true, webStorageEnabled=true, locationContextEnabled=true, browserName=firefox, takesScreenshot=true, javascriptEnabled=true, cssSelectorsEnabled=true}]<br/>
Session ID: fe7368c0-5a6f-49d8-8944-4ac81fb3e2f5</a><br />
        <div class="stackTrace" id="exception-8">
                      org.openqa.selenium.support.ui.WebDriverWait.timeoutException(WebDriverWait.java:80)<br />
                      org.openqa.selenium.support.ui.FluentWait.until(FluentWait.java:261)<br />
                      com.dzf.test.model.Handler.click(Handler.java:219)<br />
                      com.dzf.test.page.accounting.科目账表.科目明细账Page.print(科目明细账Page.java:51)<br />
                      com.dzf.test.testscenery.TestScenery2.test科目明细帐(TestScenery2.java:427)<br />
                      sun.reflect.NativeMethodAccessorImpl.invoke0(Native Method)<br />
                      sun.reflect.NativeMethodAccessorImpl.invoke(NativeMethodAccessorImpl.java:62)<br />
                      sun.reflect.DelegatingMethodAccessorImpl.invoke(DelegatingMethodAccessorImpl.java:43)<br />
                      java.lang.reflect.Method.invoke(Method.java:498)<br />
                      org.testng.internal.MethodInvocationHelper.invokeMethod(MethodInvocationHelper.java:86)<br />
                      org.testng.internal.Invoker.invokeMethod(Invoker.java:647)<br />
                      org.testng.internal.Invoker.invokeTestMethod(Invoker.java:824)<br />
                      org.testng.internal.Invoker.invokeTestMethods(Invoker.java:1132)<br />
                      org.testng.internal.TestMethodWorker.invokeTestMethods(TestMethodWorker.java:129)<br />
                      org.testng.internal.TestMethodWorker.run(TestMethodWorker.java:112)<br />
                      org.testng.TestRunner.privateRun(TestRunner.java:778)<br />
                      org.testng.TestRunner.run(TestRunner.java:632)<br />
                      org.testng.SuiteRunner.runTest(SuiteRunner.java:366)<br />
                      org.testng.SuiteRunner.runSequentially(SuiteRunner.java:361)<br />
                      org.testng.SuiteRunner.privateRun(SuiteRunner.java:319)<br />
                      org.testng.SuiteRunner.run(SuiteRunner.java:268)<br />
                      org.testng.SuiteRunnerWorker.runSuite(SuiteRunnerWorker.java:52)<br />
                      org.testng.SuiteRunnerWorker.run(SuiteRunnerWorker.java:86)<br />
                      org.testng.TestNG.runSuitesSequentially(TestNG.java:1222)<br />
                      org.testng.TestNG.runSuitesLocally(TestNG.java:1147)<br />
                      org.testng.TestNG.runSuites(TestNG.java:1072)<br />
                      org.testng.TestNG.run(TestNG.java:1044)<br />
                      org.testng.remote.AbstractRemoteTestNG.run(AbstractRemoteTestNG.java:126)<br />
                      org.testng.remote.RemoteTestNG.initAndRun(RemoteTestNG.java:137)<br />
                      org.testng.remote.RemoteTestNG.main(RemoteTestNG.java:58)<br />
                  </div>
          </div>
      </td>
  
      
<!-- 开发版 -->
	<td class="log">
			    	    
	    <div class="testOutput">
										   
																		1. 没有找到：科目明细账，关闭失败！<br/>
																		   
																		2. 点击：科目明细账悬浮<br/>
																		   
																		3. 点击：查询按钮<br/>
																		   
																		4. 点击：查询面板-确定按钮<br/>
																		   
																		5. 点击：打印按钮<br/>
																		   
																		6. 点击：打印面板-打印按钮<br/>
																		   
																		7. 点击：打印面板-打印按钮失败！<br/>
																		   
																		8. 【打印面板-打印按钮】 点击失败！<br/>
																		   
																		9. 查询科目明细帐失败！<br/>
																		   
																														    </div>
			</td>

<!--	
    
 -->
    <td class="screenshot">
                      <div class="screenshotimage" width="100%">
                                                  		        		                      
                                                                    		        		                      
                                                                    		        		                      
                                                                    		        		                      
                                                                    		        		                      
                                                                    		        		                      
                                                                    		        		                      
                                                                    		        		                      
                                                                    		        		                      
                                                                    		        			<a href='file:\E:\EclipseWorkspace\大账房-auto\test-output\snapshot\20160506_161013_test科目明细帐.png'><img src='file:\E:\EclipseWorkspace\大账房-auto\test-output\snapshot\20160506_161013_test科目明细帐.png' width='250' height='150'/></a><br/>
	        		                      
                                          </div>
      	</td>

  
</tr>
<tr style="max-height:300px">
  <td class="method">
            
    test现金银行日记账 &#40;32.624s&#41;
    
  </td>
  
  <td class="testdescription">
  	    
      </td>
  
 <!--
  <td class="testdata">
     </td>
-->

  <td class="result" style="max-height:300px">
        
        
        <a href="javascript:toggleElement('exception-9', 'block')" title="Click to expand/collapse"><b>com.dzf.test.util.MyException: 【打印面板-打印按钮】 点击失败！</b></a><br />
    <div class="stackTrace" id="exception-9">
              com.dzf.test.model.Handler.click(Handler.java:229)<br />
              com.dzf.test.page.accounting.科目账表.现金银行日记账Page.print(现金银行日记账Page.java:53)<br />
              com.dzf.test.testscenery.TestScenery2.test现金银行日记账(TestScenery2.java:444)<br />
              sun.reflect.NativeMethodAccessorImpl.invoke0(Native Method)<br />
              sun.reflect.NativeMethodAccessorImpl.invoke(NativeMethodAccessorImpl.java:62)<br />
              sun.reflect.DelegatingMethodAccessorImpl.invoke(DelegatingMethodAccessorImpl.java:43)<br />
              java.lang.reflect.Method.invoke(Method.java:498)<br />
              org.testng.internal.MethodInvocationHelper.invokeMethod(MethodInvocationHelper.java:86)<br />
              org.testng.internal.Invoker.invokeMethod(Invoker.java:647)<br />
              org.testng.internal.Invoker.invokeTestMethod(Invoker.java:824)<br />
              org.testng.internal.Invoker.invokeTestMethods(Invoker.java:1132)<br />
              org.testng.internal.TestMethodWorker.invokeTestMethods(TestMethodWorker.java:129)<br />
              org.testng.internal.TestMethodWorker.run(TestMethodWorker.java:112)<br />
              org.testng.TestRunner.privateRun(TestRunner.java:778)<br />
              org.testng.TestRunner.run(TestRunner.java:632)<br />
              org.testng.SuiteRunner.runTest(SuiteRunner.java:366)<br />
              org.testng.SuiteRunner.runSequentially(SuiteRunner.java:361)<br />
              org.testng.SuiteRunner.privateRun(SuiteRunner.java:319)<br />
              org.testng.SuiteRunner.run(SuiteRunner.java:268)<br />
              org.testng.SuiteRunnerWorker.runSuite(SuiteRunnerWorker.java:52)<br />
              org.testng.SuiteRunnerWorker.run(SuiteRunnerWorker.java:86)<br />
              org.testng.TestNG.runSuitesSequentially(TestNG.java:1222)<br />
              org.testng.TestNG.runSuitesLocally(TestNG.java:1147)<br />
              org.testng.TestNG.runSuites(TestNG.java:1072)<br />
              org.testng.TestNG.run(TestNG.java:1044)<br />
              org.testng.remote.AbstractRemoteTestNG.run(AbstractRemoteTestNG.java:126)<br />
              org.testng.remote.RemoteTestNG.initAndRun(RemoteTestNG.java:137)<br />
              org.testng.remote.RemoteTestNG.main(RemoteTestNG.java:58)<br />
                    <b>Caused by: </b> <a href="javascript:toggleElement('exception-10', 'block')" title="Click to expand/collapse">org.openqa.selenium.TimeoutException: Timed out after 5 seconds waiting for element to be clickable: By.xpath: .//a[@onclick=&apos;doPrint()&apos;]<br/>
Build info: version: &apos;2.41.0&apos;, revision: &apos;3192d8a6c4449dc285928ba024779344f5423c58&apos;, time: &apos;2014-03-27 11:29:39&apos;<br/>
System info: host: &apos;dwk-pc&apos;, ip: &apos;192.168.56.1&apos;, os.name: &apos;Windows 7&apos;, os.arch: &apos;amd64&apos;, os.version: &apos;6.1&apos;, java.version: &apos;1.8.0_77&apos;<br/>
Driver info: org.openqa.selenium.firefox.FirefoxDriver<br/>
Capabilities [{applicationCacheEnabled=true, rotatable=false, handlesAlerts=true, databaseEnabled=true, version=19.0, platform=WINDOWS, browserConnectionEnabled=true, nativeEvents=false, acceptSslCerts=true, webStorageEnabled=true, locationContextEnabled=true, browserName=firefox, takesScreenshot=true, javascriptEnabled=true, cssSelectorsEnabled=true}]<br/>
Session ID: fe7368c0-5a6f-49d8-8944-4ac81fb3e2f5</a><br />
        <div class="stackTrace" id="exception-10">
                      org.openqa.selenium.support.ui.WebDriverWait.timeoutException(WebDriverWait.java:80)<br />
                      org.openqa.selenium.support.ui.FluentWait.until(FluentWait.java:261)<br />
                      com.dzf.test.model.Handler.click(Handler.java:219)<br />
                      com.dzf.test.page.accounting.科目账表.现金银行日记账Page.print(现金银行日记账Page.java:53)<br />
                      com.dzf.test.testscenery.TestScenery2.test现金银行日记账(TestScenery2.java:444)<br />
                      sun.reflect.NativeMethodAccessorImpl.invoke0(Native Method)<br />
                      sun.reflect.NativeMethodAccessorImpl.invoke(NativeMethodAccessorImpl.java:62)<br />
                      sun.reflect.DelegatingMethodAccessorImpl.invoke(DelegatingMethodAccessorImpl.java:43)<br />
                      java.lang.reflect.Method.invoke(Method.java:498)<br />
                      org.testng.internal.MethodInvocationHelper.invokeMethod(MethodInvocationHelper.java:86)<br />
                      org.testng.internal.Invoker.invokeMethod(Invoker.java:647)<br />
                      org.testng.internal.Invoker.invokeTestMethod(Invoker.java:824)<br />
                      org.testng.internal.Invoker.invokeTestMethods(Invoker.java:1132)<br />
                      org.testng.internal.TestMethodWorker.invokeTestMethods(TestMethodWorker.java:129)<br />
                      org.testng.internal.TestMethodWorker.run(TestMethodWorker.java:112)<br />
                      org.testng.TestRunner.privateRun(TestRunner.java:778)<br />
                      org.testng.TestRunner.run(TestRunner.java:632)<br />
                      org.testng.SuiteRunner.runTest(SuiteRunner.java:366)<br />
                      org.testng.SuiteRunner.runSequentially(SuiteRunner.java:361)<br />
                      org.testng.SuiteRunner.privateRun(SuiteRunner.java:319)<br />
                      org.testng.SuiteRunner.run(SuiteRunner.java:268)<br />
                      org.testng.SuiteRunnerWorker.runSuite(SuiteRunnerWorker.java:52)<br />
                      org.testng.SuiteRunnerWorker.run(SuiteRunnerWorker.java:86)<br />
                      org.testng.TestNG.runSuitesSequentially(TestNG.java:1222)<br />
                      org.testng.TestNG.runSuitesLocally(TestNG.java:1147)<br />
                      org.testng.TestNG.runSuites(TestNG.java:1072)<br />
                      org.testng.TestNG.run(TestNG.java:1044)<br />
                      org.testng.remote.AbstractRemoteTestNG.run(AbstractRemoteTestNG.java:126)<br />
                      org.testng.remote.RemoteTestNG.initAndRun(RemoteTestNG.java:137)<br />
                      org.testng.remote.RemoteTestNG.main(RemoteTestNG.java:58)<br />
                  </div>
          </div>
      </td>
  
      
<!-- 开发版 -->
	<td class="log">
			    	    
	    <div class="testOutput">
										   
																		1. 没有找到：现金银行日记账，关闭失败！<br/>
																		   
																		2. 点击：现金银行日记账悬浮<br/>
																		   
																		3. 点击：查询按钮<br/>
																		   
																		4. 点击：查询面板-确定按钮<br/>
																		   
																		5. 点击：打印按钮<br/>
																		   
																		6. 点击：打印面板-打印按钮<br/>
																		   
																		7. 点击：打印面板-打印按钮失败！<br/>
																		   
																		8. 【打印面板-打印按钮】 点击失败！<br/>
																		   
																		9. 查询现金银行日记账失败！<br/>
																		   
																														    </div>
			</td>

<!--	
    
 -->
    <td class="screenshot">
                      <div class="screenshotimage" width="100%">
                                                  		        		                      
                                                                    		        		                      
                                                                    		        		                      
                                                                    		        		                      
                                                                    		        		                      
                                                                    		        		                      
                                                                    		        		                      
                                                                    		        		                      
                                                                    		        		                      
                                                                    		        			<a href='file:\E:\EclipseWorkspace\大账房-auto\test-output\snapshot\20160506_161046_test现金银行日记账.png'><img src='file:\E:\EclipseWorkspace\大账房-auto\test-output\snapshot\20160506_161046_test现金银行日记账.png' width='250' height='150'/></a><br/>
	        		                      
                                          </div>
      	</td>

  
</tr>
<tr style="max-height:300px">
  <td class="method">
            
    test发生额及余额表 &#40;26.730s&#41;
    
  </td>
  
  <td class="testdescription">
  	    
      </td>
  
 <!--
  <td class="testdata">
     </td>
-->

  <td class="result" style="max-height:300px">
        
        
        <a href="javascript:toggleElement('exception-11', 'block')" title="Click to expand/collapse"><b>com.dzf.test.util.MyException: 【打印面板-打印按钮】 点击失败！</b></a><br />
    <div class="stackTrace" id="exception-11">
              com.dzf.test.model.Handler.click(Handler.java:229)<br />
              com.dzf.test.page.accounting.科目账表.发生额及余额表Page.print(发生额及余额表Page.java:53)<br />
              com.dzf.test.testscenery.TestScenery2.test发生额及余额表(TestScenery2.java:461)<br />
              sun.reflect.NativeMethodAccessorImpl.invoke0(Native Method)<br />
              sun.reflect.NativeMethodAccessorImpl.invoke(NativeMethodAccessorImpl.java:62)<br />
              sun.reflect.DelegatingMethodAccessorImpl.invoke(DelegatingMethodAccessorImpl.java:43)<br />
              java.lang.reflect.Method.invoke(Method.java:498)<br />
              org.testng.internal.MethodInvocationHelper.invokeMethod(MethodInvocationHelper.java:86)<br />
              org.testng.internal.Invoker.invokeMethod(Invoker.java:647)<br />
              org.testng.internal.Invoker.invokeTestMethod(Invoker.java:824)<br />
              org.testng.internal.Invoker.invokeTestMethods(Invoker.java:1132)<br />
              org.testng.internal.TestMethodWorker.invokeTestMethods(TestMethodWorker.java:129)<br />
              org.testng.internal.TestMethodWorker.run(TestMethodWorker.java:112)<br />
              org.testng.TestRunner.privateRun(TestRunner.java:778)<br />
              org.testng.TestRunner.run(TestRunner.java:632)<br />
              org.testng.SuiteRunner.runTest(SuiteRunner.java:366)<br />
              org.testng.SuiteRunner.runSequentially(SuiteRunner.java:361)<br />
              org.testng.SuiteRunner.privateRun(SuiteRunner.java:319)<br />
              org.testng.SuiteRunner.run(SuiteRunner.java:268)<br />
              org.testng.SuiteRunnerWorker.runSuite(SuiteRunnerWorker.java:52)<br />
              org.testng.SuiteRunnerWorker.run(SuiteRunnerWorker.java:86)<br />
              org.testng.TestNG.runSuitesSequentially(TestNG.java:1222)<br />
              org.testng.TestNG.runSuitesLocally(TestNG.java:1147)<br />
              org.testng.TestNG.runSuites(TestNG.java:1072)<br />
              org.testng.TestNG.run(TestNG.java:1044)<br />
              org.testng.remote.AbstractRemoteTestNG.run(AbstractRemoteTestNG.java:126)<br />
              org.testng.remote.RemoteTestNG.initAndRun(RemoteTestNG.java:137)<br />
              org.testng.remote.RemoteTestNG.main(RemoteTestNG.java:58)<br />
                    <b>Caused by: </b> <a href="javascript:toggleElement('exception-12', 'block')" title="Click to expand/collapse">org.openqa.selenium.TimeoutException: Timed out after 5 seconds waiting for element to be clickable: By.xpath: .//a[@onclick=&apos;doPrint()&apos;]<br/>
Build info: version: &apos;2.41.0&apos;, revision: &apos;3192d8a6c4449dc285928ba024779344f5423c58&apos;, time: &apos;2014-03-27 11:29:39&apos;<br/>
System info: host: &apos;dwk-pc&apos;, ip: &apos;192.168.56.1&apos;, os.name: &apos;Windows 7&apos;, os.arch: &apos;amd64&apos;, os.version: &apos;6.1&apos;, java.version: &apos;1.8.0_77&apos;<br/>
Driver info: org.openqa.selenium.firefox.FirefoxDriver<br/>
Capabilities [{applicationCacheEnabled=true, rotatable=false, handlesAlerts=true, databaseEnabled=true, version=19.0, platform=WINDOWS, browserConnectionEnabled=true, nativeEvents=false, acceptSslCerts=true, webStorageEnabled=true, locationContextEnabled=true, browserName=firefox, takesScreenshot=true, javascriptEnabled=true, cssSelectorsEnabled=true}]<br/>
Session ID: fe7368c0-5a6f-49d8-8944-4ac81fb3e2f5</a><br />
        <div class="stackTrace" id="exception-12">
                      org.openqa.selenium.support.ui.WebDriverWait.timeoutException(WebDriverWait.java:80)<br />
                      org.openqa.selenium.support.ui.FluentWait.until(FluentWait.java:261)<br />
                      com.dzf.test.model.Handler.click(Handler.java:219)<br />
                      com.dzf.test.page.accounting.科目账表.发生额及余额表Page.print(发生额及余额表Page.java:53)<br />
                      com.dzf.test.testscenery.TestScenery2.test发生额及余额表(TestScenery2.java:461)<br />
                      sun.reflect.NativeMethodAccessorImpl.invoke0(Native Method)<br />
                      sun.reflect.NativeMethodAccessorImpl.invoke(NativeMethodAccessorImpl.java:62)<br />
                      sun.reflect.DelegatingMethodAccessorImpl.invoke(DelegatingMethodAccessorImpl.java:43)<br />
                      java.lang.reflect.Method.invoke(Method.java:498)<br />
                      org.testng.internal.MethodInvocationHelper.invokeMethod(MethodInvocationHelper.java:86)<br />
                      org.testng.internal.Invoker.invokeMethod(Invoker.java:647)<br />
                      org.testng.internal.Invoker.invokeTestMethod(Invoker.java:824)<br />
                      org.testng.internal.Invoker.invokeTestMethods(Invoker.java:1132)<br />
                      org.testng.internal.TestMethodWorker.invokeTestMethods(TestMethodWorker.java:129)<br />
                      org.testng.internal.TestMethodWorker.run(TestMethodWorker.java:112)<br />
                      org.testng.TestRunner.privateRun(TestRunner.java:778)<br />
                      org.testng.TestRunner.run(TestRunner.java:632)<br />
                      org.testng.SuiteRunner.runTest(SuiteRunner.java:366)<br />
                      org.testng.SuiteRunner.runSequentially(SuiteRunner.java:361)<br />
                      org.testng.SuiteRunner.privateRun(SuiteRunner.java:319)<br />
                      org.testng.SuiteRunner.run(SuiteRunner.java:268)<br />
                      org.testng.SuiteRunnerWorker.runSuite(SuiteRunnerWorker.java:52)<br />
                      org.testng.SuiteRunnerWorker.run(SuiteRunnerWorker.java:86)<br />
                      org.testng.TestNG.runSuitesSequentially(TestNG.java:1222)<br />
                      org.testng.TestNG.runSuitesLocally(TestNG.java:1147)<br />
                      org.testng.TestNG.runSuites(TestNG.java:1072)<br />
                      org.testng.TestNG.run(TestNG.java:1044)<br />
                      org.testng.remote.AbstractRemoteTestNG.run(AbstractRemoteTestNG.java:126)<br />
                      org.testng.remote.RemoteTestNG.initAndRun(RemoteTestNG.java:137)<br />
                      org.testng.remote.RemoteTestNG.main(RemoteTestNG.java:58)<br />
                  </div>
          </div>
      </td>
  
      
<!-- 开发版 -->
	<td class="log">
			    	    
	    <div class="testOutput">
										   
																		1. 没有找到：发生额及余额表，关闭失败！<br/>
																		   
																		2. 点击：发生额及余额表悬浮<br/>
																		   
																		3. 点击：查询按钮<br/>
																		   
																		4. 点击：查询面板-确定按钮<br/>
																		   
																		5. 点击：打印按钮<br/>
																		   
																		6. 点击：打印面板-打印按钮<br/>
																		   
																		7. 点击：打印面板-打印按钮失败！<br/>
																		   
																		8. 【打印面板-打印按钮】 点击失败！<br/>
																		   
																		9. 查询发生额及余额表失败！<br/>
																		   
																														    </div>
			</td>

<!--	
    
 -->
    <td class="screenshot">
                      <div class="screenshotimage" width="100%">
                                                  		        		                      
                                                                    		        		                      
                                                                    		        		                      
                                                                    		        		                      
                                                                    		        		                      
                                                                    		        		                      
                                                                    		        		                      
                                                                    		        		                      
                                                                    		        		                      
                                                                    		        			<a href='file:\E:\EclipseWorkspace\大账房-auto\test-output\snapshot\20160506_161112_test发生额及余额表.png'><img src='file:\E:\EclipseWorkspace\大账房-auto\test-output\snapshot\20160506_161112_test发生额及余额表.png' width='250' height='150'/></a><br/>
	        		                      
                                          </div>
      	</td>

  
</tr>
<tr style="max-height:300px">
  <td class="method">
            
    test序时账 &#40;26.527s&#41;
    
  </td>
  
  <td class="testdescription">
  	    
      </td>
  
 <!--
  <td class="testdata">
     </td>
-->

  <td class="result" style="max-height:300px">
        
        
        <a href="javascript:toggleElement('exception-13', 'block')" title="Click to expand/collapse"><b>com.dzf.test.util.MyException: 【打印面板-打印按钮】 点击失败！</b></a><br />
    <div class="stackTrace" id="exception-13">
              com.dzf.test.model.Handler.click(Handler.java:229)<br />
              com.dzf.test.page.accounting.科目账表.序时账Page.print(序时账Page.java:54)<br />
              com.dzf.test.testscenery.TestScenery2.test序时账(TestScenery2.java:477)<br />
              sun.reflect.NativeMethodAccessorImpl.invoke0(Native Method)<br />
              sun.reflect.NativeMethodAccessorImpl.invoke(NativeMethodAccessorImpl.java:62)<br />
              sun.reflect.DelegatingMethodAccessorImpl.invoke(DelegatingMethodAccessorImpl.java:43)<br />
              java.lang.reflect.Method.invoke(Method.java:498)<br />
              org.testng.internal.MethodInvocationHelper.invokeMethod(MethodInvocationHelper.java:86)<br />
              org.testng.internal.Invoker.invokeMethod(Invoker.java:647)<br />
              org.testng.internal.Invoker.invokeTestMethod(Invoker.java:824)<br />
              org.testng.internal.Invoker.invokeTestMethods(Invoker.java:1132)<br />
              org.testng.internal.TestMethodWorker.invokeTestMethods(TestMethodWorker.java:129)<br />
              org.testng.internal.TestMethodWorker.run(TestMethodWorker.java:112)<br />
              org.testng.TestRunner.privateRun(TestRunner.java:778)<br />
              org.testng.TestRunner.run(TestRunner.java:632)<br />
              org.testng.SuiteRunner.runTest(SuiteRunner.java:366)<br />
              org.testng.SuiteRunner.runSequentially(SuiteRunner.java:361)<br />
              org.testng.SuiteRunner.privateRun(SuiteRunner.java:319)<br />
              org.testng.SuiteRunner.run(SuiteRunner.java:268)<br />
              org.testng.SuiteRunnerWorker.runSuite(SuiteRunnerWorker.java:52)<br />
              org.testng.SuiteRunnerWorker.run(SuiteRunnerWorker.java:86)<br />
              org.testng.TestNG.runSuitesSequentially(TestNG.java:1222)<br />
              org.testng.TestNG.runSuitesLocally(TestNG.java:1147)<br />
              org.testng.TestNG.runSuites(TestNG.java:1072)<br />
              org.testng.TestNG.run(TestNG.java:1044)<br />
              org.testng.remote.AbstractRemoteTestNG.run(AbstractRemoteTestNG.java:126)<br />
              org.testng.remote.RemoteTestNG.initAndRun(RemoteTestNG.java:137)<br />
              org.testng.remote.RemoteTestNG.main(RemoteTestNG.java:58)<br />
                    <b>Caused by: </b> <a href="javascript:toggleElement('exception-14', 'block')" title="Click to expand/collapse">org.openqa.selenium.TimeoutException: Timed out after 5 seconds waiting for element to be clickable: By.xpath: .//a[@onclick=&apos;doPrint()&apos;]<br/>
Build info: version: &apos;2.41.0&apos;, revision: &apos;3192d8a6c4449dc285928ba024779344f5423c58&apos;, time: &apos;2014-03-27 11:29:39&apos;<br/>
System info: host: &apos;dwk-pc&apos;, ip: &apos;192.168.56.1&apos;, os.name: &apos;Windows 7&apos;, os.arch: &apos;amd64&apos;, os.version: &apos;6.1&apos;, java.version: &apos;1.8.0_77&apos;<br/>
Driver info: org.openqa.selenium.firefox.FirefoxDriver<br/>
Capabilities [{applicationCacheEnabled=true, rotatable=false, handlesAlerts=true, databaseEnabled=true, version=19.0, platform=WINDOWS, browserConnectionEnabled=true, nativeEvents=false, acceptSslCerts=true, webStorageEnabled=true, locationContextEnabled=true, browserName=firefox, takesScreenshot=true, javascriptEnabled=true, cssSelectorsEnabled=true}]<br/>
Session ID: fe7368c0-5a6f-49d8-8944-4ac81fb3e2f5</a><br />
        <div class="stackTrace" id="exception-14">
                      org.openqa.selenium.support.ui.WebDriverWait.timeoutException(WebDriverWait.java:80)<br />
                      org.openqa.selenium.support.ui.FluentWait.until(FluentWait.java:261)<br />
                      com.dzf.test.model.Handler.click(Handler.java:219)<br />
                      com.dzf.test.page.accounting.科目账表.序时账Page.print(序时账Page.java:54)<br />
                      com.dzf.test.testscenery.TestScenery2.test序时账(TestScenery2.java:477)<br />
                      sun.reflect.NativeMethodAccessorImpl.invoke0(Native Method)<br />
                      sun.reflect.NativeMethodAccessorImpl.invoke(NativeMethodAccessorImpl.java:62)<br />
                      sun.reflect.DelegatingMethodAccessorImpl.invoke(DelegatingMethodAccessorImpl.java:43)<br />
                      java.lang.reflect.Method.invoke(Method.java:498)<br />
                      org.testng.internal.MethodInvocationHelper.invokeMethod(MethodInvocationHelper.java:86)<br />
                      org.testng.internal.Invoker.invokeMethod(Invoker.java:647)<br />
                      org.testng.internal.Invoker.invokeTestMethod(Invoker.java:824)<br />
                      org.testng.internal.Invoker.invokeTestMethods(Invoker.java:1132)<br />
                      org.testng.internal.TestMethodWorker.invokeTestMethods(TestMethodWorker.java:129)<br />
                      org.testng.internal.TestMethodWorker.run(TestMethodWorker.java:112)<br />
                      org.testng.TestRunner.privateRun(TestRunner.java:778)<br />
                      org.testng.TestRunner.run(TestRunner.java:632)<br />
                      org.testng.SuiteRunner.runTest(SuiteRunner.java:366)<br />
                      org.testng.SuiteRunner.runSequentially(SuiteRunner.java:361)<br />
                      org.testng.SuiteRunner.privateRun(SuiteRunner.java:319)<br />
                      org.testng.SuiteRunner.run(SuiteRunner.java:268)<br />
                      org.testng.SuiteRunnerWorker.runSuite(SuiteRunnerWorker.java:52)<br />
                      org.testng.SuiteRunnerWorker.run(SuiteRunnerWorker.java:86)<br />
                      org.testng.TestNG.runSuitesSequentially(TestNG.java:1222)<br />
                      org.testng.TestNG.runSuitesLocally(TestNG.java:1147)<br />
                      org.testng.TestNG.runSuites(TestNG.java:1072)<br />
                      org.testng.TestNG.run(TestNG.java:1044)<br />
                      org.testng.remote.AbstractRemoteTestNG.run(AbstractRemoteTestNG.java:126)<br />
                      org.testng.remote.RemoteTestNG.initAndRun(RemoteTestNG.java:137)<br />
                      org.testng.remote.RemoteTestNG.main(RemoteTestNG.java:58)<br />
                  </div>
          </div>
      </td>
  
      
<!-- 开发版 -->
	<td class="log">
			    	    
	    <div class="testOutput">
										   
																		1. 没有找到：序时账，关闭失败！<br/>
																		   
																		2. 点击：序时账悬浮<br/>
																		   
																		3. 点击：查询按钮<br/>
																		   
																		4. 点击：查询面板-确定按钮<br/>
																		   
																		5. 点击：打印按钮<br/>
																		   
																		6. 点击：打印面板-打印按钮<br/>
																		   
																		7. 点击：打印面板-打印按钮失败！<br/>
																		   
																		8. 【打印面板-打印按钮】 点击失败！<br/>
																		   
																		9. 查询序时账失败！<br/>
																		   
																														    </div>
			</td>

<!--	
    
 -->
    <td class="screenshot">
                      <div class="screenshotimage" width="100%">
                                                  		        		                      
                                                                    		        		                      
                                                                    		        		                      
                                                                    		        		                      
                                                                    		        		                      
                                                                    		        		                      
                                                                    		        		                      
                                                                    		        		                      
                                                                    		        		                      
                                                                    		        			<a href='file:\E:\EclipseWorkspace\大账房-auto\test-output\snapshot\20160506_161139_test序时账.png'><img src='file:\E:\EclipseWorkspace\大账房-auto\test-output\snapshot\20160506_161139_test序时账.png' width='250' height='150'/></a><br/>
	        		                      
                                          </div>
      	</td>

  
</tr>
<tr style="max-height:300px">
  <td class="method">
            
    test科目汇总表 &#40;26.481s&#41;
    
  </td>
  
  <td class="testdescription">
  	    
      </td>
  
 <!--
  <td class="testdata">
     </td>
-->

  <td class="result" style="max-height:300px">
        
        
        <a href="javascript:toggleElement('exception-15', 'block')" title="Click to expand/collapse"><b>com.dzf.test.util.MyException: 【打印面板-打印按钮】 点击失败！</b></a><br />
    <div class="stackTrace" id="exception-15">
              com.dzf.test.model.Handler.click(Handler.java:229)<br />
              com.dzf.test.page.accounting.科目账表.科目汇总表Page.print(科目汇总表Page.java:53)<br />
              com.dzf.test.testscenery.TestScenery2.test科目汇总表(TestScenery2.java:493)<br />
              sun.reflect.NativeMethodAccessorImpl.invoke0(Native Method)<br />
              sun.reflect.NativeMethodAccessorImpl.invoke(NativeMethodAccessorImpl.java:62)<br />
              sun.reflect.DelegatingMethodAccessorImpl.invoke(DelegatingMethodAccessorImpl.java:43)<br />
              java.lang.reflect.Method.invoke(Method.java:498)<br />
              org.testng.internal.MethodInvocationHelper.invokeMethod(MethodInvocationHelper.java:86)<br />
              org.testng.internal.Invoker.invokeMethod(Invoker.java:647)<br />
              org.testng.internal.Invoker.invokeTestMethod(Invoker.java:824)<br />
              org.testng.internal.Invoker.invokeTestMethods(Invoker.java:1132)<br />
              org.testng.internal.TestMethodWorker.invokeTestMethods(TestMethodWorker.java:129)<br />
              org.testng.internal.TestMethodWorker.run(TestMethodWorker.java:112)<br />
              org.testng.TestRunner.privateRun(TestRunner.java:778)<br />
              org.testng.TestRunner.run(TestRunner.java:632)<br />
              org.testng.SuiteRunner.runTest(SuiteRunner.java:366)<br />
              org.testng.SuiteRunner.runSequentially(SuiteRunner.java:361)<br />
              org.testng.SuiteRunner.privateRun(SuiteRunner.java:319)<br />
              org.testng.SuiteRunner.run(SuiteRunner.java:268)<br />
              org.testng.SuiteRunnerWorker.runSuite(SuiteRunnerWorker.java:52)<br />
              org.testng.SuiteRunnerWorker.run(SuiteRunnerWorker.java:86)<br />
              org.testng.TestNG.runSuitesSequentially(TestNG.java:1222)<br />
              org.testng.TestNG.runSuitesLocally(TestNG.java:1147)<br />
              org.testng.TestNG.runSuites(TestNG.java:1072)<br />
              org.testng.TestNG.run(TestNG.java:1044)<br />
              org.testng.remote.AbstractRemoteTestNG.run(AbstractRemoteTestNG.java:126)<br />
              org.testng.remote.RemoteTestNG.initAndRun(RemoteTestNG.java:137)<br />
              org.testng.remote.RemoteTestNG.main(RemoteTestNG.java:58)<br />
                    <b>Caused by: </b> <a href="javascript:toggleElement('exception-16', 'block')" title="Click to expand/collapse">org.openqa.selenium.TimeoutException: Timed out after 5 seconds waiting for element to be clickable: By.xpath: .//a[@onclick=&apos;doPrint()&apos;]<br/>
Build info: version: &apos;2.41.0&apos;, revision: &apos;3192d8a6c4449dc285928ba024779344f5423c58&apos;, time: &apos;2014-03-27 11:29:39&apos;<br/>
System info: host: &apos;dwk-pc&apos;, ip: &apos;192.168.56.1&apos;, os.name: &apos;Windows 7&apos;, os.arch: &apos;amd64&apos;, os.version: &apos;6.1&apos;, java.version: &apos;1.8.0_77&apos;<br/>
Driver info: org.openqa.selenium.firefox.FirefoxDriver<br/>
Capabilities [{applicationCacheEnabled=true, rotatable=false, handlesAlerts=true, databaseEnabled=true, version=19.0, platform=WINDOWS, browserConnectionEnabled=true, nativeEvents=false, acceptSslCerts=true, webStorageEnabled=true, locationContextEnabled=true, browserName=firefox, takesScreenshot=true, javascriptEnabled=true, cssSelectorsEnabled=true}]<br/>
Session ID: fe7368c0-5a6f-49d8-8944-4ac81fb3e2f5</a><br />
        <div class="stackTrace" id="exception-16">
                      org.openqa.selenium.support.ui.WebDriverWait.timeoutException(WebDriverWait.java:80)<br />
                      org.openqa.selenium.support.ui.FluentWait.until(FluentWait.java:261)<br />
                      com.dzf.test.model.Handler.click(Handler.java:219)<br />
                      com.dzf.test.page.accounting.科目账表.科目汇总表Page.print(科目汇总表Page.java:53)<br />
                      com.dzf.test.testscenery.TestScenery2.test科目汇总表(TestScenery2.java:493)<br />
                      sun.reflect.NativeMethodAccessorImpl.invoke0(Native Method)<br />
                      sun.reflect.NativeMethodAccessorImpl.invoke(NativeMethodAccessorImpl.java:62)<br />
                      sun.reflect.DelegatingMethodAccessorImpl.invoke(DelegatingMethodAccessorImpl.java:43)<br />
                      java.lang.reflect.Method.invoke(Method.java:498)<br />
                      org.testng.internal.MethodInvocationHelper.invokeMethod(MethodInvocationHelper.java:86)<br />
                      org.testng.internal.Invoker.invokeMethod(Invoker.java:647)<br />
                      org.testng.internal.Invoker.invokeTestMethod(Invoker.java:824)<br />
                      org.testng.internal.Invoker.invokeTestMethods(Invoker.java:1132)<br />
                      org.testng.internal.TestMethodWorker.invokeTestMethods(TestMethodWorker.java:129)<br />
                      org.testng.internal.TestMethodWorker.run(TestMethodWorker.java:112)<br />
                      org.testng.TestRunner.privateRun(TestRunner.java:778)<br />
                      org.testng.TestRunner.run(TestRunner.java:632)<br />
                      org.testng.SuiteRunner.runTest(SuiteRunner.java:366)<br />
                      org.testng.SuiteRunner.runSequentially(SuiteRunner.java:361)<br />
                      org.testng.SuiteRunner.privateRun(SuiteRunner.java:319)<br />
                      org.testng.SuiteRunner.run(SuiteRunner.java:268)<br />
                      org.testng.SuiteRunnerWorker.runSuite(SuiteRunnerWorker.java:52)<br />
                      org.testng.SuiteRunnerWorker.run(SuiteRunnerWorker.java:86)<br />
                      org.testng.TestNG.runSuitesSequentially(TestNG.java:1222)<br />
                      org.testng.TestNG.runSuitesLocally(TestNG.java:1147)<br />
                      org.testng.TestNG.runSuites(TestNG.java:1072)<br />
                      org.testng.TestNG.run(TestNG.java:1044)<br />
                      org.testng.remote.AbstractRemoteTestNG.run(AbstractRemoteTestNG.java:126)<br />
                      org.testng.remote.RemoteTestNG.initAndRun(RemoteTestNG.java:137)<br />
                      org.testng.remote.RemoteTestNG.main(RemoteTestNG.java:58)<br />
                  </div>
          </div>
      </td>
  
      
<!-- 开发版 -->
	<td class="log">
			    	    
	    <div class="testOutput">
										   
																		1. 没有找到：科目汇总表，关闭失败！<br/>
																		   
																		2. 点击：科目汇总表悬浮<br/>
																		   
																		3. 点击：查询按钮<br/>
																		   
																		4. 点击：查询面板-确定按钮<br/>
																		   
																		5. 点击：打印按钮<br/>
																		   
																		6. 点击：打印面板-打印按钮<br/>
																		   
																		7. 点击：打印面板-打印按钮失败！<br/>
																		   
																		8. 【打印面板-打印按钮】 点击失败！<br/>
																		   
																		9. 查询科目汇总表失败！<br/>
																		   
																														    </div>
			</td>

<!--	
    
 -->
    <td class="screenshot">
                      <div class="screenshotimage" width="100%">
                                                  		        		                      
                                                                    		        		                      
                                                                    		        		                      
                                                                    		        		                      
                                                                    		        		                      
                                                                    		        		                      
                                                                    		        		                      
                                                                    		        		                      
                                                                    		        		                      
                                                                    		        			<a href='file:\E:\EclipseWorkspace\大账房-auto\test-output\snapshot\20160506_161206_test科目汇总表.png'><img src='file:\E:\EclipseWorkspace\大账房-auto\test-output\snapshot\20160506_161206_test科目汇总表.png' width='250' height='150'/></a><br/>
	        		                      
                                          </div>
      	</td>

  
</tr>
<tr style="max-height:300px">
  <td class="method">
            
    test利润表季报 &#40;26.585s&#41;
    
  </td>
  
  <td class="testdescription">
  	    
      </td>
  
 <!--
  <td class="testdata">
     </td>
-->

  <td class="result" style="max-height:300px">
        
        
        <a href="javascript:toggleElement('exception-17', 'block')" title="Click to expand/collapse"><b>com.dzf.test.util.MyException: 【打印面板-打印按钮】 点击失败！</b></a><br />
    <div class="stackTrace" id="exception-17">
              com.dzf.test.model.Handler.click(Handler.java:229)<br />
              com.dzf.test.page.accounting.财务账表.利润表季报page.print(利润表季报page.java:53)<br />
              com.dzf.test.testscenery.TestScenery2.test利润表季报(TestScenery2.java:541)<br />
              sun.reflect.NativeMethodAccessorImpl.invoke0(Native Method)<br />
              sun.reflect.NativeMethodAccessorImpl.invoke(NativeMethodAccessorImpl.java:62)<br />
              sun.reflect.DelegatingMethodAccessorImpl.invoke(DelegatingMethodAccessorImpl.java:43)<br />
              java.lang.reflect.Method.invoke(Method.java:498)<br />
              org.testng.internal.MethodInvocationHelper.invokeMethod(MethodInvocationHelper.java:86)<br />
              org.testng.internal.Invoker.invokeMethod(Invoker.java:647)<br />
              org.testng.internal.Invoker.invokeTestMethod(Invoker.java:824)<br />
              org.testng.internal.Invoker.invokeTestMethods(Invoker.java:1132)<br />
              org.testng.internal.TestMethodWorker.invokeTestMethods(TestMethodWorker.java:129)<br />
              org.testng.internal.TestMethodWorker.run(TestMethodWorker.java:112)<br />
              org.testng.TestRunner.privateRun(TestRunner.java:778)<br />
              org.testng.TestRunner.run(TestRunner.java:632)<br />
              org.testng.SuiteRunner.runTest(SuiteRunner.java:366)<br />
              org.testng.SuiteRunner.runSequentially(SuiteRunner.java:361)<br />
              org.testng.SuiteRunner.privateRun(SuiteRunner.java:319)<br />
              org.testng.SuiteRunner.run(SuiteRunner.java:268)<br />
              org.testng.SuiteRunnerWorker.runSuite(SuiteRunnerWorker.java:52)<br />
              org.testng.SuiteRunnerWorker.run(SuiteRunnerWorker.java:86)<br />
              org.testng.TestNG.runSuitesSequentially(TestNG.java:1222)<br />
              org.testng.TestNG.runSuitesLocally(TestNG.java:1147)<br />
              org.testng.TestNG.runSuites(TestNG.java:1072)<br />
              org.testng.TestNG.run(TestNG.java:1044)<br />
              org.testng.remote.AbstractRemoteTestNG.run(AbstractRemoteTestNG.java:126)<br />
              org.testng.remote.RemoteTestNG.initAndRun(RemoteTestNG.java:137)<br />
              org.testng.remote.RemoteTestNG.main(RemoteTestNG.java:58)<br />
                    <b>Caused by: </b> <a href="javascript:toggleElement('exception-18', 'block')" title="Click to expand/collapse">org.openqa.selenium.TimeoutException: Timed out after 5 seconds waiting for element to be clickable: By.xpath: .//a[@onclick=&apos;doPrint()&apos;]<br/>
Build info: version: &apos;2.41.0&apos;, revision: &apos;3192d8a6c4449dc285928ba024779344f5423c58&apos;, time: &apos;2014-03-27 11:29:39&apos;<br/>
System info: host: &apos;dwk-pc&apos;, ip: &apos;192.168.56.1&apos;, os.name: &apos;Windows 7&apos;, os.arch: &apos;amd64&apos;, os.version: &apos;6.1&apos;, java.version: &apos;1.8.0_77&apos;<br/>
Driver info: org.openqa.selenium.firefox.FirefoxDriver<br/>
Capabilities [{applicationCacheEnabled=true, rotatable=false, handlesAlerts=true, databaseEnabled=true, version=19.0, platform=WINDOWS, browserConnectionEnabled=true, nativeEvents=false, acceptSslCerts=true, webStorageEnabled=true, locationContextEnabled=true, browserName=firefox, takesScreenshot=true, javascriptEnabled=true, cssSelectorsEnabled=true}]<br/>
Session ID: fe7368c0-5a6f-49d8-8944-4ac81fb3e2f5</a><br />
        <div class="stackTrace" id="exception-18">
                      org.openqa.selenium.support.ui.WebDriverWait.timeoutException(WebDriverWait.java:80)<br />
                      org.openqa.selenium.support.ui.FluentWait.until(FluentWait.java:261)<br />
                      com.dzf.test.model.Handler.click(Handler.java:219)<br />
                      com.dzf.test.page.accounting.财务账表.利润表季报page.print(利润表季报page.java:53)<br />
                      com.dzf.test.testscenery.TestScenery2.test利润表季报(TestScenery2.java:541)<br />
                      sun.reflect.NativeMethodAccessorImpl.invoke0(Native Method)<br />
                      sun.reflect.NativeMethodAccessorImpl.invoke(NativeMethodAccessorImpl.java:62)<br />
                      sun.reflect.DelegatingMethodAccessorImpl.invoke(DelegatingMethodAccessorImpl.java:43)<br />
                      java.lang.reflect.Method.invoke(Method.java:498)<br />
                      org.testng.internal.MethodInvocationHelper.invokeMethod(MethodInvocationHelper.java:86)<br />
                      org.testng.internal.Invoker.invokeMethod(Invoker.java:647)<br />
                      org.testng.internal.Invoker.invokeTestMethod(Invoker.java:824)<br />
                      org.testng.internal.Invoker.invokeTestMethods(Invoker.java:1132)<br />
                      org.testng.internal.TestMethodWorker.invokeTestMethods(TestMethodWorker.java:129)<br />
                      org.testng.internal.TestMethodWorker.run(TestMethodWorker.java:112)<br />
                      org.testng.TestRunner.privateRun(TestRunner.java:778)<br />
                      org.testng.TestRunner.run(TestRunner.java:632)<br />
                      org.testng.SuiteRunner.runTest(SuiteRunner.java:366)<br />
                      org.testng.SuiteRunner.runSequentially(SuiteRunner.java:361)<br />
                      org.testng.SuiteRunner.privateRun(SuiteRunner.java:319)<br />
                      org.testng.SuiteRunner.run(SuiteRunner.java:268)<br />
                      org.testng.SuiteRunnerWorker.runSuite(SuiteRunnerWorker.java:52)<br />
                      org.testng.SuiteRunnerWorker.run(SuiteRunnerWorker.java:86)<br />
                      org.testng.TestNG.runSuitesSequentially(TestNG.java:1222)<br />
                      org.testng.TestNG.runSuitesLocally(TestNG.java:1147)<br />
                      org.testng.TestNG.runSuites(TestNG.java:1072)<br />
                      org.testng.TestNG.run(TestNG.java:1044)<br />
                      org.testng.remote.AbstractRemoteTestNG.run(AbstractRemoteTestNG.java:126)<br />
                      org.testng.remote.RemoteTestNG.initAndRun(RemoteTestNG.java:137)<br />
                      org.testng.remote.RemoteTestNG.main(RemoteTestNG.java:58)<br />
                  </div>
          </div>
      </td>
  
      
<!-- 开发版 -->
	<td class="log">
			    	    
	    <div class="testOutput">
										   
																		1. 没有找到：利润表季报，关闭失败！<br/>
																		   
																		2. 点击：利润表季报悬浮<br/>
																		   
																		3. 点击：查询按钮<br/>
																		   
																		4. 点击：查询面板-确定按钮<br/>
																		   
																		5. 点击：打印按钮<br/>
																		   
																		6. 点击：打印面板-打印按钮<br/>
																		   
																		7. 点击：打印面板-打印按钮失败！<br/>
																		   
																		8. 【打印面板-打印按钮】 点击失败！<br/>
																		   
																		9. 查询利润表季报失败！<br/>
																		   
																														    </div>
			</td>

<!--	
    
 -->
    <td class="screenshot">
                      <div class="screenshotimage" width="100%">
                                                  		        		                      
                                                                    		        		                      
                                                                    		        		                      
                                                                    		        		                      
                                                                    		        		                      
                                                                    		        		                      
                                                                    		        		                      
                                                                    		        		                      
                                                                    		        		                      
                                                                    		        			<a href='file:\E:\EclipseWorkspace\大账房-auto\test-output\snapshot\20160506_161314_test利润表季报.png'><img src='file:\E:\EclipseWorkspace\大账房-auto\test-output\snapshot\20160506_161314_test利润表季报.png' width='250' height='150'/></a><br/>
	        		                      
                                          </div>
      	</td>

  
</tr>
<tr style="max-height:300px">
  <td class="method">
            
    test利润表 &#40;18.355s&#41;
    
  </td>
  
  <td class="testdescription">
  	    
      </td>
  
 <!--
  <td class="testdata">
     </td>
-->

  <td class="result" style="max-height:300px">
        
        
        <a href="javascript:toggleElement('exception-19', 'block')" title="Click to expand/collapse"><b>com.dzf.test.util.MyException: 【利润表悬浮】 点击失败！</b></a><br />
    <div class="stackTrace" id="exception-19">
              com.dzf.test.model.Handler.click(Handler.java:229)<br />
              com.dzf.test.page.accounting.AccountingMainPage.openFrame(AccountingMainPage.java:1126)<br />
              com.dzf.test.testscenery.TestScenery2.test利润表(TestScenery2.java:555)<br />
              sun.reflect.NativeMethodAccessorImpl.invoke0(Native Method)<br />
              sun.reflect.NativeMethodAccessorImpl.invoke(NativeMethodAccessorImpl.java:62)<br />
              sun.reflect.DelegatingMethodAccessorImpl.invoke(DelegatingMethodAccessorImpl.java:43)<br />
              java.lang.reflect.Method.invoke(Method.java:498)<br />
              org.testng.internal.MethodInvocationHelper.invokeMethod(MethodInvocationHelper.java:86)<br />
              org.testng.internal.Invoker.invokeMethod(Invoker.java:647)<br />
              org.testng.internal.Invoker.invokeTestMethod(Invoker.java:824)<br />
              org.testng.internal.Invoker.invokeTestMethods(Invoker.java:1132)<br />
              org.testng.internal.TestMethodWorker.invokeTestMethods(TestMethodWorker.java:129)<br />
              org.testng.internal.TestMethodWorker.run(TestMethodWorker.java:112)<br />
              org.testng.TestRunner.privateRun(TestRunner.java:778)<br />
              org.testng.TestRunner.run(TestRunner.java:632)<br />
              org.testng.SuiteRunner.runTest(SuiteRunner.java:366)<br />
              org.testng.SuiteRunner.runSequentially(SuiteRunner.java:361)<br />
              org.testng.SuiteRunner.privateRun(SuiteRunner.java:319)<br />
              org.testng.SuiteRunner.run(SuiteRunner.java:268)<br />
              org.testng.SuiteRunnerWorker.runSuite(SuiteRunnerWorker.java:52)<br />
              org.testng.SuiteRunnerWorker.run(SuiteRunnerWorker.java:86)<br />
              org.testng.TestNG.runSuitesSequentially(TestNG.java:1222)<br />
              org.testng.TestNG.runSuitesLocally(TestNG.java:1147)<br />
              org.testng.TestNG.runSuites(TestNG.java:1072)<br />
              org.testng.TestNG.run(TestNG.java:1044)<br />
              org.testng.remote.AbstractRemoteTestNG.run(AbstractRemoteTestNG.java:126)<br />
              org.testng.remote.RemoteTestNG.initAndRun(RemoteTestNG.java:137)<br />
              org.testng.remote.RemoteTestNG.main(RemoteTestNG.java:58)<br />
                    <b>Caused by: </b> <a href="javascript:toggleElement('exception-20', 'block')" title="Click to expand/collapse">org.openqa.selenium.TimeoutException: Timed out after 5 seconds waiting for element to be clickable: By.id: 利润表<br/>
Build info: version: &apos;2.41.0&apos;, revision: &apos;3192d8a6c4449dc285928ba024779344f5423c58&apos;, time: &apos;2014-03-27 11:29:39&apos;<br/>
System info: host: &apos;dwk-pc&apos;, ip: &apos;192.168.56.1&apos;, os.name: &apos;Windows 7&apos;, os.arch: &apos;amd64&apos;, os.version: &apos;6.1&apos;, java.version: &apos;1.8.0_77&apos;<br/>
Driver info: org.openqa.selenium.firefox.FirefoxDriver<br/>
Capabilities [{applicationCacheEnabled=true, rotatable=false, handlesAlerts=true, databaseEnabled=true, version=19.0, platform=WINDOWS, browserConnectionEnabled=true, nativeEvents=false, acceptSslCerts=true, webStorageEnabled=true, locationContextEnabled=true, browserName=firefox, takesScreenshot=true, javascriptEnabled=true, cssSelectorsEnabled=true}]<br/>
Session ID: fe7368c0-5a6f-49d8-8944-4ac81fb3e2f5</a><br />
        <div class="stackTrace" id="exception-20">
                      org.openqa.selenium.support.ui.WebDriverWait.timeoutException(WebDriverWait.java:80)<br />
                      org.openqa.selenium.support.ui.FluentWait.until(FluentWait.java:261)<br />
                      com.dzf.test.model.Handler.click(Handler.java:219)<br />
                      com.dzf.test.page.accounting.AccountingMainPage.openFrame(AccountingMainPage.java:1126)<br />
                      com.dzf.test.testscenery.TestScenery2.test利润表(TestScenery2.java:555)<br />
                      sun.reflect.NativeMethodAccessorImpl.invoke0(Native Method)<br />
                      sun.reflect.NativeMethodAccessorImpl.invoke(NativeMethodAccessorImpl.java:62)<br />
                      sun.reflect.DelegatingMethodAccessorImpl.invoke(DelegatingMethodAccessorImpl.java:43)<br />
                      java.lang.reflect.Method.invoke(Method.java:498)<br />
                      org.testng.internal.MethodInvocationHelper.invokeMethod(MethodInvocationHelper.java:86)<br />
                      org.testng.internal.Invoker.invokeMethod(Invoker.java:647)<br />
                      org.testng.internal.Invoker.invokeTestMethod(Invoker.java:824)<br />
                      org.testng.internal.Invoker.invokeTestMethods(Invoker.java:1132)<br />
                      org.testng.internal.TestMethodWorker.invokeTestMethods(TestMethodWorker.java:129)<br />
                      org.testng.internal.TestMethodWorker.run(TestMethodWorker.java:112)<br />
                      org.testng.TestRunner.privateRun(TestRunner.java:778)<br />
                      org.testng.TestRunner.run(TestRunner.java:632)<br />
                      org.testng.SuiteRunner.runTest(SuiteRunner.java:366)<br />
                      org.testng.SuiteRunner.runSequentially(SuiteRunner.java:361)<br />
                      org.testng.SuiteRunner.privateRun(SuiteRunner.java:319)<br />
                      org.testng.SuiteRunner.run(SuiteRunner.java:268)<br />
                      org.testng.SuiteRunnerWorker.runSuite(SuiteRunnerWorker.java:52)<br />
                      org.testng.SuiteRunnerWorker.run(SuiteRunnerWorker.java:86)<br />
                      org.testng.TestNG.runSuitesSequentially(TestNG.java:1222)<br />
                      org.testng.TestNG.runSuitesLocally(TestNG.java:1147)<br />
                      org.testng.TestNG.runSuites(TestNG.java:1072)<br />
                      org.testng.TestNG.run(TestNG.java:1044)<br />
                      org.testng.remote.AbstractRemoteTestNG.run(AbstractRemoteTestNG.java:126)<br />
                      org.testng.remote.RemoteTestNG.initAndRun(RemoteTestNG.java:137)<br />
                      org.testng.remote.RemoteTestNG.main(RemoteTestNG.java:58)<br />
                  </div>
          </div>
      </td>
  
      
<!-- 开发版 -->
	<td class="log">
			    	    
	    <div class="testOutput">
										   
																		1. 没有找到：利润表，关闭失败！<br/>
																		   
																		2. 点击：利润表悬浮<br/>
																		   
																		3. 点击：利润表悬浮失败！<br/>
																		   
																		4. 【利润表悬浮】 点击失败！<br/>
																		   
																		5. 查询利润表失败！<br/>
																		   
																														    </div>
			</td>

<!--	
    
 -->
    <td class="screenshot">
                      <div class="screenshotimage" width="100%">
                                                  		        		                      
                                                                    		        		                      
                                                                    		        		                      
                                                                    		        		                      
                                                                    		        		                      
                                                                    		        			<a href='file:\E:\EclipseWorkspace\大账房-auto\test-output\snapshot\20160506_161332_test利润表.png'><img src='file:\E:\EclipseWorkspace\大账房-auto\test-output\snapshot\20160506_161332_test利润表.png' width='250' height='150'/></a><br/>
	        		                      
                                          </div>
      	</td>

  
</tr>
<tr style="max-height:300px">
  <td class="method">
            
    test现金流量表 &#40;18.234s&#41;
    
  </td>
  
  <td class="testdescription">
  	    
      </td>
  
 <!--
  <td class="testdata">
     </td>
-->

  <td class="result" style="max-height:300px">
        
        
        <a href="javascript:toggleElement('exception-21', 'block')" title="Click to expand/collapse"><b>com.dzf.test.util.MyException: 【现金流量表悬浮】 点击失败！</b></a><br />
    <div class="stackTrace" id="exception-21">
              com.dzf.test.model.Handler.click(Handler.java:229)<br />
              com.dzf.test.page.accounting.AccountingMainPage.openFrame(AccountingMainPage.java:1126)<br />
              com.dzf.test.testscenery.TestScenery2.test现金流量表(TestScenery2.java:590)<br />
              sun.reflect.NativeMethodAccessorImpl.invoke0(Native Method)<br />
              sun.reflect.NativeMethodAccessorImpl.invoke(NativeMethodAccessorImpl.java:62)<br />
              sun.reflect.DelegatingMethodAccessorImpl.invoke(DelegatingMethodAccessorImpl.java:43)<br />
              java.lang.reflect.Method.invoke(Method.java:498)<br />
              org.testng.internal.MethodInvocationHelper.invokeMethod(MethodInvocationHelper.java:86)<br />
              org.testng.internal.Invoker.invokeMethod(Invoker.java:647)<br />
              org.testng.internal.Invoker.invokeTestMethod(Invoker.java:824)<br />
              org.testng.internal.Invoker.invokeTestMethods(Invoker.java:1132)<br />
              org.testng.internal.TestMethodWorker.invokeTestMethods(TestMethodWorker.java:129)<br />
              org.testng.internal.TestMethodWorker.run(TestMethodWorker.java:112)<br />
              org.testng.TestRunner.privateRun(TestRunner.java:778)<br />
              org.testng.TestRunner.run(TestRunner.java:632)<br />
              org.testng.SuiteRunner.runTest(SuiteRunner.java:366)<br />
              org.testng.SuiteRunner.runSequentially(SuiteRunner.java:361)<br />
              org.testng.SuiteRunner.privateRun(SuiteRunner.java:319)<br />
              org.testng.SuiteRunner.run(SuiteRunner.java:268)<br />
              org.testng.SuiteRunnerWorker.runSuite(SuiteRunnerWorker.java:52)<br />
              org.testng.SuiteRunnerWorker.run(SuiteRunnerWorker.java:86)<br />
              org.testng.TestNG.runSuitesSequentially(TestNG.java:1222)<br />
              org.testng.TestNG.runSuitesLocally(TestNG.java:1147)<br />
              org.testng.TestNG.runSuites(TestNG.java:1072)<br />
              org.testng.TestNG.run(TestNG.java:1044)<br />
              org.testng.remote.AbstractRemoteTestNG.run(AbstractRemoteTestNG.java:126)<br />
              org.testng.remote.RemoteTestNG.initAndRun(RemoteTestNG.java:137)<br />
              org.testng.remote.RemoteTestNG.main(RemoteTestNG.java:58)<br />
                    <b>Caused by: </b> <a href="javascript:toggleElement('exception-22', 'block')" title="Click to expand/collapse">org.openqa.selenium.TimeoutException: Timed out after 5 seconds waiting for element to be clickable: By.id: 现金流量表<br/>
Build info: version: &apos;2.41.0&apos;, revision: &apos;3192d8a6c4449dc285928ba024779344f5423c58&apos;, time: &apos;2014-03-27 11:29:39&apos;<br/>
System info: host: &apos;dwk-pc&apos;, ip: &apos;192.168.56.1&apos;, os.name: &apos;Windows 7&apos;, os.arch: &apos;amd64&apos;, os.version: &apos;6.1&apos;, java.version: &apos;1.8.0_77&apos;<br/>
Driver info: org.openqa.selenium.firefox.FirefoxDriver<br/>
Capabilities [{applicationCacheEnabled=true, rotatable=false, handlesAlerts=true, databaseEnabled=true, version=19.0, platform=WINDOWS, browserConnectionEnabled=true, nativeEvents=false, acceptSslCerts=true, webStorageEnabled=true, locationContextEnabled=true, browserName=firefox, takesScreenshot=true, javascriptEnabled=true, cssSelectorsEnabled=true}]<br/>
Session ID: fe7368c0-5a6f-49d8-8944-4ac81fb3e2f5</a><br />
        <div class="stackTrace" id="exception-22">
                      org.openqa.selenium.support.ui.WebDriverWait.timeoutException(WebDriverWait.java:80)<br />
                      org.openqa.selenium.support.ui.FluentWait.until(FluentWait.java:261)<br />
                      com.dzf.test.model.Handler.click(Handler.java:219)<br />
                      com.dzf.test.page.accounting.AccountingMainPage.openFrame(AccountingMainPage.java:1126)<br />
                      com.dzf.test.testscenery.TestScenery2.test现金流量表(TestScenery2.java:590)<br />
                      sun.reflect.NativeMethodAccessorImpl.invoke0(Native Method)<br />
                      sun.reflect.NativeMethodAccessorImpl.invoke(NativeMethodAccessorImpl.java:62)<br />
                      sun.reflect.DelegatingMethodAccessorImpl.invoke(DelegatingMethodAccessorImpl.java:43)<br />
                      java.lang.reflect.Method.invoke(Method.java:498)<br />
                      org.testng.internal.MethodInvocationHelper.invokeMethod(MethodInvocationHelper.java:86)<br />
                      org.testng.internal.Invoker.invokeMethod(Invoker.java:647)<br />
                      org.testng.internal.Invoker.invokeTestMethod(Invoker.java:824)<br />
                      org.testng.internal.Invoker.invokeTestMethods(Invoker.java:1132)<br />
                      org.testng.internal.TestMethodWorker.invokeTestMethods(TestMethodWorker.java:129)<br />
                      org.testng.internal.TestMethodWorker.run(TestMethodWorker.java:112)<br />
                      org.testng.TestRunner.privateRun(TestRunner.java:778)<br />
                      org.testng.TestRunner.run(TestRunner.java:632)<br />
                      org.testng.SuiteRunner.runTest(SuiteRunner.java:366)<br />
                      org.testng.SuiteRunner.runSequentially(SuiteRunner.java:361)<br />
                      org.testng.SuiteRunner.privateRun(SuiteRunner.java:319)<br />
                      org.testng.SuiteRunner.run(SuiteRunner.java:268)<br />
                      org.testng.SuiteRunnerWorker.runSuite(SuiteRunnerWorker.java:52)<br />
                      org.testng.SuiteRunnerWorker.run(SuiteRunnerWorker.java:86)<br />
                      org.testng.TestNG.runSuitesSequentially(TestNG.java:1222)<br />
                      org.testng.TestNG.runSuitesLocally(TestNG.java:1147)<br />
                      org.testng.TestNG.runSuites(TestNG.java:1072)<br />
                      org.testng.TestNG.run(TestNG.java:1044)<br />
                      org.testng.remote.AbstractRemoteTestNG.run(AbstractRemoteTestNG.java:126)<br />
                      org.testng.remote.RemoteTestNG.initAndRun(RemoteTestNG.java:137)<br />
                      org.testng.remote.RemoteTestNG.main(RemoteTestNG.java:58)<br />
                  </div>
          </div>
      </td>
  
      
<!-- 开发版 -->
	<td class="log">
			    	    
	    <div class="testOutput">
										   
																		1. 没有找到：现金流量表，关闭失败！<br/>
																		   
																		2. 点击：现金流量表悬浮<br/>
																		   
																		3. 点击：现金流量表悬浮失败！<br/>
																		   
																		4. 【现金流量表悬浮】 点击失败！<br/>
																		   
																		5. 查询现金流量表失败！<br/>
																		   
																														    </div>
			</td>

<!--	
    
 -->
    <td class="screenshot">
                      <div class="screenshotimage" width="100%">
                                                  		        		                      
                                                                    		        		                      
                                                                    		        		                      
                                                                    		        		                      
                                                                    		        		                      
                                                                    		        			<a href='file:\E:\EclipseWorkspace\大账房-auto\test-output\snapshot\20160506_161350_test现金流量表.png'><img src='file:\E:\EclipseWorkspace\大账房-auto\test-output\snapshot\20160506_161350_test现金流量表.png' width='250' height='150'/></a><br/>
	        		                      
                                          </div>
      	</td>

  
</tr>
<tr style="max-height:300px">
  <td class="method">
            
    test增值税和营业税月度申报对比表 &#40;18.437s&#41;
    
  </td>
  
  <td class="testdescription">
  	    
      </td>
  
 <!--
  <td class="testdata">
     </td>
-->

  <td class="result" style="max-height:300px">
        
        
        <a href="javascript:toggleElement('exception-23', 'block')" title="Click to expand/collapse"><b>com.dzf.test.util.MyException: 【增值税和营业税月度申报对比表悬浮】 点击失败！</b></a><br />
    <div class="stackTrace" id="exception-23">
              com.dzf.test.model.Handler.click(Handler.java:229)<br />
              com.dzf.test.page.accounting.AccountingMainPage.openFrame(AccountingMainPage.java:1126)<br />
              com.dzf.test.testscenery.TestScenery2.test增值税和营业税月度申报对比表(TestScenery2.java:627)<br />
              sun.reflect.NativeMethodAccessorImpl.invoke0(Native Method)<br />
              sun.reflect.NativeMethodAccessorImpl.invoke(NativeMethodAccessorImpl.java:62)<br />
              sun.reflect.DelegatingMethodAccessorImpl.invoke(DelegatingMethodAccessorImpl.java:43)<br />
              java.lang.reflect.Method.invoke(Method.java:498)<br />
              org.testng.internal.MethodInvocationHelper.invokeMethod(MethodInvocationHelper.java:86)<br />
              org.testng.internal.Invoker.invokeMethod(Invoker.java:647)<br />
              org.testng.internal.Invoker.invokeTestMethod(Invoker.java:824)<br />
              org.testng.internal.Invoker.invokeTestMethods(Invoker.java:1132)<br />
              org.testng.internal.TestMethodWorker.invokeTestMethods(TestMethodWorker.java:129)<br />
              org.testng.internal.TestMethodWorker.run(TestMethodWorker.java:112)<br />
              org.testng.TestRunner.privateRun(TestRunner.java:778)<br />
              org.testng.TestRunner.run(TestRunner.java:632)<br />
              org.testng.SuiteRunner.runTest(SuiteRunner.java:366)<br />
              org.testng.SuiteRunner.runSequentially(SuiteRunner.java:361)<br />
              org.testng.SuiteRunner.privateRun(SuiteRunner.java:319)<br />
              org.testng.SuiteRunner.run(SuiteRunner.java:268)<br />
              org.testng.SuiteRunnerWorker.runSuite(SuiteRunnerWorker.java:52)<br />
              org.testng.SuiteRunnerWorker.run(SuiteRunnerWorker.java:86)<br />
              org.testng.TestNG.runSuitesSequentially(TestNG.java:1222)<br />
              org.testng.TestNG.runSuitesLocally(TestNG.java:1147)<br />
              org.testng.TestNG.runSuites(TestNG.java:1072)<br />
              org.testng.TestNG.run(TestNG.java:1044)<br />
              org.testng.remote.AbstractRemoteTestNG.run(AbstractRemoteTestNG.java:126)<br />
              org.testng.remote.RemoteTestNG.initAndRun(RemoteTestNG.java:137)<br />
              org.testng.remote.RemoteTestNG.main(RemoteTestNG.java:58)<br />
                    <b>Caused by: </b> <a href="javascript:toggleElement('exception-24', 'block')" title="Click to expand/collapse">org.openqa.selenium.TimeoutException: Timed out after 5 seconds waiting for element to be clickable: By.id: 增值税和营业税月度申报对比表<br/>
Build info: version: &apos;2.41.0&apos;, revision: &apos;3192d8a6c4449dc285928ba024779344f5423c58&apos;, time: &apos;2014-03-27 11:29:39&apos;<br/>
System info: host: &apos;dwk-pc&apos;, ip: &apos;192.168.56.1&apos;, os.name: &apos;Windows 7&apos;, os.arch: &apos;amd64&apos;, os.version: &apos;6.1&apos;, java.version: &apos;1.8.0_77&apos;<br/>
Driver info: org.openqa.selenium.firefox.FirefoxDriver<br/>
Capabilities [{applicationCacheEnabled=true, rotatable=false, handlesAlerts=true, databaseEnabled=true, version=19.0, platform=WINDOWS, browserConnectionEnabled=true, nativeEvents=false, acceptSslCerts=true, webStorageEnabled=true, locationContextEnabled=true, browserName=firefox, takesScreenshot=true, javascriptEnabled=true, cssSelectorsEnabled=true}]<br/>
Session ID: fe7368c0-5a6f-49d8-8944-4ac81fb3e2f5</a><br />
        <div class="stackTrace" id="exception-24">
                      org.openqa.selenium.support.ui.WebDriverWait.timeoutException(WebDriverWait.java:80)<br />
                      org.openqa.selenium.support.ui.FluentWait.until(FluentWait.java:261)<br />
                      com.dzf.test.model.Handler.click(Handler.java:219)<br />
                      com.dzf.test.page.accounting.AccountingMainPage.openFrame(AccountingMainPage.java:1126)<br />
                      com.dzf.test.testscenery.TestScenery2.test增值税和营业税月度申报对比表(TestScenery2.java:627)<br />
                      sun.reflect.NativeMethodAccessorImpl.invoke0(Native Method)<br />
                      sun.reflect.NativeMethodAccessorImpl.invoke(NativeMethodAccessorImpl.java:62)<br />
                      sun.reflect.DelegatingMethodAccessorImpl.invoke(DelegatingMethodAccessorImpl.java:43)<br />
                      java.lang.reflect.Method.invoke(Method.java:498)<br />
                      org.testng.internal.MethodInvocationHelper.invokeMethod(MethodInvocationHelper.java:86)<br />
                      org.testng.internal.Invoker.invokeMethod(Invoker.java:647)<br />
                      org.testng.internal.Invoker.invokeTestMethod(Invoker.java:824)<br />
                      org.testng.internal.Invoker.invokeTestMethods(Invoker.java:1132)<br />
                      org.testng.internal.TestMethodWorker.invokeTestMethods(TestMethodWorker.java:129)<br />
                      org.testng.internal.TestMethodWorker.run(TestMethodWorker.java:112)<br />
                      org.testng.TestRunner.privateRun(TestRunner.java:778)<br />
                      org.testng.TestRunner.run(TestRunner.java:632)<br />
                      org.testng.SuiteRunner.runTest(SuiteRunner.java:366)<br />
                      org.testng.SuiteRunner.runSequentially(SuiteRunner.java:361)<br />
                      org.testng.SuiteRunner.privateRun(SuiteRunner.java:319)<br />
                      org.testng.SuiteRunner.run(SuiteRunner.java:268)<br />
                      org.testng.SuiteRunnerWorker.runSuite(SuiteRunnerWorker.java:52)<br />
                      org.testng.SuiteRunnerWorker.run(SuiteRunnerWorker.java:86)<br />
                      org.testng.TestNG.runSuitesSequentially(TestNG.java:1222)<br />
                      org.testng.TestNG.runSuitesLocally(TestNG.java:1147)<br />
                      org.testng.TestNG.runSuites(TestNG.java:1072)<br />
                      org.testng.TestNG.run(TestNG.java:1044)<br />
                      org.testng.remote.AbstractRemoteTestNG.run(AbstractRemoteTestNG.java:126)<br />
                      org.testng.remote.RemoteTestNG.initAndRun(RemoteTestNG.java:137)<br />
                      org.testng.remote.RemoteTestNG.main(RemoteTestNG.java:58)<br />
                  </div>
          </div>
      </td>
  
      
<!-- 开发版 -->
	<td class="log">
			    	    
	    <div class="testOutput">
										   
																		1. 没有找到：增值税和营业税月度申报对比表，关闭失败！<br/>
																		   
																		2. 点击：增值税和营业税月度申报对比表悬浮<br/>
																		   
																		3. 点击：增值税和营业税月度申报对比表悬浮失败！<br/>
																		   
																		4. 【增值税和营业税月度申报对比表悬浮】 点击失败！<br/>
																		   
																		5. 查询增值税和营业税月度申报对比表失败！<br/>
																		   
																														    </div>
			</td>

<!--	
    
 -->
    <td class="screenshot">
                      <div class="screenshotimage" width="100%">
                                                  		        		                      
                                                                    		        		                      
                                                                    		        		                      
                                                                    		        		                      
                                                                    		        		                      
                                                                    		        			<a href='file:\E:\EclipseWorkspace\大账房-auto\test-output\snapshot\20160506_161409_test增值税和营业税月度申报对比表.png'><img src='file:\E:\EclipseWorkspace\大账房-auto\test-output\snapshot\20160506_161409_test增值税和营业税月度申报对比表.png' width='250' height='150'/></a><br/>
	        		                      
                                          </div>
      	</td>

  
</tr>
<tr style="max-height:300px">
  <td class="method">
            
    test资产负债表 &#40;18.288s&#41;
    
  </td>
  
  <td class="testdescription">
  	    
      </td>
  
 <!--
  <td class="testdata">
     </td>
-->

  <td class="result" style="max-height:300px">
        
        
        <a href="javascript:toggleElement('exception-25', 'block')" title="Click to expand/collapse"><b>com.dzf.test.util.MyException: 【资产负债表悬浮】 点击失败！</b></a><br />
    <div class="stackTrace" id="exception-25">
              com.dzf.test.model.Handler.click(Handler.java:229)<br />
              com.dzf.test.page.accounting.AccountingMainPage.openFrame(AccountingMainPage.java:1126)<br />
              com.dzf.test.testscenery.TestScenery2.test资产负债表(TestScenery2.java:641)<br />
              sun.reflect.NativeMethodAccessorImpl.invoke0(Native Method)<br />
              sun.reflect.NativeMethodAccessorImpl.invoke(NativeMethodAccessorImpl.java:62)<br />
              sun.reflect.DelegatingMethodAccessorImpl.invoke(DelegatingMethodAccessorImpl.java:43)<br />
              java.lang.reflect.Method.invoke(Method.java:498)<br />
              org.testng.internal.MethodInvocationHelper.invokeMethod(MethodInvocationHelper.java:86)<br />
              org.testng.internal.Invoker.invokeMethod(Invoker.java:647)<br />
              org.testng.internal.Invoker.invokeTestMethod(Invoker.java:824)<br />
              org.testng.internal.Invoker.invokeTestMethods(Invoker.java:1132)<br />
              org.testng.internal.TestMethodWorker.invokeTestMethods(TestMethodWorker.java:129)<br />
              org.testng.internal.TestMethodWorker.run(TestMethodWorker.java:112)<br />
              org.testng.TestRunner.privateRun(TestRunner.java:778)<br />
              org.testng.TestRunner.run(TestRunner.java:632)<br />
              org.testng.SuiteRunner.runTest(SuiteRunner.java:366)<br />
              org.testng.SuiteRunner.runSequentially(SuiteRunner.java:361)<br />
              org.testng.SuiteRunner.privateRun(SuiteRunner.java:319)<br />
              org.testng.SuiteRunner.run(SuiteRunner.java:268)<br />
              org.testng.SuiteRunnerWorker.runSuite(SuiteRunnerWorker.java:52)<br />
              org.testng.SuiteRunnerWorker.run(SuiteRunnerWorker.java:86)<br />
              org.testng.TestNG.runSuitesSequentially(TestNG.java:1222)<br />
              org.testng.TestNG.runSuitesLocally(TestNG.java:1147)<br />
              org.testng.TestNG.runSuites(TestNG.java:1072)<br />
              org.testng.TestNG.run(TestNG.java:1044)<br />
              org.testng.remote.AbstractRemoteTestNG.run(AbstractRemoteTestNG.java:126)<br />
              org.testng.remote.RemoteTestNG.initAndRun(RemoteTestNG.java:137)<br />
              org.testng.remote.RemoteTestNG.main(RemoteTestNG.java:58)<br />
                    <b>Caused by: </b> <a href="javascript:toggleElement('exception-26', 'block')" title="Click to expand/collapse">org.openqa.selenium.TimeoutException: Timed out after 5 seconds waiting for element to be clickable: By.id: 资产负债表<br/>
Build info: version: &apos;2.41.0&apos;, revision: &apos;3192d8a6c4449dc285928ba024779344f5423c58&apos;, time: &apos;2014-03-27 11:29:39&apos;<br/>
System info: host: &apos;dwk-pc&apos;, ip: &apos;192.168.56.1&apos;, os.name: &apos;Windows 7&apos;, os.arch: &apos;amd64&apos;, os.version: &apos;6.1&apos;, java.version: &apos;1.8.0_77&apos;<br/>
Driver info: org.openqa.selenium.firefox.FirefoxDriver<br/>
Capabilities [{applicationCacheEnabled=true, rotatable=false, handlesAlerts=true, databaseEnabled=true, version=19.0, platform=WINDOWS, browserConnectionEnabled=true, nativeEvents=false, acceptSslCerts=true, webStorageEnabled=true, locationContextEnabled=true, browserName=firefox, takesScreenshot=true, javascriptEnabled=true, cssSelectorsEnabled=true}]<br/>
Session ID: fe7368c0-5a6f-49d8-8944-4ac81fb3e2f5</a><br />
        <div class="stackTrace" id="exception-26">
                      org.openqa.selenium.support.ui.WebDriverWait.timeoutException(WebDriverWait.java:80)<br />
                      org.openqa.selenium.support.ui.FluentWait.until(FluentWait.java:261)<br />
                      com.dzf.test.model.Handler.click(Handler.java:219)<br />
                      com.dzf.test.page.accounting.AccountingMainPage.openFrame(AccountingMainPage.java:1126)<br />
                      com.dzf.test.testscenery.TestScenery2.test资产负债表(TestScenery2.java:641)<br />
                      sun.reflect.NativeMethodAccessorImpl.invoke0(Native Method)<br />
                      sun.reflect.NativeMethodAccessorImpl.invoke(NativeMethodAccessorImpl.java:62)<br />
                      sun.reflect.DelegatingMethodAccessorImpl.invoke(DelegatingMethodAccessorImpl.java:43)<br />
                      java.lang.reflect.Method.invoke(Method.java:498)<br />
                      org.testng.internal.MethodInvocationHelper.invokeMethod(MethodInvocationHelper.java:86)<br />
                      org.testng.internal.Invoker.invokeMethod(Invoker.java:647)<br />
                      org.testng.internal.Invoker.invokeTestMethod(Invoker.java:824)<br />
                      org.testng.internal.Invoker.invokeTestMethods(Invoker.java:1132)<br />
                      org.testng.internal.TestMethodWorker.invokeTestMethods(TestMethodWorker.java:129)<br />
                      org.testng.internal.TestMethodWorker.run(TestMethodWorker.java:112)<br />
                      org.testng.TestRunner.privateRun(TestRunner.java:778)<br />
                      org.testng.TestRunner.run(TestRunner.java:632)<br />
                      org.testng.SuiteRunner.runTest(SuiteRunner.java:366)<br />
                      org.testng.SuiteRunner.runSequentially(SuiteRunner.java:361)<br />
                      org.testng.SuiteRunner.privateRun(SuiteRunner.java:319)<br />
                      org.testng.SuiteRunner.run(SuiteRunner.java:268)<br />
                      org.testng.SuiteRunnerWorker.runSuite(SuiteRunnerWorker.java:52)<br />
                      org.testng.SuiteRunnerWorker.run(SuiteRunnerWorker.java:86)<br />
                      org.testng.TestNG.runSuitesSequentially(TestNG.java:1222)<br />
                      org.testng.TestNG.runSuitesLocally(TestNG.java:1147)<br />
                      org.testng.TestNG.runSuites(TestNG.java:1072)<br />
                      org.testng.TestNG.run(TestNG.java:1044)<br />
                      org.testng.remote.AbstractRemoteTestNG.run(AbstractRemoteTestNG.java:126)<br />
                      org.testng.remote.RemoteTestNG.initAndRun(RemoteTestNG.java:137)<br />
                      org.testng.remote.RemoteTestNG.main(RemoteTestNG.java:58)<br />
                  </div>
          </div>
      </td>
  
      
<!-- 开发版 -->
	<td class="log">
			    	    
	    <div class="testOutput">
										   
																		1. 没有找到：资产负债表，关闭失败！<br/>
																		   
																		2. 点击：资产负债表悬浮<br/>
																		   
																		3. 点击：资产负债表悬浮失败！<br/>
																		   
																		4. 【资产负债表悬浮】 点击失败！<br/>
																		   
																		5. 查询资产负债表失败！<br/>
																		   
																														    </div>
			</td>

<!--	
    
 -->
    <td class="screenshot">
                      <div class="screenshotimage" width="100%">
                                                  		        		                      
                                                                    		        		                      
                                                                    		        		                      
                                                                    		        		                      
                                                                    		        		                      
                                                                    		        			<a href='file:\E:\EclipseWorkspace\大账房-auto\test-output\snapshot\20160506_161427_test资产负债表.png'><img src='file:\E:\EclipseWorkspace\大账房-auto\test-output\snapshot\20160506_161427_test资产负债表.png' width='250' height='150'/></a><br/>
	        		                      
                                          </div>
      	</td>

  
</tr>
<tr style="max-height:300px">
  <td class="method">
            
    test折旧汇总表 &#40;13.521s&#41;
    
  </td>
  
  <td class="testdescription">
  	    
      </td>
  
 <!--
  <td class="testdata">
     </td>
-->

  <td class="result" style="max-height:300px">
        
        
        <a href="javascript:toggleElement('exception-27', 'block')" title="Click to expand/collapse"><b>com.dzf.test.util.MyException: 鼠标移动到：资产报表失败！</b></a><br />
    <div class="stackTrace" id="exception-27">
              com.dzf.test.model.Handler.mouseMoveTo(Handler.java:412)<br />
              com.dzf.test.page.accounting.AccountingMainPage.openFrame(AccountingMainPage.java:1123)<br />
              com.dzf.test.testscenery.TestScenery2.test折旧汇总表(TestScenery2.java:656)<br />
              sun.reflect.NativeMethodAccessorImpl.invoke0(Native Method)<br />
              sun.reflect.NativeMethodAccessorImpl.invoke(NativeMethodAccessorImpl.java:62)<br />
              sun.reflect.DelegatingMethodAccessorImpl.invoke(DelegatingMethodAccessorImpl.java:43)<br />
              java.lang.reflect.Method.invoke(Method.java:498)<br />
              org.testng.internal.MethodInvocationHelper.invokeMethod(MethodInvocationHelper.java:86)<br />
              org.testng.internal.Invoker.invokeMethod(Invoker.java:647)<br />
              org.testng.internal.Invoker.invokeTestMethod(Invoker.java:824)<br />
              org.testng.internal.Invoker.invokeTestMethods(Invoker.java:1132)<br />
              org.testng.internal.TestMethodWorker.invokeTestMethods(TestMethodWorker.java:129)<br />
              org.testng.internal.TestMethodWorker.run(TestMethodWorker.java:112)<br />
              org.testng.TestRunner.privateRun(TestRunner.java:778)<br />
              org.testng.TestRunner.run(TestRunner.java:632)<br />
              org.testng.SuiteRunner.runTest(SuiteRunner.java:366)<br />
              org.testng.SuiteRunner.runSequentially(SuiteRunner.java:361)<br />
              org.testng.SuiteRunner.privateRun(SuiteRunner.java:319)<br />
              org.testng.SuiteRunner.run(SuiteRunner.java:268)<br />
              org.testng.SuiteRunnerWorker.runSuite(SuiteRunnerWorker.java:52)<br />
              org.testng.SuiteRunnerWorker.run(SuiteRunnerWorker.java:86)<br />
              org.testng.TestNG.runSuitesSequentially(TestNG.java:1222)<br />
              org.testng.TestNG.runSuitesLocally(TestNG.java:1147)<br />
              org.testng.TestNG.runSuites(TestNG.java:1072)<br />
              org.testng.TestNG.run(TestNG.java:1044)<br />
              org.testng.remote.AbstractRemoteTestNG.run(AbstractRemoteTestNG.java:126)<br />
              org.testng.remote.RemoteTestNG.initAndRun(RemoteTestNG.java:137)<br />
              org.testng.remote.RemoteTestNG.main(RemoteTestNG.java:58)<br />
                    <b>Caused by: </b> <a href="javascript:toggleElement('exception-28', 'block')" title="Click to expand/collapse">org.openqa.selenium.interactions.MoveTargetOutOfBoundsException: Offset within element cannot be scrolled into view: (0, 0): javascript:void(0)<br/>
Command duration or timeout: 30 milliseconds<br/>
Build info: version: &apos;2.41.0&apos;, revision: &apos;3192d8a6c4449dc285928ba024779344f5423c58&apos;, time: &apos;2014-03-27 11:29:39&apos;<br/>
System info: host: &apos;dwk-pc&apos;, ip: &apos;192.168.56.1&apos;, os.name: &apos;Windows 7&apos;, os.arch: &apos;amd64&apos;, os.version: &apos;6.1&apos;, java.version: &apos;1.8.0_77&apos;<br/>
Driver info: org.openqa.selenium.firefox.FirefoxDriver<br/>
Capabilities [{applicationCacheEnabled=true, rotatable=false, handlesAlerts=true, databaseEnabled=true, version=19.0, platform=WINDOWS, browserConnectionEnabled=true, nativeEvents=false, acceptSslCerts=true, webStorageEnabled=true, locationContextEnabled=true, browserName=firefox, takesScreenshot=true, javascriptEnabled=true, cssSelectorsEnabled=true}]<br/>
Session ID: fe7368c0-5a6f-49d8-8944-4ac81fb3e2f5</a><br />
        <div class="stackTrace" id="exception-28">
                      sun.reflect.NativeConstructorAccessorImpl.newInstance0(Native Method)<br />
                      sun.reflect.NativeConstructorAccessorImpl.newInstance(NativeConstructorAccessorImpl.java:62)<br />
                      sun.reflect.DelegatingConstructorAccessorImpl.newInstance(DelegatingConstructorAccessorImpl.java:45)<br />
                      java.lang.reflect.Constructor.newInstance(Constructor.java:423)<br />
                      org.openqa.selenium.remote.ErrorHandler.createThrowable(ErrorHandler.java:193)<br />
                      org.openqa.selenium.remote.ErrorHandler.throwIfResponseFailed(ErrorHandler.java:145)<br />
                      org.openqa.selenium.remote.RemoteWebDriver.execute(RemoteWebDriver.java:595)<br />
                      org.openqa.selenium.remote.RemoteExecuteMethod.execute(RemoteExecuteMethod.java:34)<br />
                      org.openqa.selenium.remote.RemoteMouse.mouseMove(RemoteMouse.java:88)<br />
                      org.openqa.selenium.interactions.MoveMouseAction.perform(MoveMouseAction.java:35)<br />
                      org.openqa.selenium.interactions.CompositeAction.perform(CompositeAction.java:31)<br />
                      org.openqa.selenium.interactions.Actions.perform(Actions.java:367)<br />
                      com.dzf.test.model.Handler.mouseMoveTo(Handler.java:406)<br />
                      com.dzf.test.page.accounting.AccountingMainPage.openFrame(AccountingMainPage.java:1123)<br />
                      com.dzf.test.testscenery.TestScenery2.test折旧汇总表(TestScenery2.java:656)<br />
                      sun.reflect.NativeMethodAccessorImpl.invoke0(Native Method)<br />
                      sun.reflect.NativeMethodAccessorImpl.invoke(NativeMethodAccessorImpl.java:62)<br />
                      sun.reflect.DelegatingMethodAccessorImpl.invoke(DelegatingMethodAccessorImpl.java:43)<br />
                      java.lang.reflect.Method.invoke(Method.java:498)<br />
                      org.testng.internal.MethodInvocationHelper.invokeMethod(MethodInvocationHelper.java:86)<br />
                      org.testng.internal.Invoker.invokeMethod(Invoker.java:647)<br />
                      org.testng.internal.Invoker.invokeTestMethod(Invoker.java:824)<br />
                      org.testng.internal.Invoker.invokeTestMethods(Invoker.java:1132)<br />
                      org.testng.internal.TestMethodWorker.invokeTestMethods(TestMethodWorker.java:129)<br />
                      org.testng.internal.TestMethodWorker.run(TestMethodWorker.java:112)<br />
                      org.testng.TestRunner.privateRun(TestRunner.java:778)<br />
                      org.testng.TestRunner.run(TestRunner.java:632)<br />
                      org.testng.SuiteRunner.runTest(SuiteRunner.java:366)<br />
                      org.testng.SuiteRunner.runSequentially(SuiteRunner.java:361)<br />
                      org.testng.SuiteRunner.privateRun(SuiteRunner.java:319)<br />
                      org.testng.SuiteRunner.run(SuiteRunner.java:268)<br />
                      org.testng.SuiteRunnerWorker.runSuite(SuiteRunnerWorker.java:52)<br />
                      org.testng.SuiteRunnerWorker.run(SuiteRunnerWorker.java:86)<br />
                      org.testng.TestNG.runSuitesSequentially(TestNG.java:1222)<br />
                      org.testng.TestNG.runSuitesLocally(TestNG.java:1147)<br />
                      org.testng.TestNG.runSuites(TestNG.java:1072)<br />
                      org.testng.TestNG.run(TestNG.java:1044)<br />
                      org.testng.remote.AbstractRemoteTestNG.run(AbstractRemoteTestNG.java:126)<br />
                      org.testng.remote.RemoteTestNG.initAndRun(RemoteTestNG.java:137)<br />
                      org.testng.remote.RemoteTestNG.main(RemoteTestNG.java:58)<br />
                  </div>
              <b>Caused by: </b> <a href="javascript:toggleElement('exception-29', 'block')" title="Click to expand/collapse">org.openqa.selenium.remote.ErrorHandler$UnknownServerException: Offset within element cannot be scrolled into view: (0, 0): javascript:void(0)<br/>
Build info: version: &apos;2.41.0&apos;, revision: &apos;3192d8a6c4449dc285928ba024779344f5423c58&apos;, time: &apos;2014-03-27 11:29:39&apos;<br/>
System info: host: &apos;dwk-pc&apos;, ip: &apos;192.168.56.1&apos;, os.name: &apos;Windows 7&apos;, os.arch: &apos;amd64&apos;, os.version: &apos;6.1&apos;, java.version: &apos;1.8.0_77&apos;<br/>
Driver info: driver.version: unknown</a><br />
        <div class="stackTrace" id="exception-29">
                      &lt;anonymous class&gt;.FirefoxDriver.prototype.mouseMoveTo(file:///C:/Users/ADMINI~1/AppData/Local/Temp/anonymous6086416528989215014webdriver-profile/extensions/fxdriver@googlecode.com/components/driver-component.js:10961)<br />
                      &lt;anonymous class&gt;.DelayedCommand.prototype.executeInternal_/h(file:///C:/Users/ADMINI~1/AppData/Local/Temp/anonymous6086416528989215014webdriver-profile/extensions/fxdriver@googlecode.com/components/command-processor.js:12534)<br />
                      &lt;anonymous class&gt;.DelayedCommand.prototype.executeInternal_(file:///C:/Users/ADMINI~1/AppData/Local/Temp/anonymous6086416528989215014webdriver-profile/extensions/fxdriver@googlecode.com/components/command-processor.js:12539)<br />
                      &lt;anonymous class&gt;.DelayedCommand.prototype.execute/&lt;(file:///C:/Users/ADMINI~1/AppData/Local/Temp/anonymous6086416528989215014webdriver-profile/extensions/fxdriver@googlecode.com/components/command-processor.js:12481)<br />
                  </div>
          </div>
      </td>
  
      
<!-- 开发版 -->
	<td class="log">
			    	    
	    <div class="testOutput">
										   
																		1. 没有找到：折旧汇总表，关闭失败！<br/>
																		   
																		2. 点击：固定资产<br/>
																		   
																		3. 鼠标移动到：资产报表失败！<br/>
																		   
																		4. 查询折旧汇总表失败<br/>
																		   
																														    </div>
			</td>

<!--	
    
 -->
    <td class="screenshot">
                      <div class="screenshotimage" width="100%">
                                                  		        		                      
                                                                    		        		                      
                                                                    		        		                      
                                                                    		        		                      
                                                                    		        			<a href='file:\E:\EclipseWorkspace\大账房-auto\test-output\snapshot\20160506_161441_test折旧汇总表.png'><img src='file:\E:\EclipseWorkspace\大账房-auto\test-output\snapshot\20160506_161441_test折旧汇总表.png' width='250' height='150'/></a><br/>
	        		                      
                                          </div>
      	</td>

  
</tr>
<tr style="max-height:300px">
  <td class="method">
            
    test资产明细账 &#40;13.512s&#41;
    
  </td>
  
  <td class="testdescription">
  	    
      </td>
  
 <!--
  <td class="testdata">
     </td>
-->

  <td class="result" style="max-height:300px">
        
        
        <a href="javascript:toggleElement('exception-30', 'block')" title="Click to expand/collapse"><b>com.dzf.test.util.MyException: 鼠标移动到：资产报表失败！</b></a><br />
    <div class="stackTrace" id="exception-30">
              com.dzf.test.model.Handler.mouseMoveTo(Handler.java:412)<br />
              com.dzf.test.page.accounting.AccountingMainPage.openFrame(AccountingMainPage.java:1123)<br />
              com.dzf.test.testscenery.TestScenery2.test资产明细账(TestScenery2.java:671)<br />
              sun.reflect.NativeMethodAccessorImpl.invoke0(Native Method)<br />
              sun.reflect.NativeMethodAccessorImpl.invoke(NativeMethodAccessorImpl.java:62)<br />
              sun.reflect.DelegatingMethodAccessorImpl.invoke(DelegatingMethodAccessorImpl.java:43)<br />
              java.lang.reflect.Method.invoke(Method.java:498)<br />
              org.testng.internal.MethodInvocationHelper.invokeMethod(MethodInvocationHelper.java:86)<br />
              org.testng.internal.Invoker.invokeMethod(Invoker.java:647)<br />
              org.testng.internal.Invoker.invokeTestMethod(Invoker.java:824)<br />
              org.testng.internal.Invoker.invokeTestMethods(Invoker.java:1132)<br />
              org.testng.internal.TestMethodWorker.invokeTestMethods(TestMethodWorker.java:129)<br />
              org.testng.internal.TestMethodWorker.run(TestMethodWorker.java:112)<br />
              org.testng.TestRunner.privateRun(TestRunner.java:778)<br />
              org.testng.TestRunner.run(TestRunner.java:632)<br />
              org.testng.SuiteRunner.runTest(SuiteRunner.java:366)<br />
              org.testng.SuiteRunner.runSequentially(SuiteRunner.java:361)<br />
              org.testng.SuiteRunner.privateRun(SuiteRunner.java:319)<br />
              org.testng.SuiteRunner.run(SuiteRunner.java:268)<br />
              org.testng.SuiteRunnerWorker.runSuite(SuiteRunnerWorker.java:52)<br />
              org.testng.SuiteRunnerWorker.run(SuiteRunnerWorker.java:86)<br />
              org.testng.TestNG.runSuitesSequentially(TestNG.java:1222)<br />
              org.testng.TestNG.runSuitesLocally(TestNG.java:1147)<br />
              org.testng.TestNG.runSuites(TestNG.java:1072)<br />
              org.testng.TestNG.run(TestNG.java:1044)<br />
              org.testng.remote.AbstractRemoteTestNG.run(AbstractRemoteTestNG.java:126)<br />
              org.testng.remote.RemoteTestNG.initAndRun(RemoteTestNG.java:137)<br />
              org.testng.remote.RemoteTestNG.main(RemoteTestNG.java:58)<br />
                    <b>Caused by: </b> <a href="javascript:toggleElement('exception-31', 'block')" title="Click to expand/collapse">org.openqa.selenium.interactions.MoveTargetOutOfBoundsException: Offset within element cannot be scrolled into view: (0, 0): javascript:void(0)<br/>
Command duration or timeout: 18 milliseconds<br/>
Build info: version: &apos;2.41.0&apos;, revision: &apos;3192d8a6c4449dc285928ba024779344f5423c58&apos;, time: &apos;2014-03-27 11:29:39&apos;<br/>
System info: host: &apos;dwk-pc&apos;, ip: &apos;192.168.56.1&apos;, os.name: &apos;Windows 7&apos;, os.arch: &apos;amd64&apos;, os.version: &apos;6.1&apos;, java.version: &apos;1.8.0_77&apos;<br/>
Driver info: org.openqa.selenium.firefox.FirefoxDriver<br/>
Capabilities [{applicationCacheEnabled=true, rotatable=false, handlesAlerts=true, databaseEnabled=true, version=19.0, platform=WINDOWS, browserConnectionEnabled=true, nativeEvents=false, acceptSslCerts=true, webStorageEnabled=true, locationContextEnabled=true, browserName=firefox, takesScreenshot=true, javascriptEnabled=true, cssSelectorsEnabled=true}]<br/>
Session ID: fe7368c0-5a6f-49d8-8944-4ac81fb3e2f5</a><br />
        <div class="stackTrace" id="exception-31">
                      sun.reflect.NativeConstructorAccessorImpl.newInstance0(Native Method)<br />
                      sun.reflect.NativeConstructorAccessorImpl.newInstance(NativeConstructorAccessorImpl.java:62)<br />
                      sun.reflect.DelegatingConstructorAccessorImpl.newInstance(DelegatingConstructorAccessorImpl.java:45)<br />
                      java.lang.reflect.Constructor.newInstance(Constructor.java:423)<br />
                      org.openqa.selenium.remote.ErrorHandler.createThrowable(ErrorHandler.java:193)<br />
                      org.openqa.selenium.remote.ErrorHandler.throwIfResponseFailed(ErrorHandler.java:145)<br />
                      org.openqa.selenium.remote.RemoteWebDriver.execute(RemoteWebDriver.java:595)<br />
                      org.openqa.selenium.remote.RemoteExecuteMethod.execute(RemoteExecuteMethod.java:34)<br />
                      org.openqa.selenium.remote.RemoteMouse.mouseMove(RemoteMouse.java:88)<br />
                      org.openqa.selenium.interactions.MoveMouseAction.perform(MoveMouseAction.java:35)<br />
                      org.openqa.selenium.interactions.CompositeAction.perform(CompositeAction.java:31)<br />
                      org.openqa.selenium.interactions.Actions.perform(Actions.java:367)<br />
                      com.dzf.test.model.Handler.mouseMoveTo(Handler.java:406)<br />
                      com.dzf.test.page.accounting.AccountingMainPage.openFrame(AccountingMainPage.java:1123)<br />
                      com.dzf.test.testscenery.TestScenery2.test资产明细账(TestScenery2.java:671)<br />
                      sun.reflect.NativeMethodAccessorImpl.invoke0(Native Method)<br />
                      sun.reflect.NativeMethodAccessorImpl.invoke(NativeMethodAccessorImpl.java:62)<br />
                      sun.reflect.DelegatingMethodAccessorImpl.invoke(DelegatingMethodAccessorImpl.java:43)<br />
                      java.lang.reflect.Method.invoke(Method.java:498)<br />
                      org.testng.internal.MethodInvocationHelper.invokeMethod(MethodInvocationHelper.java:86)<br />
                      org.testng.internal.Invoker.invokeMethod(Invoker.java:647)<br />
                      org.testng.internal.Invoker.invokeTestMethod(Invoker.java:824)<br />
                      org.testng.internal.Invoker.invokeTestMethods(Invoker.java:1132)<br />
                      org.testng.internal.TestMethodWorker.invokeTestMethods(TestMethodWorker.java:129)<br />
                      org.testng.internal.TestMethodWorker.run(TestMethodWorker.java:112)<br />
                      org.testng.TestRunner.privateRun(TestRunner.java:778)<br />
                      org.testng.TestRunner.run(TestRunner.java:632)<br />
                      org.testng.SuiteRunner.runTest(SuiteRunner.java:366)<br />
                      org.testng.SuiteRunner.runSequentially(SuiteRunner.java:361)<br />
                      org.testng.SuiteRunner.privateRun(SuiteRunner.java:319)<br />
                      org.testng.SuiteRunner.run(SuiteRunner.java:268)<br />
                      org.testng.SuiteRunnerWorker.runSuite(SuiteRunnerWorker.java:52)<br />
                      org.testng.SuiteRunnerWorker.run(SuiteRunnerWorker.java:86)<br />
                      org.testng.TestNG.runSuitesSequentially(TestNG.java:1222)<br />
                      org.testng.TestNG.runSuitesLocally(TestNG.java:1147)<br />
                      org.testng.TestNG.runSuites(TestNG.java:1072)<br />
                      org.testng.TestNG.run(TestNG.java:1044)<br />
                      org.testng.remote.AbstractRemoteTestNG.run(AbstractRemoteTestNG.java:126)<br />
                      org.testng.remote.RemoteTestNG.initAndRun(RemoteTestNG.java:137)<br />
                      org.testng.remote.RemoteTestNG.main(RemoteTestNG.java:58)<br />
                  </div>
              <b>Caused by: </b> <a href="javascript:toggleElement('exception-32', 'block')" title="Click to expand/collapse">org.openqa.selenium.remote.ErrorHandler$UnknownServerException: Offset within element cannot be scrolled into view: (0, 0): javascript:void(0)<br/>
Build info: version: &apos;2.41.0&apos;, revision: &apos;3192d8a6c4449dc285928ba024779344f5423c58&apos;, time: &apos;2014-03-27 11:29:39&apos;<br/>
System info: host: &apos;dwk-pc&apos;, ip: &apos;192.168.56.1&apos;, os.name: &apos;Windows 7&apos;, os.arch: &apos;amd64&apos;, os.version: &apos;6.1&apos;, java.version: &apos;1.8.0_77&apos;<br/>
Driver info: driver.version: unknown</a><br />
        <div class="stackTrace" id="exception-32">
                      &lt;anonymous class&gt;.FirefoxDriver.prototype.mouseMoveTo(file:///C:/Users/ADMINI~1/AppData/Local/Temp/anonymous6086416528989215014webdriver-profile/extensions/fxdriver@googlecode.com/components/driver-component.js:10961)<br />
                      &lt;anonymous class&gt;.DelayedCommand.prototype.executeInternal_/h(file:///C:/Users/ADMINI~1/AppData/Local/Temp/anonymous6086416528989215014webdriver-profile/extensions/fxdriver@googlecode.com/components/command-processor.js:12534)<br />
                      &lt;anonymous class&gt;.DelayedCommand.prototype.executeInternal_(file:///C:/Users/ADMINI~1/AppData/Local/Temp/anonymous6086416528989215014webdriver-profile/extensions/fxdriver@googlecode.com/components/command-processor.js:12539)<br />
                      &lt;anonymous class&gt;.DelayedCommand.prototype.execute/&lt;(file:///C:/Users/ADMINI~1/AppData/Local/Temp/anonymous6086416528989215014webdriver-profile/extensions/fxdriver@googlecode.com/components/command-processor.js:12481)<br />
                  </div>
          </div>
      </td>
  
      
<!-- 开发版 -->
	<td class="log">
			    	    
	    <div class="testOutput">
										   
																		1. 没有找到：资产明细账，关闭失败！<br/>
																		   
																		2. 点击：固定资产<br/>
																		   
																		3. 鼠标移动到：资产报表失败！<br/>
																		   
																		4. 查询资产明细账失败<br/>
																		   
																														    </div>
			</td>

<!--	
    
 -->
    <td class="screenshot">
                      <div class="screenshotimage" width="100%">
                                                  		        		                      
                                                                    		        		                      
                                                                    		        		                      
                                                                    		        		                      
                                                                    		        			<a href='file:\E:\EclipseWorkspace\大账房-auto\test-output\snapshot\20160506_161455_test资产明细账.png'><img src='file:\E:\EclipseWorkspace\大账房-auto\test-output\snapshot\20160506_161455_test资产明细账.png' width='250' height='150'/></a><br/>
	        		                      
                                          </div>
      	</td>

  
</tr>
<tr style="max-height:300px">
  <td class="method">
            
    test资产与总账对账表 &#40;13.461s&#41;
    
  </td>
  
  <td class="testdescription">
  	    
      </td>
  
 <!--
  <td class="testdata">
     </td>
-->

  <td class="result" style="max-height:300px">
        
        
        <a href="javascript:toggleElement('exception-33', 'block')" title="Click to expand/collapse"><b>com.dzf.test.util.MyException: 鼠标移动到：资产报表失败！</b></a><br />
    <div class="stackTrace" id="exception-33">
              com.dzf.test.model.Handler.mouseMoveTo(Handler.java:412)<br />
              com.dzf.test.page.accounting.AccountingMainPage.openFrame(AccountingMainPage.java:1123)<br />
              com.dzf.test.testscenery.TestScenery2.test资产与总账对账表(TestScenery2.java:686)<br />
              sun.reflect.NativeMethodAccessorImpl.invoke0(Native Method)<br />
              sun.reflect.NativeMethodAccessorImpl.invoke(NativeMethodAccessorImpl.java:62)<br />
              sun.reflect.DelegatingMethodAccessorImpl.invoke(DelegatingMethodAccessorImpl.java:43)<br />
              java.lang.reflect.Method.invoke(Method.java:498)<br />
              org.testng.internal.MethodInvocationHelper.invokeMethod(MethodInvocationHelper.java:86)<br />
              org.testng.internal.Invoker.invokeMethod(Invoker.java:647)<br />
              org.testng.internal.Invoker.invokeTestMethod(Invoker.java:824)<br />
              org.testng.internal.Invoker.invokeTestMethods(Invoker.java:1132)<br />
              org.testng.internal.TestMethodWorker.invokeTestMethods(TestMethodWorker.java:129)<br />
              org.testng.internal.TestMethodWorker.run(TestMethodWorker.java:112)<br />
              org.testng.TestRunner.privateRun(TestRunner.java:778)<br />
              org.testng.TestRunner.run(TestRunner.java:632)<br />
              org.testng.SuiteRunner.runTest(SuiteRunner.java:366)<br />
              org.testng.SuiteRunner.runSequentially(SuiteRunner.java:361)<br />
              org.testng.SuiteRunner.privateRun(SuiteRunner.java:319)<br />
              org.testng.SuiteRunner.run(SuiteRunner.java:268)<br />
              org.testng.SuiteRunnerWorker.runSuite(SuiteRunnerWorker.java:52)<br />
              org.testng.SuiteRunnerWorker.run(SuiteRunnerWorker.java:86)<br />
              org.testng.TestNG.runSuitesSequentially(TestNG.java:1222)<br />
              org.testng.TestNG.runSuitesLocally(TestNG.java:1147)<br />
              org.testng.TestNG.runSuites(TestNG.java:1072)<br />
              org.testng.TestNG.run(TestNG.java:1044)<br />
              org.testng.remote.AbstractRemoteTestNG.run(AbstractRemoteTestNG.java:126)<br />
              org.testng.remote.RemoteTestNG.initAndRun(RemoteTestNG.java:137)<br />
              org.testng.remote.RemoteTestNG.main(RemoteTestNG.java:58)<br />
                    <b>Caused by: </b> <a href="javascript:toggleElement('exception-34', 'block')" title="Click to expand/collapse">org.openqa.selenium.interactions.MoveTargetOutOfBoundsException: Offset within element cannot be scrolled into view: (0, 0): javascript:void(0)<br/>
Command duration or timeout: 10 milliseconds<br/>
Build info: version: &apos;2.41.0&apos;, revision: &apos;3192d8a6c4449dc285928ba024779344f5423c58&apos;, time: &apos;2014-03-27 11:29:39&apos;<br/>
System info: host: &apos;dwk-pc&apos;, ip: &apos;192.168.56.1&apos;, os.name: &apos;Windows 7&apos;, os.arch: &apos;amd64&apos;, os.version: &apos;6.1&apos;, java.version: &apos;1.8.0_77&apos;<br/>
Driver info: org.openqa.selenium.firefox.FirefoxDriver<br/>
Capabilities [{applicationCacheEnabled=true, rotatable=false, handlesAlerts=true, databaseEnabled=true, version=19.0, platform=WINDOWS, browserConnectionEnabled=true, nativeEvents=false, acceptSslCerts=true, webStorageEnabled=true, locationContextEnabled=true, browserName=firefox, takesScreenshot=true, javascriptEnabled=true, cssSelectorsEnabled=true}]<br/>
Session ID: fe7368c0-5a6f-49d8-8944-4ac81fb3e2f5</a><br />
        <div class="stackTrace" id="exception-34">
                      sun.reflect.NativeConstructorAccessorImpl.newInstance0(Native Method)<br />
                      sun.reflect.NativeConstructorAccessorImpl.newInstance(NativeConstructorAccessorImpl.java:62)<br />
                      sun.reflect.DelegatingConstructorAccessorImpl.newInstance(DelegatingConstructorAccessorImpl.java:45)<br />
                      java.lang.reflect.Constructor.newInstance(Constructor.java:423)<br />
                      org.openqa.selenium.remote.ErrorHandler.createThrowable(ErrorHandler.java:193)<br />
                      org.openqa.selenium.remote.ErrorHandler.throwIfResponseFailed(ErrorHandler.java:145)<br />
                      org.openqa.selenium.remote.RemoteWebDriver.execute(RemoteWebDriver.java:595)<br />
                      org.openqa.selenium.remote.RemoteExecuteMethod.execute(RemoteExecuteMethod.java:34)<br />
                      org.openqa.selenium.remote.RemoteMouse.mouseMove(RemoteMouse.java:88)<br />
                      org.openqa.selenium.interactions.MoveMouseAction.perform(MoveMouseAction.java:35)<br />
                      org.openqa.selenium.interactions.CompositeAction.perform(CompositeAction.java:31)<br />
                      org.openqa.selenium.interactions.Actions.perform(Actions.java:367)<br />
                      com.dzf.test.model.Handler.mouseMoveTo(Handler.java:406)<br />
                      com.dzf.test.page.accounting.AccountingMainPage.openFrame(AccountingMainPage.java:1123)<br />
                      com.dzf.test.testscenery.TestScenery2.test资产与总账对账表(TestScenery2.java:686)<br />
                      sun.reflect.NativeMethodAccessorImpl.invoke0(Native Method)<br />
                      sun.reflect.NativeMethodAccessorImpl.invoke(NativeMethodAccessorImpl.java:62)<br />
                      sun.reflect.DelegatingMethodAccessorImpl.invoke(DelegatingMethodAccessorImpl.java:43)<br />
                      java.lang.reflect.Method.invoke(Method.java:498)<br />
                      org.testng.internal.MethodInvocationHelper.invokeMethod(MethodInvocationHelper.java:86)<br />
                      org.testng.internal.Invoker.invokeMethod(Invoker.java:647)<br />
                      org.testng.internal.Invoker.invokeTestMethod(Invoker.java:824)<br />
                      org.testng.internal.Invoker.invokeTestMethods(Invoker.java:1132)<br />
                      org.testng.internal.TestMethodWorker.invokeTestMethods(TestMethodWorker.java:129)<br />
                      org.testng.internal.TestMethodWorker.run(TestMethodWorker.java:112)<br />
                      org.testng.TestRunner.privateRun(TestRunner.java:778)<br />
                      org.testng.TestRunner.run(TestRunner.java:632)<br />
                      org.testng.SuiteRunner.runTest(SuiteRunner.java:366)<br />
                      org.testng.SuiteRunner.runSequentially(SuiteRunner.java:361)<br />
                      org.testng.SuiteRunner.privateRun(SuiteRunner.java:319)<br />
                      org.testng.SuiteRunner.run(SuiteRunner.java:268)<br />
                      org.testng.SuiteRunnerWorker.runSuite(SuiteRunnerWorker.java:52)<br />
                      org.testng.SuiteRunnerWorker.run(SuiteRunnerWorker.java:86)<br />
                      org.testng.TestNG.runSuitesSequentially(TestNG.java:1222)<br />
                      org.testng.TestNG.runSuitesLocally(TestNG.java:1147)<br />
                      org.testng.TestNG.runSuites(TestNG.java:1072)<br />
                      org.testng.TestNG.run(TestNG.java:1044)<br />
                      org.testng.remote.AbstractRemoteTestNG.run(AbstractRemoteTestNG.java:126)<br />
                      org.testng.remote.RemoteTestNG.initAndRun(RemoteTestNG.java:137)<br />
                      org.testng.remote.RemoteTestNG.main(RemoteTestNG.java:58)<br />
                  </div>
              <b>Caused by: </b> <a href="javascript:toggleElement('exception-35', 'block')" title="Click to expand/collapse">org.openqa.selenium.remote.ErrorHandler$UnknownServerException: Offset within element cannot be scrolled into view: (0, 0): javascript:void(0)<br/>
Build info: version: &apos;2.41.0&apos;, revision: &apos;3192d8a6c4449dc285928ba024779344f5423c58&apos;, time: &apos;2014-03-27 11:29:39&apos;<br/>
System info: host: &apos;dwk-pc&apos;, ip: &apos;192.168.56.1&apos;, os.name: &apos;Windows 7&apos;, os.arch: &apos;amd64&apos;, os.version: &apos;6.1&apos;, java.version: &apos;1.8.0_77&apos;<br/>
Driver info: driver.version: unknown</a><br />
        <div class="stackTrace" id="exception-35">
                      &lt;anonymous class&gt;.FirefoxDriver.prototype.mouseMoveTo(file:///C:/Users/ADMINI~1/AppData/Local/Temp/anonymous6086416528989215014webdriver-profile/extensions/fxdriver@googlecode.com/components/driver-component.js:10961)<br />
                      &lt;anonymous class&gt;.DelayedCommand.prototype.executeInternal_/h(file:///C:/Users/ADMINI~1/AppData/Local/Temp/anonymous6086416528989215014webdriver-profile/extensions/fxdriver@googlecode.com/components/command-processor.js:12534)<br />
                      &lt;anonymous class&gt;.DelayedCommand.prototype.executeInternal_(file:///C:/Users/ADMINI~1/AppData/Local/Temp/anonymous6086416528989215014webdriver-profile/extensions/fxdriver@googlecode.com/components/command-processor.js:12539)<br />
                      &lt;anonymous class&gt;.DelayedCommand.prototype.execute/&lt;(file:///C:/Users/ADMINI~1/AppData/Local/Temp/anonymous6086416528989215014webdriver-profile/extensions/fxdriver@googlecode.com/components/command-processor.js:12481)<br />
                  </div>
          </div>
      </td>
  
      
<!-- 开发版 -->
	<td class="log">
			    	    
	    <div class="testOutput">
										   
																		1. 没有找到：资产与总账对账表，关闭失败！<br/>
																		   
																		2. 点击：固定资产<br/>
																		   
																		3. 鼠标移动到：资产报表失败！<br/>
																		   
																		4. 查询资产与总账对账表失败<br/>
																		   
																														    </div>
			</td>

<!--	
    
 -->
    <td class="screenshot">
                      <div class="screenshotimage" width="100%">
                                                  		        		                      
                                                                    		        		                      
                                                                    		        		                      
                                                                    		        		                      
                                                                    		        			<a href='file:\E:\EclipseWorkspace\大账房-auto\test-output\snapshot\20160506_161508_test资产与总账对账表.png'><img src='file:\E:\EclipseWorkspace\大账房-auto\test-output\snapshot\20160506_161508_test资产与总账对账表.png' width='250' height='150'/></a><br/>
	        		                      
                                          </div>
      	</td>

  
</tr>
<tr style="max-height:300px">
  <td class="method">
            
    test资产折旧明细 &#40;13.631s&#41;
    
  </td>
  
  <td class="testdescription">
  	    
      </td>
  
 <!--
  <td class="testdata">
     </td>
-->

  <td class="result" style="max-height:300px">
        
        
        <a href="javascript:toggleElement('exception-36', 'block')" title="Click to expand/collapse"><b>com.dzf.test.util.MyException: 鼠标移动到：资产报表失败！</b></a><br />
    <div class="stackTrace" id="exception-36">
              com.dzf.test.model.Handler.mouseMoveTo(Handler.java:412)<br />
              com.dzf.test.page.accounting.AccountingMainPage.openFrame(AccountingMainPage.java:1123)<br />
              com.dzf.test.testscenery.TestScenery2.test资产折旧明细(TestScenery2.java:701)<br />
              sun.reflect.NativeMethodAccessorImpl.invoke0(Native Method)<br />
              sun.reflect.NativeMethodAccessorImpl.invoke(NativeMethodAccessorImpl.java:62)<br />
              sun.reflect.DelegatingMethodAccessorImpl.invoke(DelegatingMethodAccessorImpl.java:43)<br />
              java.lang.reflect.Method.invoke(Method.java:498)<br />
              org.testng.internal.MethodInvocationHelper.invokeMethod(MethodInvocationHelper.java:86)<br />
              org.testng.internal.Invoker.invokeMethod(Invoker.java:647)<br />
              org.testng.internal.Invoker.invokeTestMethod(Invoker.java:824)<br />
              org.testng.internal.Invoker.invokeTestMethods(Invoker.java:1132)<br />
              org.testng.internal.TestMethodWorker.invokeTestMethods(TestMethodWorker.java:129)<br />
              org.testng.internal.TestMethodWorker.run(TestMethodWorker.java:112)<br />
              org.testng.TestRunner.privateRun(TestRunner.java:778)<br />
              org.testng.TestRunner.run(TestRunner.java:632)<br />
              org.testng.SuiteRunner.runTest(SuiteRunner.java:366)<br />
              org.testng.SuiteRunner.runSequentially(SuiteRunner.java:361)<br />
              org.testng.SuiteRunner.privateRun(SuiteRunner.java:319)<br />
              org.testng.SuiteRunner.run(SuiteRunner.java:268)<br />
              org.testng.SuiteRunnerWorker.runSuite(SuiteRunnerWorker.java:52)<br />
              org.testng.SuiteRunnerWorker.run(SuiteRunnerWorker.java:86)<br />
              org.testng.TestNG.runSuitesSequentially(TestNG.java:1222)<br />
              org.testng.TestNG.runSuitesLocally(TestNG.java:1147)<br />
              org.testng.TestNG.runSuites(TestNG.java:1072)<br />
              org.testng.TestNG.run(TestNG.java:1044)<br />
              org.testng.remote.AbstractRemoteTestNG.run(AbstractRemoteTestNG.java:126)<br />
              org.testng.remote.RemoteTestNG.initAndRun(RemoteTestNG.java:137)<br />
              org.testng.remote.RemoteTestNG.main(RemoteTestNG.java:58)<br />
                    <b>Caused by: </b> <a href="javascript:toggleElement('exception-37', 'block')" title="Click to expand/collapse">org.openqa.selenium.interactions.MoveTargetOutOfBoundsException: Offset within element cannot be scrolled into view: (0, 0): javascript:void(0)<br/>
Command duration or timeout: 27 milliseconds<br/>
Build info: version: &apos;2.41.0&apos;, revision: &apos;3192d8a6c4449dc285928ba024779344f5423c58&apos;, time: &apos;2014-03-27 11:29:39&apos;<br/>
System info: host: &apos;dwk-pc&apos;, ip: &apos;192.168.56.1&apos;, os.name: &apos;Windows 7&apos;, os.arch: &apos;amd64&apos;, os.version: &apos;6.1&apos;, java.version: &apos;1.8.0_77&apos;<br/>
Driver info: org.openqa.selenium.firefox.FirefoxDriver<br/>
Capabilities [{applicationCacheEnabled=true, rotatable=false, handlesAlerts=true, databaseEnabled=true, version=19.0, platform=WINDOWS, browserConnectionEnabled=true, nativeEvents=false, acceptSslCerts=true, webStorageEnabled=true, locationContextEnabled=true, browserName=firefox, takesScreenshot=true, javascriptEnabled=true, cssSelectorsEnabled=true}]<br/>
Session ID: fe7368c0-5a6f-49d8-8944-4ac81fb3e2f5</a><br />
        <div class="stackTrace" id="exception-37">
                      sun.reflect.NativeConstructorAccessorImpl.newInstance0(Native Method)<br />
                      sun.reflect.NativeConstructorAccessorImpl.newInstance(NativeConstructorAccessorImpl.java:62)<br />
                      sun.reflect.DelegatingConstructorAccessorImpl.newInstance(DelegatingConstructorAccessorImpl.java:45)<br />
                      java.lang.reflect.Constructor.newInstance(Constructor.java:423)<br />
                      org.openqa.selenium.remote.ErrorHandler.createThrowable(ErrorHandler.java:193)<br />
                      org.openqa.selenium.remote.ErrorHandler.throwIfResponseFailed(ErrorHandler.java:145)<br />
                      org.openqa.selenium.remote.RemoteWebDriver.execute(RemoteWebDriver.java:595)<br />
                      org.openqa.selenium.remote.RemoteExecuteMethod.execute(RemoteExecuteMethod.java:34)<br />
                      org.openqa.selenium.remote.RemoteMouse.mouseMove(RemoteMouse.java:88)<br />
                      org.openqa.selenium.interactions.MoveMouseAction.perform(MoveMouseAction.java:35)<br />
                      org.openqa.selenium.interactions.CompositeAction.perform(CompositeAction.java:31)<br />
                      org.openqa.selenium.interactions.Actions.perform(Actions.java:367)<br />
                      com.dzf.test.model.Handler.mouseMoveTo(Handler.java:406)<br />
                      com.dzf.test.page.accounting.AccountingMainPage.openFrame(AccountingMainPage.java:1123)<br />
                      com.dzf.test.testscenery.TestScenery2.test资产折旧明细(TestScenery2.java:701)<br />
                      sun.reflect.NativeMethodAccessorImpl.invoke0(Native Method)<br />
                      sun.reflect.NativeMethodAccessorImpl.invoke(NativeMethodAccessorImpl.java:62)<br />
                      sun.reflect.DelegatingMethodAccessorImpl.invoke(DelegatingMethodAccessorImpl.java:43)<br />
                      java.lang.reflect.Method.invoke(Method.java:498)<br />
                      org.testng.internal.MethodInvocationHelper.invokeMethod(MethodInvocationHelper.java:86)<br />
                      org.testng.internal.Invoker.invokeMethod(Invoker.java:647)<br />
                      org.testng.internal.Invoker.invokeTestMethod(Invoker.java:824)<br />
                      org.testng.internal.Invoker.invokeTestMethods(Invoker.java:1132)<br />
                      org.testng.internal.TestMethodWorker.invokeTestMethods(TestMethodWorker.java:129)<br />
                      org.testng.internal.TestMethodWorker.run(TestMethodWorker.java:112)<br />
                      org.testng.TestRunner.privateRun(TestRunner.java:778)<br />
                      org.testng.TestRunner.run(TestRunner.java:632)<br />
                      org.testng.SuiteRunner.runTest(SuiteRunner.java:366)<br />
                      org.testng.SuiteRunner.runSequentially(SuiteRunner.java:361)<br />
                      org.testng.SuiteRunner.privateRun(SuiteRunner.java:319)<br />
                      org.testng.SuiteRunner.run(SuiteRunner.java:268)<br />
                      org.testng.SuiteRunnerWorker.runSuite(SuiteRunnerWorker.java:52)<br />
                      org.testng.SuiteRunnerWorker.run(SuiteRunnerWorker.java:86)<br />
                      org.testng.TestNG.runSuitesSequentially(TestNG.java:1222)<br />
                      org.testng.TestNG.runSuitesLocally(TestNG.java:1147)<br />
                      org.testng.TestNG.runSuites(TestNG.java:1072)<br />
                      org.testng.TestNG.run(TestNG.java:1044)<br />
                      org.testng.remote.AbstractRemoteTestNG.run(AbstractRemoteTestNG.java:126)<br />
                      org.testng.remote.RemoteTestNG.initAndRun(RemoteTestNG.java:137)<br />
                      org.testng.remote.RemoteTestNG.main(RemoteTestNG.java:58)<br />
                  </div>
              <b>Caused by: </b> <a href="javascript:toggleElement('exception-38', 'block')" title="Click to expand/collapse">org.openqa.selenium.remote.ErrorHandler$UnknownServerException: Offset within element cannot be scrolled into view: (0, 0): javascript:void(0)<br/>
Build info: version: &apos;2.41.0&apos;, revision: &apos;3192d8a6c4449dc285928ba024779344f5423c58&apos;, time: &apos;2014-03-27 11:29:39&apos;<br/>
System info: host: &apos;dwk-pc&apos;, ip: &apos;192.168.56.1&apos;, os.name: &apos;Windows 7&apos;, os.arch: &apos;amd64&apos;, os.version: &apos;6.1&apos;, java.version: &apos;1.8.0_77&apos;<br/>
Driver info: driver.version: unknown</a><br />
        <div class="stackTrace" id="exception-38">
                      &lt;anonymous class&gt;.FirefoxDriver.prototype.mouseMoveTo(file:///C:/Users/ADMINI~1/AppData/Local/Temp/anonymous6086416528989215014webdriver-profile/extensions/fxdriver@googlecode.com/components/driver-component.js:10961)<br />
                      &lt;anonymous class&gt;.DelayedCommand.prototype.executeInternal_/h(file:///C:/Users/ADMINI~1/AppData/Local/Temp/anonymous6086416528989215014webdriver-profile/extensions/fxdriver@googlecode.com/components/command-processor.js:12534)<br />
                      &lt;anonymous class&gt;.DelayedCommand.prototype.executeInternal_(file:///C:/Users/ADMINI~1/AppData/Local/Temp/anonymous6086416528989215014webdriver-profile/extensions/fxdriver@googlecode.com/components/command-processor.js:12539)<br />
                      &lt;anonymous class&gt;.DelayedCommand.prototype.execute/&lt;(file:///C:/Users/ADMINI~1/AppData/Local/Temp/anonymous6086416528989215014webdriver-profile/extensions/fxdriver@googlecode.com/components/command-processor.js:12481)<br />
                  </div>
          </div>
      </td>
  
      
<!-- 开发版 -->
	<td class="log">
			    	    
	    <div class="testOutput">
										   
																		1. 没有找到：资产折旧明细，关闭失败！<br/>
																		   
																		2. 点击：固定资产<br/>
																		   
																		3. 鼠标移动到：资产报表失败！<br/>
																		   
																		4. 查询资产折旧明细失败<br/>
																		   
																														    </div>
			</td>

<!--	
    
 -->
    <td class="screenshot">
                      <div class="screenshotimage" width="100%">
                                                  		        		                      
                                                                    		        		                      
                                                                    		        		                      
                                                                    		        		                      
                                                                    		        			<a href='file:\E:\EclipseWorkspace\大账房-auto\test-output\snapshot\20160506_161522_test资产折旧明细.png'><img src='file:\E:\EclipseWorkspace\大账房-auto\test-output\snapshot\20160506_161522_test资产折旧明细.png' width='250' height='150'/></a><br/>
	        		                      
                                          </div>
      	</td>

  
</tr>
<tr style="max-height:300px">
  <td class="method">
            
    test资产总账 &#40;13.563s&#41;
    
  </td>
  
  <td class="testdescription">
  	    
      </td>
  
 <!--
  <td class="testdata">
     </td>
-->

  <td class="result" style="max-height:300px">
        
        
        <a href="javascript:toggleElement('exception-39', 'block')" title="Click to expand/collapse"><b>com.dzf.test.util.MyException: 鼠标移动到：资产报表失败！</b></a><br />
    <div class="stackTrace" id="exception-39">
              com.dzf.test.model.Handler.mouseMoveTo(Handler.java:412)<br />
              com.dzf.test.page.accounting.AccountingMainPage.openFrame(AccountingMainPage.java:1123)<br />
              com.dzf.test.testscenery.TestScenery2.test资产总账(TestScenery2.java:716)<br />
              sun.reflect.NativeMethodAccessorImpl.invoke0(Native Method)<br />
              sun.reflect.NativeMethodAccessorImpl.invoke(NativeMethodAccessorImpl.java:62)<br />
              sun.reflect.DelegatingMethodAccessorImpl.invoke(DelegatingMethodAccessorImpl.java:43)<br />
              java.lang.reflect.Method.invoke(Method.java:498)<br />
              org.testng.internal.MethodInvocationHelper.invokeMethod(MethodInvocationHelper.java:86)<br />
              org.testng.internal.Invoker.invokeMethod(Invoker.java:647)<br />
              org.testng.internal.Invoker.invokeTestMethod(Invoker.java:824)<br />
              org.testng.internal.Invoker.invokeTestMethods(Invoker.java:1132)<br />
              org.testng.internal.TestMethodWorker.invokeTestMethods(TestMethodWorker.java:129)<br />
              org.testng.internal.TestMethodWorker.run(TestMethodWorker.java:112)<br />
              org.testng.TestRunner.privateRun(TestRunner.java:778)<br />
              org.testng.TestRunner.run(TestRunner.java:632)<br />
              org.testng.SuiteRunner.runTest(SuiteRunner.java:366)<br />
              org.testng.SuiteRunner.runSequentially(SuiteRunner.java:361)<br />
              org.testng.SuiteRunner.privateRun(SuiteRunner.java:319)<br />
              org.testng.SuiteRunner.run(SuiteRunner.java:268)<br />
              org.testng.SuiteRunnerWorker.runSuite(SuiteRunnerWorker.java:52)<br />
              org.testng.SuiteRunnerWorker.run(SuiteRunnerWorker.java:86)<br />
              org.testng.TestNG.runSuitesSequentially(TestNG.java:1222)<br />
              org.testng.TestNG.runSuitesLocally(TestNG.java:1147)<br />
              org.testng.TestNG.runSuites(TestNG.java:1072)<br />
              org.testng.TestNG.run(TestNG.java:1044)<br />
              org.testng.remote.AbstractRemoteTestNG.run(AbstractRemoteTestNG.java:126)<br />
              org.testng.remote.RemoteTestNG.initAndRun(RemoteTestNG.java:137)<br />
              org.testng.remote.RemoteTestNG.main(RemoteTestNG.java:58)<br />
                    <b>Caused by: </b> <a href="javascript:toggleElement('exception-40', 'block')" title="Click to expand/collapse">org.openqa.selenium.interactions.MoveTargetOutOfBoundsException: Offset within element cannot be scrolled into view: (0, 0): javascript:void(0)<br/>
Command duration or timeout: 7 milliseconds<br/>
Build info: version: &apos;2.41.0&apos;, revision: &apos;3192d8a6c4449dc285928ba024779344f5423c58&apos;, time: &apos;2014-03-27 11:29:39&apos;<br/>
System info: host: &apos;dwk-pc&apos;, ip: &apos;192.168.56.1&apos;, os.name: &apos;Windows 7&apos;, os.arch: &apos;amd64&apos;, os.version: &apos;6.1&apos;, java.version: &apos;1.8.0_77&apos;<br/>
Driver info: org.openqa.selenium.firefox.FirefoxDriver<br/>
Capabilities [{applicationCacheEnabled=true, rotatable=false, handlesAlerts=true, databaseEnabled=true, version=19.0, platform=WINDOWS, browserConnectionEnabled=true, nativeEvents=false, acceptSslCerts=true, webStorageEnabled=true, locationContextEnabled=true, browserName=firefox, takesScreenshot=true, javascriptEnabled=true, cssSelectorsEnabled=true}]<br/>
Session ID: fe7368c0-5a6f-49d8-8944-4ac81fb3e2f5</a><br />
        <div class="stackTrace" id="exception-40">
                      sun.reflect.NativeConstructorAccessorImpl.newInstance0(Native Method)<br />
                      sun.reflect.NativeConstructorAccessorImpl.newInstance(NativeConstructorAccessorImpl.java:62)<br />
                      sun.reflect.DelegatingConstructorAccessorImpl.newInstance(DelegatingConstructorAccessorImpl.java:45)<br />
                      java.lang.reflect.Constructor.newInstance(Constructor.java:423)<br />
                      org.openqa.selenium.remote.ErrorHandler.createThrowable(ErrorHandler.java:193)<br />
                      org.openqa.selenium.remote.ErrorHandler.throwIfResponseFailed(ErrorHandler.java:145)<br />
                      org.openqa.selenium.remote.RemoteWebDriver.execute(RemoteWebDriver.java:595)<br />
                      org.openqa.selenium.remote.RemoteExecuteMethod.execute(RemoteExecuteMethod.java:34)<br />
                      org.openqa.selenium.remote.RemoteMouse.mouseMove(RemoteMouse.java:88)<br />
                      org.openqa.selenium.interactions.MoveMouseAction.perform(MoveMouseAction.java:35)<br />
                      org.openqa.selenium.interactions.CompositeAction.perform(CompositeAction.java:31)<br />
                      org.openqa.selenium.interactions.Actions.perform(Actions.java:367)<br />
                      com.dzf.test.model.Handler.mouseMoveTo(Handler.java:406)<br />
                      com.dzf.test.page.accounting.AccountingMainPage.openFrame(AccountingMainPage.java:1123)<br />
                      com.dzf.test.testscenery.TestScenery2.test资产总账(TestScenery2.java:716)<br />
                      sun.reflect.NativeMethodAccessorImpl.invoke0(Native Method)<br />
                      sun.reflect.NativeMethodAccessorImpl.invoke(NativeMethodAccessorImpl.java:62)<br />
                      sun.reflect.DelegatingMethodAccessorImpl.invoke(DelegatingMethodAccessorImpl.java:43)<br />
                      java.lang.reflect.Method.invoke(Method.java:498)<br />
                      org.testng.internal.MethodInvocationHelper.invokeMethod(MethodInvocationHelper.java:86)<br />
                      org.testng.internal.Invoker.invokeMethod(Invoker.java:647)<br />
                      org.testng.internal.Invoker.invokeTestMethod(Invoker.java:824)<br />
                      org.testng.internal.Invoker.invokeTestMethods(Invoker.java:1132)<br />
                      org.testng.internal.TestMethodWorker.invokeTestMethods(TestMethodWorker.java:129)<br />
                      org.testng.internal.TestMethodWorker.run(TestMethodWorker.java:112)<br />
                      org.testng.TestRunner.privateRun(TestRunner.java:778)<br />
                      org.testng.TestRunner.run(TestRunner.java:632)<br />
                      org.testng.SuiteRunner.runTest(SuiteRunner.java:366)<br />
                      org.testng.SuiteRunner.runSequentially(SuiteRunner.java:361)<br />
                      org.testng.SuiteRunner.privateRun(SuiteRunner.java:319)<br />
                      org.testng.SuiteRunner.run(SuiteRunner.java:268)<br />
                      org.testng.SuiteRunnerWorker.runSuite(SuiteRunnerWorker.java:52)<br />
                      org.testng.SuiteRunnerWorker.run(SuiteRunnerWorker.java:86)<br />
                      org.testng.TestNG.runSuitesSequentially(TestNG.java:1222)<br />
                      org.testng.TestNG.runSuitesLocally(TestNG.java:1147)<br />
                      org.testng.TestNG.runSuites(TestNG.java:1072)<br />
                      org.testng.TestNG.run(TestNG.java:1044)<br />
                      org.testng.remote.AbstractRemoteTestNG.run(AbstractRemoteTestNG.java:126)<br />
                      org.testng.remote.RemoteTestNG.initAndRun(RemoteTestNG.java:137)<br />
                      org.testng.remote.RemoteTestNG.main(RemoteTestNG.java:58)<br />
                  </div>
              <b>Caused by: </b> <a href="javascript:toggleElement('exception-41', 'block')" title="Click to expand/collapse">org.openqa.selenium.remote.ErrorHandler$UnknownServerException: Offset within element cannot be scrolled into view: (0, 0): javascript:void(0)<br/>
Build info: version: &apos;2.41.0&apos;, revision: &apos;3192d8a6c4449dc285928ba024779344f5423c58&apos;, time: &apos;2014-03-27 11:29:39&apos;<br/>
System info: host: &apos;dwk-pc&apos;, ip: &apos;192.168.56.1&apos;, os.name: &apos;Windows 7&apos;, os.arch: &apos;amd64&apos;, os.version: &apos;6.1&apos;, java.version: &apos;1.8.0_77&apos;<br/>
Driver info: driver.version: unknown</a><br />
        <div class="stackTrace" id="exception-41">
                      &lt;anonymous class&gt;.FirefoxDriver.prototype.mouseMoveTo(file:///C:/Users/ADMINI~1/AppData/Local/Temp/anonymous6086416528989215014webdriver-profile/extensions/fxdriver@googlecode.com/components/driver-component.js:10961)<br />
                      &lt;anonymous class&gt;.DelayedCommand.prototype.executeInternal_/h(file:///C:/Users/ADMINI~1/AppData/Local/Temp/anonymous6086416528989215014webdriver-profile/extensions/fxdriver@googlecode.com/components/command-processor.js:12534)<br />
                      &lt;anonymous class&gt;.DelayedCommand.prototype.executeInternal_(file:///C:/Users/ADMINI~1/AppData/Local/Temp/anonymous6086416528989215014webdriver-profile/extensions/fxdriver@googlecode.com/components/command-processor.js:12539)<br />
                      &lt;anonymous class&gt;.DelayedCommand.prototype.execute/&lt;(file:///C:/Users/ADMINI~1/AppData/Local/Temp/anonymous6086416528989215014webdriver-profile/extensions/fxdriver@googlecode.com/components/command-processor.js:12481)<br />
                  </div>
          </div>
      </td>
  
      
<!-- 开发版 -->
	<td class="log">
			    	    
	    <div class="testOutput">
										   
																		1. 没有找到：资产总账，关闭失败！<br/>
																		   
																		2. 点击：固定资产<br/>
																		   
																		3. 鼠标移动到：资产报表失败！<br/>
																		   
																		4. 查询资产总账失败！<br/>
																		   
																														    </div>
			</td>

<!--	
    
 -->
    <td class="screenshot">
                      <div class="screenshotimage" width="100%">
                                                  		        		                      
                                                                    		        		                      
                                                                    		        		                      
                                                                    		        		                      
                                                                    		        			<a href='file:\E:\EclipseWorkspace\大账房-auto\test-output\snapshot\20160506_161536_test资产总账.png'><img src='file:\E:\EclipseWorkspace\大账房-auto\test-output\snapshot\20160506_161536_test资产总账.png' width='250' height='150'/></a><br/>
	        		                      
                                          </div>
      	</td>

  
</tr>
      </table>

  <table class="resultsTable" width="100%">
    <tr><th colspan="5" class="header skipped">Skipped Tests</th></tr>
          <tr class="group2">
        <td colspan="5">com.dzf.test.testscenery.TestScenery2</td>
      </tr>
	  <tr>
		<td colspan="1" class="title" width="20%">testcase &#40;Duration&#41;</td>
		<td colspan="1" class="title" width="15%">Description</td>
<!--		<td colspan="1" class="title" width="10%">Date being used</td> -->
		<td colspan="1" class="title" width="20%">Test result</td>
		<td colspan="1" class="title" width="25%">Log Info</td>
		<td colspan="1" class="title" width="20%">Screen shot</td>
	  </tr>
            
<tr style="max-height:300px">
  <td class="method">
            
    test期初试算平衡 &#40;0.000s&#41;
    
  </td>
  
  <td class="testdescription">
  	    
      </td>
  
 <!--
  <td class="testdata">
     </td>
-->

  <td class="result" style="max-height:300px">
                             <i>Depends on method(s): </i>
        <span class="dependency">com.dzf.test.testscenery.TestScenery2.test汇率档案,com.dzf.test.testscenery.TestScenery2.test会计科目,com.dzf.test.testscenery.TestScenery2.test期初录入固定资产卡片</span>
                
        
      </td>
  
      
<!-- 开发版 -->
	<td class="log">
			    	</td>

<!--	
    
 -->
    <td class="screenshot">
            	</td>

  
</tr>
<tr style="max-height:300px">
  <td class="method">
            
    test期中录入固定资产卡片 &#40;0.000s&#41;
    
  </td>
  
  <td class="testdescription">
  	    
      </td>
  
 <!--
  <td class="testdata">
     </td>
-->

  <td class="result" style="max-height:300px">
                             <i>Depends on method(s): </i>
        <span class="dependency">com.dzf.test.testscenery.TestScenery2.test期初试算平衡</span>
                
        
      </td>
  
      
<!-- 开发版 -->
	<td class="log">
			    	</td>

<!--	
    
 -->
    <td class="screenshot">
            	</td>

  
</tr>
<tr style="max-height:300px">
  <td class="method">
            
    test填制凭证 &#40;0.000s&#41;
    
  </td>
  
  <td class="testdescription">
  	    
      </td>
  
 <!--
  <td class="testdata">
     </td>
-->

  <td class="result" style="max-height:300px">
                             <i>Depends on method(s): </i>
        <span class="dependency">com.dzf.test.testscenery.TestScenery2.test期初试算平衡</span>
                
        
      </td>
  
      
<!-- 开发版 -->
	<td class="log">
			    	</td>

<!--	
    
 -->
    <td class="screenshot">
            	</td>

  
</tr>
<tr style="max-height:300px">
  <td class="method">
            
    test凭证管理 &#40;0.000s&#41;
    
  </td>
  
  <td class="testdescription">
  	    
      </td>
  
 <!--
  <td class="testdata">
     </td>
-->

  <td class="result" style="max-height:300px">
                             <i>Depends on method(s): </i>
        <span class="dependency">com.dzf.test.testscenery.TestScenery2.test填制凭证</span>
                
        
      </td>
  
      
<!-- 开发版 -->
	<td class="log">
			    	</td>

<!--	
    
 -->
    <td class="screenshot">
            	</td>

  
</tr>
      </table>

  <table class="resultsTable">
    <tr><th colspan="5" class="header passed">Passed Tests</th></tr>
          <tr class="group2">
        <td colspan="5">com.dzf.test.testscenery.TestScenery2</td>
      </tr>
	  <tr>
		<td colspan="1" class="title" width="20%">testcase &#40;Duration&#41;</td>
		<td colspan="1" class="title" width="15%">Description</td>
<!--		<td colspan="1" class="title" width="10%">Date being used</td> -->
		<td colspan="1" class="title" width="20%">Test result</td>
		<td colspan="1" class="title" width="25%">Log Info</td>
		<td colspan="1" class="title" width="20%">Screen shot</td>
	  </tr>
            
<tr style="max-height:300px">
  <td class="method">
            
    test汇率档案 &#40;44.569s&#41;
    
  </td>
  
  <td class="testdescription">
  	    
      </td>
  
 <!--
  <td class="testdata">
               <span class="arguments">"美元";<br>"6.5";<br>"原币×汇率=本位币";<br>"是";<br>"美元6.5"</span><br />
     </td>
-->

  <td class="result" style="max-height:300px">
        
         <i>参数：</i><br/>
     <span class="arguments">"美元";<br>"6.5";<br>"原币×汇率=本位币";<br>"是";<br>"美元6.5"</span><br/>
        
      </td>
  
      
<!-- 开发版 -->
	<td class="log">
			    	    
	    <div class="testOutput">
										   
																		1. 没有找到：汇率档案，关闭失败！<br/>
																		   
																		2. 点击：汇率档案悬浮<br/>
																		   
																		3. 点击：增加按钮<br/>
																		   
																		4. 点击：币种选择按钮<br/>
																		   
																		5. 点击：选择币种面板-保存按钮<br/>
																		   
																		6. 汇率输入框:输入：6.5<br/>
																		   
																		7. 点击：汇率折算模式选择按钮<br/>
																		   
																		8. 点击：折算模式一<br/>
																		   
																		9. 点击：是否浮动汇率选择按钮<br/>
																			<div id="test汇率档案" style="display:none">
							   
																		10. 点击：浮动汇率选项一<br/>
																		   
																		11. 备注输入框:输入：美元6.5<br/>
																		   
																		12. 点击：增加汇率信息面板-保存按钮<br/>
																		   
																		13. 点击【美元】<br/>
																		   
																		14. 点击：修改按钮<br/>
																		   
																		15. 点击：币种选择按钮<br/>
																		   
																		16. 点击【美元】<br/>
																		   
																		17. 点击：选择币种面板-保存按钮<br/>
																		   
																		18. 汇率输入框:输入：6.5<br/>
																		   
																		19. 点击：汇率折算模式选择按钮<br/>
																		   
																		20. 点击：折算模式一<br/>
																		   
																		21. 点击：是否浮动汇率选择按钮<br/>
																		   
																		22. 点击：浮动汇率选项一<br/>
																		   
																		23. 备注输入框:输入：美元6.5<br/>
																		   
																		24. 点击：增加汇率信息面板-保存按钮<br/>
																		   
																														</div>
				<a href="#" onclick="openShutManager(this,'test汇率档案',false,'收起','查看更多')">查看更多</a>
				    </div>
			</td>

<!--	
    
 -->
    <td class="screenshot">
                      <div class="screenshotimage" width="100%">
                                                  		        		                      
                                                                    		        		                      
                                                                    		        		                      
                                                                    		        		                      
                                                                    		        		                      
                                                                    		        		                      
                                                                    		        		                      
                                                                    		        		                      
                                                                    		        		                      
                                                                    		        		                      
                                                                    		        		                      
                                                                    		        		                      
                                                                    		        		                      
                                                                    		        		                      
                                                                    		        		                      
                                                                    		        		                      
                                                                    		        		                      
                                                                    		        		                      
                                                                    		        		                      
                                                                    		        		                      
                                                                    		        		                      
                                                                    		        		                      
                                                                    		        		                      
                                                                    		        		                      
                                                                    		        			<a href='file:\E:\EclipseWorkspace\大账房-auto\test-output\snapshot\20160506_160005_test汇率档案.png'><img src='file:\E:\EclipseWorkspace\大账房-auto\test-output\snapshot\20160506_160005_test汇率档案.png' width='250' height='150'/></a><br/>
	        		                      
                                          </div>
      	</td>

  
</tr>
<tr style="max-height:300px">
  <td class="method">
            
    test会计科目 &#40;59.364s&#41;
    
  </td>
  
  <td class="testdescription">
  	    
      </td>
  
 <!--
  <td class="testdata">
               <span class="arguments">"其他货币资金";<br>"美元"</span><br />
     </td>
-->

  <td class="result" style="max-height:300px">
        
         <i>参数：</i><br/>
     <span class="arguments">"其他货币资金";<br>"美元"</span><br/>
        
      </td>
  
      
<!-- 开发版 -->
	<td class="log">
			    	    
	    <div class="testOutput">
										   
																		1. 没有找到：会计科目，关闭失败！<br/>
																		   
																		2. 点击：会计科目悬浮<br/>
																		   
																		3. 点击：资产类别<br/>
																		   
																		4. 点击【31012其他货币资金】<br/>
																		   
																		5. 点击：修改按钮<br/>
																		   
																		6. 点击：是否外汇核算选择按钮<br/>
																		   
																		7. 点击：是否外汇核算选项是<br/>
																		   
																		8. 点击：外汇核算币种选择按钮<br/>
																		   
																		9. 点击【USD美元】<br/>
																			<div id="test会计科目" style="display:none">
							   
																		10. 点击：外汇核算币种选择面板-确定按钮<br/>
																		   
																		11. 点击：科目修改面板-保存按钮<br/>
																		   
																		12. 点击：刷新按钮<br/>
																		   
																		13. 点击：资产类别<br/>
																		   
																		14. 点击【31012其他货币资金】<br/>
																		   
																		15. 点击：修改按钮<br/>
																		   
																		16. 点击：科目修改面板-取消按钮<br/>
																		   
																														</div>
				<a href="#" onclick="openShutManager(this,'test会计科目',false,'收起','查看更多')">查看更多</a>
				    </div>
			</td>

<!--	
    
 -->
    <td class="screenshot">
                      <div class="screenshotimage" width="100%">
                                                  		        		                      
                                                                    		        		                      
                                                                    		        		                      
                                                                    		        		                      
                                                                    		        		                      
                                                                    		        		                      
                                                                    		        		                      
                                                                    		        		                      
                                                                    		        		                      
                                                                    		        		                      
                                                                    		        		                      
                                                                    		        		                      
                                                                    		        		                      
                                                                    		        		                      
                                                                    		        		                      
                                                                    		        		                      
                                                                    		        			<a href='file:\E:\EclipseWorkspace\大账房-auto\test-output\snapshot\20160506_160104_test会计科目.png'><img src='file:\E:\EclipseWorkspace\大账房-auto\test-output\snapshot\20160506_160104_test会计科目.png' width='250' height='150'/></a><br/>
	        		                      
                                          </div>
      	</td>

  
</tr>
<tr style="max-height:300px">
  <td class="method">
            
    test期初试算平衡其它按钮 &#40;35.584s&#41;
    
  </td>
  
  <td class="testdescription">
  	    
      </td>
  
 <!--
  <td class="testdata">
     </td>
-->

  <td class="result" style="max-height:300px">
        
        
      </td>
  
      
<!-- 开发版 -->
	<td class="log">
			    	    
	    <div class="testOutput">
										   
																		1. 没有找到：科目期初余额，关闭失败！<br/>
																		   
																		2. 点击：总账<br/>
																		   
																		3. 点击：科目期初余额悬浮<br/>
																		   
																		4. 点击：刷新按钮<br/>
																		   
																		5. 提示刷新成功！<br/>
																		   
																		6. 点击：打印按钮<br/>
																		   
																		7. 点击：打印面板-确定按钮<br/>
																		   
																														    </div>
			</td>

<!--	
    
 -->
    <td class="screenshot">
                      <div class="screenshotimage" width="100%">
                                                  		        		                      
                                                                    		        		                      
                                                                    		        		                      
                                                                    		        		                      
                                                                    		        		                      
                                                                    		        		                      
                                                                    		        		                      
                                                                    		        			<a href='file:\E:\EclipseWorkspace\大账房-auto\test-output\snapshot\20160506_160358_test期初试算平衡其它按钮.png'><img src='file:\E:\EclipseWorkspace\大账房-auto\test-output\snapshot\20160506_160358_test期初试算平衡其它按钮.png' width='250' height='150'/></a><br/>
	        		                      
                                          </div>
      	</td>

  
</tr>
<tr style="max-height:300px">
  <td class="method">
            
    test期末处理 &#40;252.943s&#41;
    
  </td>
  
  <td class="testdescription">
  	      期末处理
      </td>
  
 <!--
  <td class="testdata">
               <span class="arguments">"2016-04";<br>"2016-12"</span><br />
     </td>
-->

  <td class="result" style="max-height:300px">
        
         <i>参数：</i><br/>
     <span class="arguments">"2016-04";<br>"2016-12"</span><br/>
        
      </td>
  
      
<!-- 开发版 -->
	<td class="log">
			    	    
	    <div class="testOutput">
										   
																		1. 没有找到：期末处理，关闭失败！<br/>
																		   
																		2. 点击：期末处理悬浮<br/>
																		   
																		3. 点击：开始年份选择按钮<br/>
																		   
																		4. 点击：开始月份选择按钮<br/>
																		   
																		5. 点击：结束年份选择按钮<br/>
																		   
																		6. 点击：结束月份选择按钮<br/>
																		   
																		7. 点击：查询面板-确定按钮<br/>
																		   
																		8. 点击：全选复选框<br/>
																		   
																		9. 点击：全选复选框<br/>
																			<div id="test期末处理" style="display:none">
							   
																		10. 点击【2016-04桃子传媒】<br/>
																		   
																		11. 点击：成本结转按钮<br/>
																		   
																		12. 点击：全选复选框<br/>
																		   
																		13. 点击：全选复选框<br/>
																		   
																		14. 点击【2016-05桃子传媒】<br/>
																		   
																		15. 点击：成本结转按钮<br/>
																		   
																		16. 点击：全选复选框<br/>
																		   
																		17. 点击：全选复选框<br/>
																		   
																		18. 点击【2016-06桃子传媒】<br/>
																		   
																		19. 点击：成本结转按钮<br/>
																		   
																		20. 点击：全选复选框<br/>
																		   
																		21. 点击：全选复选框<br/>
																		   
																		22. 点击【2016-07桃子传媒】<br/>
																		   
																		23. 点击：成本结转按钮<br/>
																		   
																		24. 点击：全选复选框<br/>
																		   
																		25. 点击：全选复选框<br/>
																		   
																		26. 点击【2016-08桃子传媒】<br/>
																		   
																		27. 点击：成本结转按钮<br/>
																		   
																		28. 点击：全选复选框<br/>
																		   
																		29. 点击：全选复选框<br/>
																		   
																		30. 点击【2016-09桃子传媒】<br/>
																		   
																		31. 点击：成本结转按钮<br/>
																		   
																		32. 点击：全选复选框<br/>
																		   
																		33. 点击：全选复选框<br/>
																		   
																		34. 点击【2016-10桃子传媒】<br/>
																		   
																		35. 点击：成本结转按钮<br/>
																		   
																		36. 点击：全选复选框<br/>
																		   
																		37. 点击：全选复选框<br/>
																		   
																		38. 点击【2016-11桃子传媒】<br/>
																		   
																		39. 点击：成本结转按钮<br/>
																		   
																		40. 点击：全选复选框<br/>
																		   
																		41. 点击：全选复选框<br/>
																		   
																		42. 点击【2016-12桃子传媒】<br/>
																		   
																		43. 点击：成本结转按钮<br/>
																		   
																		44. 点击：全选复选框<br/>
																		   
																		45. 点击：计提折旧按钮<br/>
																		   
																		46. 点击：期间损益结转按钮<br/>
																		   
																		47. 点击：提示确定按钮<br/>
																		   
																		48. 点击：全选复选框<br/>
																		   
																		49. 点击【2016-04桃子传媒】<br/>
																		   
																		50. 点击：汇兑损益调整按钮<br/>
																		   
																		51. 点击：全选复选框<br/>
																		   
																		52. 点击：全选复选框<br/>
																		   
																		53. 点击【2016-05桃子传媒】<br/>
																		   
																		54. 点击：汇兑损益调整按钮<br/>
																		   
																		55. 点击：全选复选框<br/>
																		   
																		56. 点击：全选复选框<br/>
																		   
																		57. 点击【2016-06桃子传媒】<br/>
																		   
																		58. 点击：汇兑损益调整按钮<br/>
																		   
																		59. 点击：全选复选框<br/>
																		   
																		60. 点击：全选复选框<br/>
																		   
																		61. 点击【2016-07桃子传媒】<br/>
																		   
																		62. 点击：汇兑损益调整按钮<br/>
																		   
																		63. 点击：全选复选框<br/>
																		   
																		64. 点击：全选复选框<br/>
																		   
																		65. 点击【2016-08桃子传媒】<br/>
																		   
																		66. 点击：汇兑损益调整按钮<br/>
																		   
																		67. 点击：全选复选框<br/>
																		   
																		68. 点击：全选复选框<br/>
																		   
																		69. 点击【2016-09桃子传媒】<br/>
																		   
																		70. 点击：汇兑损益调整按钮<br/>
																		   
																		71. 点击：全选复选框<br/>
																		   
																		72. 点击：全选复选框<br/>
																		   
																		73. 点击【2016-10桃子传媒】<br/>
																		   
																		74. 点击：汇兑损益调整按钮<br/>
																		   
																		75. 点击：全选复选框<br/>
																		   
																		76. 点击：全选复选框<br/>
																		   
																		77. 点击【2016-11桃子传媒】<br/>
																		   
																		78. 点击：汇兑损益调整按钮<br/>
																		   
																		79. 点击：全选复选框<br/>
																		   
																		80. 点击：全选复选框<br/>
																		   
																		81. 点击【2016-12桃子传媒】<br/>
																		   
																		82. 点击：汇兑损益调整按钮<br/>
																		   
																		83. 点击：汇兑调整面板-取消按钮<br/>
																		   
																														</div>
				<a href="#" onclick="openShutManager(this,'test期末处理',false,'收起','查看更多')">查看更多</a>
				    </div>
			</td>

<!--	
    
 -->
    <td class="screenshot">
                      <div class="screenshotimage" width="100%">
                                                  		        		                      
                                                                    		        		                      
                                                                    		        		                      
                                                                    		        		                      
                                                                    		        		                      
                                                                    		        		                      
                                                                    		        		                      
                                                                    		        		                      
                                                                    		        		                      
                                                                    		        		                      
                                                                    		        		                      
                                                                    		        		                      
                                                                    		        		                      
                                                                    		        		                      
                                                                    		        		                      
                                                                    		        		                      
                                                                    		        		                      
                                                                    		        		                      
                                                                    		        		                      
                                                                    		        		                      
                                                                    		        		                      
                                                                    		        		                      
                                                                    		        		                      
                                                                    		        		                      
                                                                    		        		                      
                                                                    		        		                      
                                                                    		        		                      
                                                                    		        		                      
                                                                    		        		                      
                                                                    		        		                      
                                                                    		        		                      
                                                                    		        		                      
                                                                    		        		                      
                                                                    		        		                      
                                                                    		        		                      
                                                                    		        		                      
                                                                    		        		                      
                                                                    		        		                      
                                                                    		        		                      
                                                                    		        		                      
                                                                    		        		                      
                                                                    		        		                      
                                                                    		        		                      
                                                                    		        		                      
                                                                    		        		                      
                                                                    		        		                      
                                                                    		        		                      
                                                                    		        		                      
                                                                    		        		                      
                                                                    		        		                      
                                                                    		        		                      
                                                                    		        		                      
                                                                    		        		                      
                                                                    		        		                      
                                                                    		        		                      
                                                                    		        		                      
                                                                    		        		                      
                                                                    		        		                      
                                                                    		        		                      
                                                                    		        		                      
                                                                    		        		                      
                                                                    		        		                      
                                                                    		        		                      
                                                                    		        		                      
                                                                    		        		                      
                                                                    		        		                      
                                                                    		        		                      
                                                                    		        		                      
                                                                    		        		                      
                                                                    		        		                      
                                                                    		        		                      
                                                                    		        		                      
                                                                    		        		                      
                                                                    		        		                      
                                                                    		        		                      
                                                                    		        		                      
                                                                    		        		                      
                                                                    		        		                      
                                                                    		        		                      
                                                                    		        		                      
                                                                    		        		                      
                                                                    		        		                      
                                                                    		        		                      
                                                                    		        			<a href='file:\E:\EclipseWorkspace\大账房-auto\test-output\snapshot\20160506_160920_test期末处理.png'><img src='file:\E:\EclipseWorkspace\大账房-auto\test-output\snapshot\20160506_160920_test期末处理.png' width='250' height='150'/></a><br/>
	        		                      
                                          </div>
      	</td>

  
</tr>
<tr style="max-height:300px">
  <td class="method">
            
    test数量金额明细帐 &#40;20.479s&#41;
    
  </td>
  
  <td class="testdescription">
  	    
      </td>
  
 <!--
  <td class="testdata">
     </td>
-->

  <td class="result" style="max-height:300px">
        
        
      </td>
  
      
<!-- 开发版 -->
	<td class="log">
			    	    
	    <div class="testOutput">
										   
																		1. 没有找到：数量金额明细账，关闭失败！<br/>
																		   
																		2. 点击：数量金额明细账悬浮<br/>
																		   
																		3. 点击：查询按钮<br/>
																		   
																		4. 点击：查询面板-确定按钮<br/>
																		   
																		5. 点击：打印按钮<br/>
																		   
																														    </div>
			</td>

<!--	
    
 -->
    <td class="screenshot">
                      <div class="screenshotimage" width="100%">
                                                  		        		                      
                                                                    		        		                      
                                                                    		        		                      
                                                                    		        		                      
                                                                    		        		                      
                                                                    		        			<a href='file:\E:\EclipseWorkspace\大账房-auto\test-output\snapshot\20160506_161226_test数量金额明细帐.png'><img src='file:\E:\EclipseWorkspace\大账房-auto\test-output\snapshot\20160506_161226_test数量金额明细帐.png' width='250' height='150'/></a><br/>
	        		                      
                                          </div>
      	</td>

  
</tr>
<tr style="max-height:300px">
  <td class="method">
            
    test数量金额总账 &#40;20.561s&#41;
    
  </td>
  
  <td class="testdescription">
  	    
      </td>
  
 <!--
  <td class="testdata">
     </td>
-->

  <td class="result" style="max-height:300px">
        
        
      </td>
  
      
<!-- 开发版 -->
	<td class="log">
			    	    
	    <div class="testOutput">
										   
																		1. 没有找到：数量金额总账，关闭失败！<br/>
																		   
																		2. 点击：数量金额总账悬浮<br/>
																		   
																		3. 点击：查询按钮<br/>
																		   
																		4. 点击：查询面板-确定按钮<br/>
																		   
																		5. 点击：打印按钮<br/>
																		   
																														    </div>
			</td>

<!--	
    
 -->
    <td class="screenshot">
                      <div class="screenshotimage" width="100%">
                                                  		        		                      
                                                                    		        		                      
                                                                    		        		                      
                                                                    		        		                      
                                                                    		        		                      
                                                                    		        			<a href='file:\E:\EclipseWorkspace\大账房-auto\test-output\snapshot\20160506_161247_test数量金额总账.png'><img src='file:\E:\EclipseWorkspace\大账房-auto\test-output\snapshot\20160506_161247_test数量金额总账.png' width='250' height='150'/></a><br/>
	        		                      
                                          </div>
      	</td>

  
</tr>
      </table>
  
</body>
</html>
