<!DOCTYPE html PUBLIC "-//W3C//DTD XHTML 1.1//EN" "http://www.w3.org/TR/xhtml11/DTD/xhtml11.dtd">
<html xmlns="http://www.w3.org/1999/xhtml">
<head>
<title>TestNG Report</title>
<style type="text/css">
table {margin-bottom:10px;border-collapse:collapse;empty-cells:show}
td,th {border:1px solid #009;padding:.25em .5em}
.result th {vertical-align:bottom}
.param th {padding-left:1em;padding-right:1em}
.param td {padding-left:.5em;padding-right:2em}
.stripe td,.stripe th {background-color: #E6EBF9}
.numi,.numi_attn {text-align:right}
.total td {font-weight:bold}
.passedodd td {background-color: #0A0}
.passedeven td {background-color: #3F3}
.skippedodd td {background-color: #CCC}
.skippedodd td {background-color: #DDD}
.failedodd td,.numi_attn {background-color: #F33}
.failedeven td,.stripe .numi_attn {background-color: #D00}
.stacktrace {white-space:pre;font-family:monospace}
.totop {font-size:85%;text-align:center;border-bottom:2px solid #000}
</style>
</head>
<body>
<table cellspacing="0" cellpadding="0" class="testOverview">
<tr><th>Test</th><th>Methods<br/>Passed</th><th>Scenarios<br/>Passed</th><th># skipped</th><th># failed</th><th>Total<br/>Time</th><th>Included<br/>Groups</th><th>Excluded<br/>Groups</th></tr>
<tr><td style="text-align:left;padding-right:2em"><a href="#t1">scenery2</a></td><td class="numi">6</td><td class="numi">6</td><td class="numi_attn">4</td><td class="numi_attn">18</td><td class="numi">996.9 seconds</td><td class="numi"></td><td class="numi"></td></tr>
</table>
<table cellspacing="0" cellpadding="0" class="methodOverview" id="summary">
<tr><th>Class</th><th>Method</th><th>Authors</th><th># of<br/>Scenarios</th><th>Running Counts</th><th>Parameters</th><th>Start</th><th>Time<br/>(ms)</th></tr>
<tr id="t1"><th colspan="5">scenery2 &#8212; skipped</th></tr>
<tr class="skippedodd"><td rowspan="4">com.dzf.test.testscenery.TestScenery2</td><td><a href="#m1293419681"><b>test填制凭证</b>  </a></td><td>Administrator</td><td class="numi">1</td><td></td><td></td><td>1462522536479</td><td class="numi">0</td></tr><tr class="skippedodd"><td><a href="#m1258388411"><b>test凭证管理</b>  </a></td><td>Administrator</td><td class="numi">1</td><td></td><td></td><td>1462522536480</td><td class="numi">0</td></tr><tr class="skippedodd"><td><a href="#m1319747817"><b>test期中录入固定资产卡片</b>  </a></td><td>Administrator</td><td class="numi">1</td><td></td><td></td><td>1462522536479</td><td class="numi">0</td></tr><tr class="skippedodd"><td><a href="#m-108688816"><b>test期初试算平衡</b>  </a></td><td>Administrator</td><td class="numi">1</td><td></td><td></td><td>1462522160238</td><td class="numi">0</td></tr>
<tr><th colspan="5">scenery2 &#8212; failed</th></tr>
<tr class="failedodd"><td rowspan="18">com.dzf.test.testscenery.TestScenery2</td><td><a href="#m719551594"><b>test期初录入固定资产卡片</b>  </a></td><td>Administrator</td><td class="numi">1</td><td>1</td><td>2016-05-04  办公桌 0103 2016-05-01 平均年限法 12 160103_器具、工具、家具等 1001_库存现金 160203_器具、工具、家具等 56010701_固定资产折旧 2000 false  </td><td>1462521664736</td><td class="numi">138021</td></tr><tr class="failedodd"><td><a href="#m-306405396"><b>test填制凭证其它功能</b>  </a></td><td>Administrator</td><td class="numi">1</td><td>1</td><td></td><td>1462521838634</td><td class="numi">68338</td></tr><tr class="failedodd"><td><a href="#m1557280010"><b>test科目总账</b>  </a></td><td>Administrator</td><td class="numi">1</td><td>1</td><td></td><td>1462522160239</td><td class="numi">26485</td></tr><tr class="failedodd"><td><a href="#m144553497"><b>test科目明细帐</b>  </a></td><td>Administrator</td><td class="numi">1</td><td>1</td><td></td><td>1462522186849</td><td class="numi">26440</td></tr><tr class="failedodd"><td><a href="#m-26293470"><b>test现金银行日记账</b>  </a></td><td>Administrator</td><td class="numi">1</td><td>1</td><td></td><td>1462522213428</td><td class="numi">32624</td></tr><tr class="failedodd"><td><a href="#m747284551"><b>test发生额及余额表</b>  </a></td><td>Administrator</td><td class="numi">1</td><td>1</td><td></td><td>1462522246183</td><td class="numi">26730</td></tr><tr class="failedodd"><td><a href="#m349138973"><b>test序时账</b>  </a></td><td>Administrator</td><td class="numi">1</td><td>1</td><td></td><td>1462522273023</td><td class="numi">26527</td></tr><tr class="failedodd"><td><a href="#m145852821"><b>test科目汇总表</b>  </a></td><td>Administrator</td><td class="numi">1</td><td>1</td><td></td><td>1462522299665</td><td class="numi">26481</td></tr><tr class="failedodd"><td><a href="#m-703709141"><b>test利润表季报</b>  </a></td><td>Administrator</td><td class="numi">1</td><td>1</td><td></td><td>1462522367518</td><td class="numi">26585</td></tr><tr class="failedodd"><td><a href="#m346148553"><b>test利润表</b>  </a></td><td>Administrator</td><td class="numi">1</td><td>1</td><td></td><td>1462522394264</td><td class="numi">18355</td></tr><tr class="failedodd"><td><a href="#m-1097466473"><b>test现金流量表</b>  </a></td><td>Administrator</td><td class="numi">1</td><td>1</td><td></td><td>1462522412755</td><td class="numi">18234</td></tr><tr class="failedodd"><td><a href="#m-478771966"><b>test增值税和营业税月度申报对比表</b>  </a></td><td>Administrator</td><td class="numi">1</td><td>1</td><td></td><td>1462522431123</td><td class="numi">18437</td></tr><tr class="failedodd"><td><a href="#m149874664"><b>test资产负债表</b>  </a></td><td>Administrator</td><td class="numi">1</td><td>1</td><td></td><td>1462522449689</td><td class="numi">18288</td></tr><tr class="failedodd"><td><a href="#m-1179371197"><b>test折旧汇总表</b>  </a></td><td>Administrator</td><td class="numi">1</td><td>1</td><td></td><td>1462522468134</td><td class="numi">13521</td></tr><tr class="failedodd"><td><a href="#m140634313"><b>test资产明细账</b>  </a></td><td>Administrator</td><td class="numi">1</td><td>1</td><td></td><td>1462522481809</td><td class="numi">13512</td></tr><tr class="failedodd"><td><a href="#m-1808707673"><b>test资产与总账对账表</b>  </a></td><td>Administrator</td><td class="numi">1</td><td>1</td><td></td><td>1462522495439</td><td class="numi">13461</td></tr><tr class="failedodd"><td><a href="#m-855924308"><b>test资产折旧明细</b>  </a></td><td>Administrator</td><td class="numi">1</td><td>1</td><td></td><td>1462522509013</td><td class="numi">13631</td></tr><tr class="failedodd"><td><a href="#m1695700528"><b>test资产总账</b>  </a></td><td>Administrator</td><td class="numi">1</td><td>1</td><td></td><td>1462522522800</td><td class="numi">13563</td></tr>
<tr><th colspan="5">scenery2 &#8212; passed</th></tr>
<tr class="passedodd"><td rowspan="6">com.dzf.test.testscenery.TestScenery2</td><td><a href="#m1905439246"><b>test汇率档案</b>  </a></td><td>Administrator</td><td class="numi">1</td><td>1</td><td>美元 6.5 原币×汇率=本位币 是 美元6.5 </td><td>1462521560477</td><td class="numi">44569</td></tr><tr class="passedodd"><td><a href="#m-37011020"><b>test会计科目</b>  </a></td><td>Administrator</td><td class="numi">1</td><td>1</td><td>其他货币资金 美元 </td><td>1462521605167</td><td class="numi">59364</td></tr><tr class="passedodd"><td><a href="#m-142358878"><b>test期初试算平衡其它按钮</b>  </a></td><td>Administrator</td><td class="numi">1</td><td>1</td><td></td><td>1462521802894</td><td class="numi">35584</td></tr><tr class="passedodd"><td><a href="#m-1986796851"><b>test期末处理</b>  ("期末处理")</a></td><td>Administrator</td><td class="numi">1</td><td>1</td><td>2016-04 2016-12 </td><td>1462521907153</td><td class="numi">252943</td></tr><tr class="passedodd"><td><a href="#m89288587"><b>test数量金额明细帐</b>  </a></td><td>Administrator</td><td class="numi">1</td><td>1</td><td></td><td>1462522326251</td><td class="numi">20479</td></tr><tr class="passedodd"><td><a href="#m-1631091368"><b>test数量金额总账</b>  </a></td><td>Administrator</td><td class="numi">1</td><td>1</td><td></td><td>1462522346847</td><td class="numi">20561</td></tr>
</table>
<h1>scenery2</h1>
<h2 id="m145852821" name="m145852821" >com.dzf.test.testscenery.TestScenery2:test科目汇总表</h2>
<div>
<h3>Test Messages</h3>
没有找到：科目汇总表，关闭失败！<br/>
点击：科目汇总表悬浮<br/>
点击：查询按钮<br/>
点击：查询面板-确定按钮<br/>
点击：打印按钮<br/>
点击：打印面板-打印按钮<br/>
点击：打印面板-打印按钮失败！<br/>
【打印面板-打印按钮】 点击失败！<br/>
查询科目汇总表失败！<br/>
<a href='file:\E:\EclipseWorkspace\大账房-auto\test-output\snapshot\20160506_161206_test科目汇总表.png'><img src='file:\E:\EclipseWorkspace\大账房-auto\test-output\snapshot\20160506_161206_test科目汇总表.png' width='250' height='150'/></a><br/>
<h3>Failure</h3>
<div class="stacktrace">com.dzf.test.util.MyException: 【打印面板-打印按钮】 点击失败！
	at com.dzf.test.model.Handler.click(Handler.java:229)
	at com.dzf.test.page.accounting.科目账表.科目汇总表Page.print(科目汇总表Page.java:53)
	at com.dzf.test.testscenery.TestScenery2.test科目汇总表(TestScenery2.java:493)
Caused by: org.openqa.selenium.TimeoutException: Timed out after 5 seconds waiting for element to be clickable: By.xpath: .//a[@onclick=&apos;doPrint()&apos;]
Build info: version: &apos;2.41.0&apos;, revision: &apos;3192d8a6c4449dc285928ba024779344f5423c58&apos;, time: &apos;2014-03-27 11:29:39&apos;
System info: host: &apos;dwk-pc&apos;, ip: &apos;192.168.56.1&apos;, os.name: &apos;Windows 7&apos;, os.arch: &apos;amd64&apos;, os.version: &apos;6.1&apos;, java.version: &apos;1.8.0_77&apos;
Driver info: org.openqa.selenium.firefox.FirefoxDriver
Capabilities [{applicationCacheEnabled=true, rotatable=false, handlesAlerts=true, databaseEnabled=true, version=19.0, platform=WINDOWS, browserConnectionEnabled=true, nativeEvents=false, acceptSslCerts=true, webStorageEnabled=true, locationContextEnabled=true, browserName=firefox, takesScreenshot=true, javascriptEnabled=true, cssSelectorsEnabled=true}]
Session ID: fe7368c0-5a6f-49d8-8944-4ac81fb3e2f5
	at org.openqa.selenium.support.ui.WebDriverWait.timeoutException(WebDriverWait.java:80)
	at org.openqa.selenium.support.ui.FluentWait.until(FluentWait.java:261)
	at com.dzf.test.model.Handler.click(Handler.java:219)
	... 27 more
... Removed 25 stack frames</div>
</div>
<p class="totop"><a href="#summary">back to summary</a></p>
<h2 id="m719551594" name="m719551594" >com.dzf.test.testscenery.TestScenery2:test期初录入固定资产卡片</h2>
<table cellspacing="0" cellpadding="0" class="result">
<tr class="param"><th>Parameter #1</th><th>Parameter #2</th><th>Parameter #3</th><th>Parameter #4</th><th>Parameter #5</th><th>Parameter #6</th><th>Parameter #7</th><th>Parameter #8</th><th>Parameter #9</th><th>Parameter #10</th><th>Parameter #11</th><th>Parameter #12</th><th>Parameter #13</th><th>Parameter #14</th></tr>
<tr class="param stripe"><td>2016-05-04</td>
<td></td>
<td>办公桌</td>
<td>0103</td>
<td>2016-05-01</td>
<td>平均年限法</td>
<td>12</td>
<td>160103_器具、工具、家具等</td>
<td>1001_库存现金</td>
<td>160203_器具、工具、家具等</td>
<td>56010701_固定资产折旧</td>
<td>2000</td>
<td>false</td>
<td></td>
</tr>
<tr><td colspan="14">
<h3>Test Messages</h3>
没有找到：卡片管理，关闭失败！<br/>
点击：固定资产<br/>
点击：卡片管理悬浮<br/>
点击：查询按钮<br/>
点击：查询面板-起始使用日期选择按钮<br/>
点击：查询面板-结束使用日期选择按钮<br/>
查询面板-卡片编码输入框:输入：null<br/>
查询面板-资产名称输入框:输入：null<br/>
查询面板-是否期初输入框:输入：null<br/>
查询面板-是否清理输入框:输入：null<br/>
查询面板-是否已转总账输入框:输入：null<br/>
点击：查询面板-确定按钮<br/>
点击：列表显示-增加按钮<br/>
点击：录入期间选择按钮<br/>
资产编码输入框:输入：20160506160143457<br/>
资产名称输入框:输入：办公桌<br/>
点击：资产类别选择按钮<br/>
资产类别面板-输入框:输入：0103<br/>
点击：资产类别面板-确定按钮<br/>
点击：开始使用日期选择按钮<br/>
点击：折旧方式下拉按钮<br/>
点击：折旧方式-平均年限法<br/>
预计使用年限输入框:输入：12<br/>
点击：固定(无形)资产科目选择按钮<br/>
点击【资产】<br/>
点击【160103_器具、工具、家具等】<br/>
点击【确认】<br/>
点击：结算科目选择按钮<br/>
点击【资产】<br/>
点击【1001_库存现金】<br/>
点击【确认】<br/>
点击：折旧(摊销)科目选择按钮<br/>
点击【资产】<br/>
点击【160203_器具、工具、家具等】<br/>
点击【确认】<br/>
点击：折旧(摊销)费用科目选择按钮<br/>
点击【资产】<br/>
点击【负债】<br/>
点击【共同】<br/>
点击【权益】<br/>
点击【成本】<br/>
点击【损益】<br/>
点击【56010701_固定资产折旧】<br/>
点击【确认】<br/>
原值输入框:输入：2000<br/>
点击：是否期初选择按钮<br/>
点击：是否期初选项-否<br/>
期初信息备注输入框:输入：<br/>
点击：保存按钮<br/>
<a href='file:\E:\EclipseWorkspace\大账房-auto\test-output\snapshot\20160506_160322_test期初录入固定资产卡片.png'><img src='file:\E:\EclipseWorkspace\大账房-auto\test-output\snapshot\20160506_160322_test期初录入固定资产卡片.png' width='250' height='150'/></a><br/>
<h3>Failure</h3>
<div class="stacktrace">java.lang.AssertionError: 卡片已添加，编号： expected [true] but found [false]
	at com.dzf.test.testscenery.TestScenery2.test期初录入固定资产卡片(TestScenery2.java:176)
... Removed 28 stack frames</div>
</td></tr>
</table>
<p class="totop"><a href="#summary">back to summary</a></p>
<h2 id="m140634313" name="m140634313" >com.dzf.test.testscenery.TestScenery2:test资产明细账</h2>
<div>
<h3>Test Messages</h3>
没有找到：资产明细账，关闭失败！<br/>
点击：固定资产<br/>
鼠标移动到：资产报表失败！<br/>
查询资产明细账失败<br/>
<a href='file:\E:\EclipseWorkspace\大账房-auto\test-output\snapshot\20160506_161455_test资产明细账.png'><img src='file:\E:\EclipseWorkspace\大账房-auto\test-output\snapshot\20160506_161455_test资产明细账.png' width='250' height='150'/></a><br/>
<h3>Failure</h3>
<div class="stacktrace">com.dzf.test.util.MyException: 鼠标移动到：资产报表失败！
	at com.dzf.test.model.Handler.mouseMoveTo(Handler.java:412)
	at com.dzf.test.page.accounting.AccountingMainPage.openFrame(AccountingMainPage.java:1123)
	at com.dzf.test.testscenery.TestScenery2.test资产明细账(TestScenery2.java:671)
Caused by: org.openqa.selenium.interactions.MoveTargetOutOfBoundsException: Offset within element cannot be scrolled into view: (0, 0): javascript:void(0)
Command duration or timeout: 18 milliseconds
Build info: version: &apos;2.41.0&apos;, revision: &apos;3192d8a6c4449dc285928ba024779344f5423c58&apos;, time: &apos;2014-03-27 11:29:39&apos;
System info: host: &apos;dwk-pc&apos;, ip: &apos;192.168.56.1&apos;, os.name: &apos;Windows 7&apos;, os.arch: &apos;amd64&apos;, os.version: &apos;6.1&apos;, java.version: &apos;1.8.0_77&apos;
Driver info: org.openqa.selenium.firefox.FirefoxDriver
Capabilities [{applicationCacheEnabled=true, rotatable=false, handlesAlerts=true, databaseEnabled=true, version=19.0, platform=WINDOWS, browserConnectionEnabled=true, nativeEvents=false, acceptSslCerts=true, webStorageEnabled=true, locationContextEnabled=true, browserName=firefox, takesScreenshot=true, javascriptEnabled=true, cssSelectorsEnabled=true}]
Session ID: fe7368c0-5a6f-49d8-8944-4ac81fb3e2f5
	at org.openqa.selenium.remote.ErrorHandler.createThrowable(ErrorHandler.java:193)
	at org.openqa.selenium.remote.ErrorHandler.throwIfResponseFailed(ErrorHandler.java:145)
	at org.openqa.selenium.remote.RemoteWebDriver.execute(RemoteWebDriver.java:595)
	at org.openqa.selenium.remote.RemoteExecuteMethod.execute(RemoteExecuteMethod.java:34)
	at org.openqa.selenium.remote.RemoteMouse.mouseMove(RemoteMouse.java:88)
	at org.openqa.selenium.interactions.MoveMouseAction.perform(MoveMouseAction.java:35)
	at org.openqa.selenium.interactions.CompositeAction.perform(CompositeAction.java:31)
	at org.openqa.selenium.interactions.Actions.perform(Actions.java:367)
	at com.dzf.test.model.Handler.mouseMoveTo(Handler.java:406)
	... 27 more
Caused by: org.openqa.selenium.remote.ErrorHandler$UnknownServerException: Offset within element cannot be scrolled into view: (0, 0): javascript:void(0)
Build info: version: &apos;2.41.0&apos;, revision: &apos;3192d8a6c4449dc285928ba024779344f5423c58&apos;, time: &apos;2014-03-27 11:29:39&apos;
System info: host: &apos;dwk-pc&apos;, ip: &apos;192.168.56.1&apos;, os.name: &apos;Windows 7&apos;, os.arch: &apos;amd64&apos;, os.version: &apos;6.1&apos;, java.version: &apos;1.8.0_77&apos;
Driver info: driver.version: unknown
	at &lt;anonymous class&gt;.FirefoxDriver.prototype.mouseMoveTo(file:///C:/Users/ADMINI~1/AppData/Local/Temp/anonymous6086416528989215014webdriver-profile/extensions/fxdriver@googlecode.com/components/driver-component.js:10961)
	at &lt;anonymous class&gt;.DelayedCommand.prototype.executeInternal_/h(file:///C:/Users/ADMINI~1/AppData/Local/Temp/anonymous6086416528989215014webdriver-profile/extensions/fxdriver@googlecode.com/components/command-processor.js:12534)
	at &lt;anonymous class&gt;.DelayedCommand.prototype.executeInternal_(file:///C:/Users/ADMINI~1/AppData/Local/Temp/anonymous6086416528989215014webdriver-profile/extensions/fxdriver@googlecode.com/components/command-processor.js:12539)
	at &lt;anonymous class&gt;.DelayedCommand.prototype.execute/&lt;(file:///C:/Users/ADMINI~1/AppData/Local/Temp/anonymous6086416528989215014webdriver-profile/extensions/fxdriver@googlecode.com/components/command-processor.js:12481)
... Removed 29 stack frames</div>
</div>
<p class="totop"><a href="#summary">back to summary</a></p>
<h2 id="m144553497" name="m144553497" >com.dzf.test.testscenery.TestScenery2:test科目明细帐</h2>
<div>
<h3>Test Messages</h3>
没有找到：科目明细账，关闭失败！<br/>
点击：科目明细账悬浮<br/>
点击：查询按钮<br/>
点击：查询面板-确定按钮<br/>
点击：打印按钮<br/>
点击：打印面板-打印按钮<br/>
点击：打印面板-打印按钮失败！<br/>
【打印面板-打印按钮】 点击失败！<br/>
查询科目明细帐失败！<br/>
<a href='file:\E:\EclipseWorkspace\大账房-auto\test-output\snapshot\20160506_161013_test科目明细帐.png'><img src='file:\E:\EclipseWorkspace\大账房-auto\test-output\snapshot\20160506_161013_test科目明细帐.png' width='250' height='150'/></a><br/>
<h3>Failure</h3>
<div class="stacktrace">com.dzf.test.util.MyException: 【打印面板-打印按钮】 点击失败！
	at com.dzf.test.model.Handler.click(Handler.java:229)
	at com.dzf.test.page.accounting.科目账表.科目明细账Page.print(科目明细账Page.java:51)
	at com.dzf.test.testscenery.TestScenery2.test科目明细帐(TestScenery2.java:427)
Caused by: org.openqa.selenium.TimeoutException: Timed out after 5 seconds waiting for element to be clickable: By.xpath: .//a[@onclick=&apos;doPrint()&apos;]
Build info: version: &apos;2.41.0&apos;, revision: &apos;3192d8a6c4449dc285928ba024779344f5423c58&apos;, time: &apos;2014-03-27 11:29:39&apos;
System info: host: &apos;dwk-pc&apos;, ip: &apos;192.168.56.1&apos;, os.name: &apos;Windows 7&apos;, os.arch: &apos;amd64&apos;, os.version: &apos;6.1&apos;, java.version: &apos;1.8.0_77&apos;
Driver info: org.openqa.selenium.firefox.FirefoxDriver
Capabilities [{applicationCacheEnabled=true, rotatable=false, handlesAlerts=true, databaseEnabled=true, version=19.0, platform=WINDOWS, browserConnectionEnabled=true, nativeEvents=false, acceptSslCerts=true, webStorageEnabled=true, locationContextEnabled=true, browserName=firefox, takesScreenshot=true, javascriptEnabled=true, cssSelectorsEnabled=true}]
Session ID: fe7368c0-5a6f-49d8-8944-4ac81fb3e2f5
	at org.openqa.selenium.support.ui.WebDriverWait.timeoutException(WebDriverWait.java:80)
	at org.openqa.selenium.support.ui.FluentWait.until(FluentWait.java:261)
	at com.dzf.test.model.Handler.click(Handler.java:219)
	... 27 more
... Removed 25 stack frames</div>
</div>
<p class="totop"><a href="#summary">back to summary</a></p>
<h2 id="m-1179371197" name="m-1179371197" >com.dzf.test.testscenery.TestScenery2:test折旧汇总表</h2>
<div>
<h3>Test Messages</h3>
没有找到：折旧汇总表，关闭失败！<br/>
点击：固定资产<br/>
鼠标移动到：资产报表失败！<br/>
查询折旧汇总表失败<br/>
<a href='file:\E:\EclipseWorkspace\大账房-auto\test-output\snapshot\20160506_161441_test折旧汇总表.png'><img src='file:\E:\EclipseWorkspace\大账房-auto\test-output\snapshot\20160506_161441_test折旧汇总表.png' width='250' height='150'/></a><br/>
<h3>Failure</h3>
<div class="stacktrace">com.dzf.test.util.MyException: 鼠标移动到：资产报表失败！
	at com.dzf.test.model.Handler.mouseMoveTo(Handler.java:412)
	at com.dzf.test.page.accounting.AccountingMainPage.openFrame(AccountingMainPage.java:1123)
	at com.dzf.test.testscenery.TestScenery2.test折旧汇总表(TestScenery2.java:656)
Caused by: org.openqa.selenium.interactions.MoveTargetOutOfBoundsException: Offset within element cannot be scrolled into view: (0, 0): javascript:void(0)
Command duration or timeout: 30 milliseconds
Build info: version: &apos;2.41.0&apos;, revision: &apos;3192d8a6c4449dc285928ba024779344f5423c58&apos;, time: &apos;2014-03-27 11:29:39&apos;
System info: host: &apos;dwk-pc&apos;, ip: &apos;192.168.56.1&apos;, os.name: &apos;Windows 7&apos;, os.arch: &apos;amd64&apos;, os.version: &apos;6.1&apos;, java.version: &apos;1.8.0_77&apos;
Driver info: org.openqa.selenium.firefox.FirefoxDriver
Capabilities [{applicationCacheEnabled=true, rotatable=false, handlesAlerts=true, databaseEnabled=true, version=19.0, platform=WINDOWS, browserConnectionEnabled=true, nativeEvents=false, acceptSslCerts=true, webStorageEnabled=true, locationContextEnabled=true, browserName=firefox, takesScreenshot=true, javascriptEnabled=true, cssSelectorsEnabled=true}]
Session ID: fe7368c0-5a6f-49d8-8944-4ac81fb3e2f5
	at org.openqa.selenium.remote.ErrorHandler.createThrowable(ErrorHandler.java:193)
	at org.openqa.selenium.remote.ErrorHandler.throwIfResponseFailed(ErrorHandler.java:145)
	at org.openqa.selenium.remote.RemoteWebDriver.execute(RemoteWebDriver.java:595)
	at org.openqa.selenium.remote.RemoteExecuteMethod.execute(RemoteExecuteMethod.java:34)
	at org.openqa.selenium.remote.RemoteMouse.mouseMove(RemoteMouse.java:88)
	at org.openqa.selenium.interactions.MoveMouseAction.perform(MoveMouseAction.java:35)
	at org.openqa.selenium.interactions.CompositeAction.perform(CompositeAction.java:31)
	at org.openqa.selenium.interactions.Actions.perform(Actions.java:367)
	at com.dzf.test.model.Handler.mouseMoveTo(Handler.java:406)
	... 27 more
Caused by: org.openqa.selenium.remote.ErrorHandler$UnknownServerException: Offset within element cannot be scrolled into view: (0, 0): javascript:void(0)
Build info: version: &apos;2.41.0&apos;, revision: &apos;3192d8a6c4449dc285928ba024779344f5423c58&apos;, time: &apos;2014-03-27 11:29:39&apos;
System info: host: &apos;dwk-pc&apos;, ip: &apos;192.168.56.1&apos;, os.name: &apos;Windows 7&apos;, os.arch: &apos;amd64&apos;, os.version: &apos;6.1&apos;, java.version: &apos;1.8.0_77&apos;
Driver info: driver.version: unknown
	at &lt;anonymous class&gt;.FirefoxDriver.prototype.mouseMoveTo(file:///C:/Users/ADMINI~1/AppData/Local/Temp/anonymous6086416528989215014webdriver-profile/extensions/fxdriver@googlecode.com/components/driver-component.js:10961)
	at &lt;anonymous class&gt;.DelayedCommand.prototype.executeInternal_/h(file:///C:/Users/ADMINI~1/AppData/Local/Temp/anonymous6086416528989215014webdriver-profile/extensions/fxdriver@googlecode.com/components/command-processor.js:12534)
	at &lt;anonymous class&gt;.DelayedCommand.prototype.executeInternal_(file:///C:/Users/ADMINI~1/AppData/Local/Temp/anonymous6086416528989215014webdriver-profile/extensions/fxdriver@googlecode.com/components/command-processor.js:12539)
	at &lt;anonymous class&gt;.DelayedCommand.prototype.execute/&lt;(file:///C:/Users/ADMINI~1/AppData/Local/Temp/anonymous6086416528989215014webdriver-profile/extensions/fxdriver@googlecode.com/components/command-processor.js:12481)
... Removed 29 stack frames</div>
</div>
<p class="totop"><a href="#summary">back to summary</a></p>
<h2 id="m-306405396" name="m-306405396" >com.dzf.test.testscenery.TestScenery2:test填制凭证其它功能</h2>
<div>
<h3>Test Messages</h3>
没有找到：填制凭证，关闭失败！<br/>
点击：填制凭证悬浮<br/>
点击：单据图片按钮<br/>
点击：单据图片面板-取消按钮<br/>
点击：按月复制按钮<br/>
点击：开始年份选择按钮<br/>
点击：开始年份一<br/>
点击：开始月份选择按钮<br/>
点击：开始月份四<br/>
点击：目标年份选择按钮<br/>
点击：目标年份一<br/>
点击：目标月份选择按钮<br/>
点击：目标月份五<br/>
点击：确定按月复制按钮<br/>
点击：填制凭证悬浮<br/>
点击：常用模板按钮<br/>
模板金额输入框:输入：100<br/>
点击：模板列表一<br/>
点击：确定模板按钮<br/>
点击：凭证标题<br/>
点击：保存按钮<br/>
点击：保存为常用凭证模版按钮<br/>
点击：保存为常用凭证模版按钮失败！<br/>
【保存为常用凭证模版按钮】 点击失败！<br/>
填制凭证其它功能操作失败！<br/>
<a href='file:\E:\EclipseWorkspace\大账房-auto\test-output\snapshot\20160506_160506_test填制凭证其它功能.png'><img src='file:\E:\EclipseWorkspace\大账房-auto\test-output\snapshot\20160506_160506_test填制凭证其它功能.png' width='250' height='150'/></a><br/>
<h3>Failure</h3>
<div class="stacktrace">com.dzf.test.util.MyException: 【保存为常用凭证模版按钮】 点击失败！
	at com.dzf.test.model.Handler.click(Handler.java:229)
	at com.dzf.test.page.accounting.凭证管理.填制凭证Page.saveAsCommonTemplet(填制凭证Page.java:456)
	at com.dzf.test.testscenery.TestScenery2.test填制凭证其它功能(TestScenery2.java:259)
Caused by: org.openqa.selenium.TimeoutException: Timed out after 5 seconds waiting for element to be clickable: By.id: crePzTemplate
Build info: version: &apos;2.41.0&apos;, revision: &apos;3192d8a6c4449dc285928ba024779344f5423c58&apos;, time: &apos;2014-03-27 11:29:39&apos;
System info: host: &apos;dwk-pc&apos;, ip: &apos;192.168.56.1&apos;, os.name: &apos;Windows 7&apos;, os.arch: &apos;amd64&apos;, os.version: &apos;6.1&apos;, java.version: &apos;1.8.0_77&apos;
Driver info: org.openqa.selenium.firefox.FirefoxDriver
Capabilities [{applicationCacheEnabled=true, rotatable=false, handlesAlerts=true, databaseEnabled=true, version=19.0, platform=WINDOWS, browserConnectionEnabled=true, nativeEvents=false, acceptSslCerts=true, webStorageEnabled=true, locationContextEnabled=true, browserName=firefox, takesScreenshot=true, javascriptEnabled=true, cssSelectorsEnabled=true}]
Session ID: fe7368c0-5a6f-49d8-8944-4ac81fb3e2f5
	at org.openqa.selenium.support.ui.WebDriverWait.timeoutException(WebDriverWait.java:80)
	at org.openqa.selenium.support.ui.FluentWait.until(FluentWait.java:261)
	at com.dzf.test.model.Handler.click(Handler.java:219)
	... 27 more
Caused by: org.openqa.selenium.NoSuchElementException: Unable to locate element: {&quot;method&quot;:&quot;id&quot;,&quot;selector&quot;:&quot;crePzTemplate&quot;}
Command duration or timeout: 6.06 seconds
For documentation on this error, please visit: http://seleniumhq.org/exceptions/no_such_element.html
Build info: version: &apos;2.41.0&apos;, revision: &apos;3192d8a6c4449dc285928ba024779344f5423c58&apos;, time: &apos;2014-03-27 11:29:39&apos;
System info: host: &apos;dwk-pc&apos;, ip: &apos;192.168.56.1&apos;, os.name: &apos;Windows 7&apos;, os.arch: &apos;amd64&apos;, os.version: &apos;6.1&apos;, java.version: &apos;1.8.0_77&apos;
Driver info: org.openqa.selenium.firefox.FirefoxDriver
Capabilities [{applicationCacheEnabled=true, rotatable=false, handlesAlerts=true, databaseEnabled=true, version=19.0, platform=WINDOWS, browserConnectionEnabled=true, nativeEvents=false, acceptSslCerts=true, webStorageEnabled=true, locationContextEnabled=true, browserName=firefox, takesScreenshot=true, javascriptEnabled=true, cssSelectorsEnabled=true}]
Session ID: fe7368c0-5a6f-49d8-8944-4ac81fb3e2f5
	at org.openqa.selenium.remote.ErrorHandler.createThrowable(ErrorHandler.java:193)
	at org.openqa.selenium.remote.ErrorHandler.throwIfResponseFailed(ErrorHandler.java:145)
	at org.openqa.selenium.remote.RemoteWebDriver.execute(RemoteWebDriver.java:595)
	at org.openqa.selenium.remote.RemoteWebDriver.findElement(RemoteWebDriver.java:348)
	at org.openqa.selenium.remote.RemoteWebDriver.findElementById(RemoteWebDriver.java:389)
	at org.openqa.selenium.By$ById.findElement(By.java:214)
	at org.openqa.selenium.remote.RemoteWebDriver.findElement(RemoteWebDriver.java:340)
	at org.openqa.selenium.support.ui.ExpectedConditions.findElement(ExpectedConditions.java:911)
	at org.openqa.selenium.support.ui.ExpectedConditions.access$000(ExpectedConditions.java:41)
	at org.openqa.selenium.support.ui.ExpectedConditions$7.apply(ExpectedConditions.java:205)
	at org.openqa.selenium.support.ui.ExpectedConditions$7.apply(ExpectedConditions.java:201)
	at org.openqa.selenium.support.ui.ExpectedConditions$22.apply(ExpectedConditions.java:661)
	at org.openqa.selenium.support.ui.ExpectedConditions$22.apply(ExpectedConditions.java:654)
	at org.openqa.selenium.support.ui.FluentWait.until(FluentWait.java:238)
	... 28 more
Caused by: org.openqa.selenium.remote.ErrorHandler$UnknownServerException: Unable to locate element: {&quot;method&quot;:&quot;id&quot;,&quot;selector&quot;:&quot;crePzTemplate&quot;}
Build info: version: &apos;2.41.0&apos;, revision: &apos;3192d8a6c4449dc285928ba024779344f5423c58&apos;, time: &apos;2014-03-27 11:29:39&apos;
System info: host: &apos;dwk-pc&apos;, ip: &apos;192.168.56.1&apos;, os.name: &apos;Windows 7&apos;, os.arch: &apos;amd64&apos;, os.version: &apos;6.1&apos;, java.version: &apos;1.8.0_77&apos;
Driver info: driver.version: unknown
	at &lt;anonymous class&gt;.FirefoxDriver.prototype.findElementInternal_(file:///C:/Users/ADMINI~1/AppData/Local/Temp/anonymous6086416528989215014webdriver-profile/extensions/fxdriver@googlecode.com/components/driver-component.js:10659)
	at &lt;anonymous class&gt;.fxdriver.Timer.prototype.setTimeout/&lt;.notify(file:///C:/Users/ADMINI~1/AppData/Local/Temp/anonymous6086416528989215014webdriver-profile/extensions/fxdriver@googlecode.com/components/driver-component.js:621)
... Removed 29 stack frames</div>
</div>
<p class="totop"><a href="#summary">back to summary</a></p>
<h2 id="m-855924308" name="m-855924308" >com.dzf.test.testscenery.TestScenery2:test资产折旧明细</h2>
<div>
<h3>Test Messages</h3>
没有找到：资产折旧明细，关闭失败！<br/>
点击：固定资产<br/>
鼠标移动到：资产报表失败！<br/>
查询资产折旧明细失败<br/>
<a href='file:\E:\EclipseWorkspace\大账房-auto\test-output\snapshot\20160506_161522_test资产折旧明细.png'><img src='file:\E:\EclipseWorkspace\大账房-auto\test-output\snapshot\20160506_161522_test资产折旧明细.png' width='250' height='150'/></a><br/>
<h3>Failure</h3>
<div class="stacktrace">com.dzf.test.util.MyException: 鼠标移动到：资产报表失败！
	at com.dzf.test.model.Handler.mouseMoveTo(Handler.java:412)
	at com.dzf.test.page.accounting.AccountingMainPage.openFrame(AccountingMainPage.java:1123)
	at com.dzf.test.testscenery.TestScenery2.test资产折旧明细(TestScenery2.java:701)
Caused by: org.openqa.selenium.interactions.MoveTargetOutOfBoundsException: Offset within element cannot be scrolled into view: (0, 0): javascript:void(0)
Command duration or timeout: 27 milliseconds
Build info: version: &apos;2.41.0&apos;, revision: &apos;3192d8a6c4449dc285928ba024779344f5423c58&apos;, time: &apos;2014-03-27 11:29:39&apos;
System info: host: &apos;dwk-pc&apos;, ip: &apos;192.168.56.1&apos;, os.name: &apos;Windows 7&apos;, os.arch: &apos;amd64&apos;, os.version: &apos;6.1&apos;, java.version: &apos;1.8.0_77&apos;
Driver info: org.openqa.selenium.firefox.FirefoxDriver
Capabilities [{applicationCacheEnabled=true, rotatable=false, handlesAlerts=true, databaseEnabled=true, version=19.0, platform=WINDOWS, browserConnectionEnabled=true, nativeEvents=false, acceptSslCerts=true, webStorageEnabled=true, locationContextEnabled=true, browserName=firefox, takesScreenshot=true, javascriptEnabled=true, cssSelectorsEnabled=true}]
Session ID: fe7368c0-5a6f-49d8-8944-4ac81fb3e2f5
	at org.openqa.selenium.remote.ErrorHandler.createThrowable(ErrorHandler.java:193)
	at org.openqa.selenium.remote.ErrorHandler.throwIfResponseFailed(ErrorHandler.java:145)
	at org.openqa.selenium.remote.RemoteWebDriver.execute(RemoteWebDriver.java:595)
	at org.openqa.selenium.remote.RemoteExecuteMethod.execute(RemoteExecuteMethod.java:34)
	at org.openqa.selenium.remote.RemoteMouse.mouseMove(RemoteMouse.java:88)
	at org.openqa.selenium.interactions.MoveMouseAction.perform(MoveMouseAction.java:35)
	at org.openqa.selenium.interactions.CompositeAction.perform(CompositeAction.java:31)
	at org.openqa.selenium.interactions.Actions.perform(Actions.java:367)
	at com.dzf.test.model.Handler.mouseMoveTo(Handler.java:406)
	... 27 more
Caused by: org.openqa.selenium.remote.ErrorHandler$UnknownServerException: Offset within element cannot be scrolled into view: (0, 0): javascript:void(0)
Build info: version: &apos;2.41.0&apos;, revision: &apos;3192d8a6c4449dc285928ba024779344f5423c58&apos;, time: &apos;2014-03-27 11:29:39&apos;
System info: host: &apos;dwk-pc&apos;, ip: &apos;192.168.56.1&apos;, os.name: &apos;Windows 7&apos;, os.arch: &apos;amd64&apos;, os.version: &apos;6.1&apos;, java.version: &apos;1.8.0_77&apos;
Driver info: driver.version: unknown
	at &lt;anonymous class&gt;.FirefoxDriver.prototype.mouseMoveTo(file:///C:/Users/ADMINI~1/AppData/Local/Temp/anonymous6086416528989215014webdriver-profile/extensions/fxdriver@googlecode.com/components/driver-component.js:10961)
	at &lt;anonymous class&gt;.DelayedCommand.prototype.executeInternal_/h(file:///C:/Users/ADMINI~1/AppData/Local/Temp/anonymous6086416528989215014webdriver-profile/extensions/fxdriver@googlecode.com/components/command-processor.js:12534)
	at &lt;anonymous class&gt;.DelayedCommand.prototype.executeInternal_(file:///C:/Users/ADMINI~1/AppData/Local/Temp/anonymous6086416528989215014webdriver-profile/extensions/fxdriver@googlecode.com/components/command-processor.js:12539)
	at &lt;anonymous class&gt;.DelayedCommand.prototype.execute/&lt;(file:///C:/Users/ADMINI~1/AppData/Local/Temp/anonymous6086416528989215014webdriver-profile/extensions/fxdriver@googlecode.com/components/command-processor.js:12481)
... Removed 29 stack frames</div>
</div>
<p class="totop"><a href="#summary">back to summary</a></p>
<h2 id="m-478771966" name="m-478771966" >com.dzf.test.testscenery.TestScenery2:test增值税和营业税月度申报对比表</h2>
<div>
<h3>Test Messages</h3>
没有找到：增值税和营业税月度申报对比表，关闭失败！<br/>
点击：增值税和营业税月度申报对比表悬浮<br/>
点击：增值税和营业税月度申报对比表悬浮失败！<br/>
【增值税和营业税月度申报对比表悬浮】 点击失败！<br/>
查询增值税和营业税月度申报对比表失败！<br/>
<a href='file:\E:\EclipseWorkspace\大账房-auto\test-output\snapshot\20160506_161409_test增值税和营业税月度申报对比表.png'><img src='file:\E:\EclipseWorkspace\大账房-auto\test-output\snapshot\20160506_161409_test增值税和营业税月度申报对比表.png' width='250' height='150'/></a><br/>
<h3>Failure</h3>
<div class="stacktrace">com.dzf.test.util.MyException: 【增值税和营业税月度申报对比表悬浮】 点击失败！
	at com.dzf.test.model.Handler.click(Handler.java:229)
	at com.dzf.test.page.accounting.AccountingMainPage.openFrame(AccountingMainPage.java:1126)
	at com.dzf.test.testscenery.TestScenery2.test增值税和营业税月度申报对比表(TestScenery2.java:627)
Caused by: org.openqa.selenium.TimeoutException: Timed out after 5 seconds waiting for element to be clickable: By.id: 增值税和营业税月度申报对比表
Build info: version: &apos;2.41.0&apos;, revision: &apos;3192d8a6c4449dc285928ba024779344f5423c58&apos;, time: &apos;2014-03-27 11:29:39&apos;
System info: host: &apos;dwk-pc&apos;, ip: &apos;192.168.56.1&apos;, os.name: &apos;Windows 7&apos;, os.arch: &apos;amd64&apos;, os.version: &apos;6.1&apos;, java.version: &apos;1.8.0_77&apos;
Driver info: org.openqa.selenium.firefox.FirefoxDriver
Capabilities [{applicationCacheEnabled=true, rotatable=false, handlesAlerts=true, databaseEnabled=true, version=19.0, platform=WINDOWS, browserConnectionEnabled=true, nativeEvents=false, acceptSslCerts=true, webStorageEnabled=true, locationContextEnabled=true, browserName=firefox, takesScreenshot=true, javascriptEnabled=true, cssSelectorsEnabled=true}]
Session ID: fe7368c0-5a6f-49d8-8944-4ac81fb3e2f5
	at org.openqa.selenium.support.ui.WebDriverWait.timeoutException(WebDriverWait.java:80)
	at org.openqa.selenium.support.ui.FluentWait.until(FluentWait.java:261)
	at com.dzf.test.model.Handler.click(Handler.java:219)
	... 27 more
... Removed 25 stack frames</div>
</div>
<p class="totop"><a href="#summary">back to summary</a></p>
<h2 id="m747284551" name="m747284551" >com.dzf.test.testscenery.TestScenery2:test发生额及余额表</h2>
<div>
<h3>Test Messages</h3>
没有找到：发生额及余额表，关闭失败！<br/>
点击：发生额及余额表悬浮<br/>
点击：查询按钮<br/>
点击：查询面板-确定按钮<br/>
点击：打印按钮<br/>
点击：打印面板-打印按钮<br/>
点击：打印面板-打印按钮失败！<br/>
【打印面板-打印按钮】 点击失败！<br/>
查询发生额及余额表失败！<br/>
<a href='file:\E:\EclipseWorkspace\大账房-auto\test-output\snapshot\20160506_161112_test发生额及余额表.png'><img src='file:\E:\EclipseWorkspace\大账房-auto\test-output\snapshot\20160506_161112_test发生额及余额表.png' width='250' height='150'/></a><br/>
<h3>Failure</h3>
<div class="stacktrace">com.dzf.test.util.MyException: 【打印面板-打印按钮】 点击失败！
	at com.dzf.test.model.Handler.click(Handler.java:229)
	at com.dzf.test.page.accounting.科目账表.发生额及余额表Page.print(发生额及余额表Page.java:53)
	at com.dzf.test.testscenery.TestScenery2.test发生额及余额表(TestScenery2.java:461)
Caused by: org.openqa.selenium.TimeoutException: Timed out after 5 seconds waiting for element to be clickable: By.xpath: .//a[@onclick=&apos;doPrint()&apos;]
Build info: version: &apos;2.41.0&apos;, revision: &apos;3192d8a6c4449dc285928ba024779344f5423c58&apos;, time: &apos;2014-03-27 11:29:39&apos;
System info: host: &apos;dwk-pc&apos;, ip: &apos;192.168.56.1&apos;, os.name: &apos;Windows 7&apos;, os.arch: &apos;amd64&apos;, os.version: &apos;6.1&apos;, java.version: &apos;1.8.0_77&apos;
Driver info: org.openqa.selenium.firefox.FirefoxDriver
Capabilities [{applicationCacheEnabled=true, rotatable=false, handlesAlerts=true, databaseEnabled=true, version=19.0, platform=WINDOWS, browserConnectionEnabled=true, nativeEvents=false, acceptSslCerts=true, webStorageEnabled=true, locationContextEnabled=true, browserName=firefox, takesScreenshot=true, javascriptEnabled=true, cssSelectorsEnabled=true}]
Session ID: fe7368c0-5a6f-49d8-8944-4ac81fb3e2f5
	at org.openqa.selenium.support.ui.WebDriverWait.timeoutException(WebDriverWait.java:80)
	at org.openqa.selenium.support.ui.FluentWait.until(FluentWait.java:261)
	at com.dzf.test.model.Handler.click(Handler.java:219)
	... 27 more
... Removed 25 stack frames</div>
</div>
<p class="totop"><a href="#summary">back to summary</a></p>
<h2 id="m-703709141" name="m-703709141" >com.dzf.test.testscenery.TestScenery2:test利润表季报</h2>
<div>
<h3>Test Messages</h3>
没有找到：利润表季报，关闭失败！<br/>
点击：利润表季报悬浮<br/>
点击：查询按钮<br/>
点击：查询面板-确定按钮<br/>
点击：打印按钮<br/>
点击：打印面板-打印按钮<br/>
点击：打印面板-打印按钮失败！<br/>
【打印面板-打印按钮】 点击失败！<br/>
查询利润表季报失败！<br/>
<a href='file:\E:\EclipseWorkspace\大账房-auto\test-output\snapshot\20160506_161314_test利润表季报.png'><img src='file:\E:\EclipseWorkspace\大账房-auto\test-output\snapshot\20160506_161314_test利润表季报.png' width='250' height='150'/></a><br/>
<h3>Failure</h3>
<div class="stacktrace">com.dzf.test.util.MyException: 【打印面板-打印按钮】 点击失败！
	at com.dzf.test.model.Handler.click(Handler.java:229)
	at com.dzf.test.page.accounting.财务账表.利润表季报page.print(利润表季报page.java:53)
	at com.dzf.test.testscenery.TestScenery2.test利润表季报(TestScenery2.java:541)
Caused by: org.openqa.selenium.TimeoutException: Timed out after 5 seconds waiting for element to be clickable: By.xpath: .//a[@onclick=&apos;doPrint()&apos;]
Build info: version: &apos;2.41.0&apos;, revision: &apos;3192d8a6c4449dc285928ba024779344f5423c58&apos;, time: &apos;2014-03-27 11:29:39&apos;
System info: host: &apos;dwk-pc&apos;, ip: &apos;192.168.56.1&apos;, os.name: &apos;Windows 7&apos;, os.arch: &apos;amd64&apos;, os.version: &apos;6.1&apos;, java.version: &apos;1.8.0_77&apos;
Driver info: org.openqa.selenium.firefox.FirefoxDriver
Capabilities [{applicationCacheEnabled=true, rotatable=false, handlesAlerts=true, databaseEnabled=true, version=19.0, platform=WINDOWS, browserConnectionEnabled=true, nativeEvents=false, acceptSslCerts=true, webStorageEnabled=true, locationContextEnabled=true, browserName=firefox, takesScreenshot=true, javascriptEnabled=true, cssSelectorsEnabled=true}]
Session ID: fe7368c0-5a6f-49d8-8944-4ac81fb3e2f5
	at org.openqa.selenium.support.ui.WebDriverWait.timeoutException(WebDriverWait.java:80)
	at org.openqa.selenium.support.ui.FluentWait.until(FluentWait.java:261)
	at com.dzf.test.model.Handler.click(Handler.java:219)
	... 27 more
... Removed 25 stack frames</div>
</div>
<p class="totop"><a href="#summary">back to summary</a></p>
<h2 id="m1695700528" name="m1695700528" >com.dzf.test.testscenery.TestScenery2:test资产总账</h2>
<div>
<h3>Test Messages</h3>
没有找到：资产总账，关闭失败！<br/>
点击：固定资产<br/>
鼠标移动到：资产报表失败！<br/>
查询资产总账失败！<br/>
<a href='file:\E:\EclipseWorkspace\大账房-auto\test-output\snapshot\20160506_161536_test资产总账.png'><img src='file:\E:\EclipseWorkspace\大账房-auto\test-output\snapshot\20160506_161536_test资产总账.png' width='250' height='150'/></a><br/>
<h3>Failure</h3>
<div class="stacktrace">com.dzf.test.util.MyException: 鼠标移动到：资产报表失败！
	at com.dzf.test.model.Handler.mouseMoveTo(Handler.java:412)
	at com.dzf.test.page.accounting.AccountingMainPage.openFrame(AccountingMainPage.java:1123)
	at com.dzf.test.testscenery.TestScenery2.test资产总账(TestScenery2.java:716)
Caused by: org.openqa.selenium.interactions.MoveTargetOutOfBoundsException: Offset within element cannot be scrolled into view: (0, 0): javascript:void(0)
Command duration or timeout: 7 milliseconds
Build info: version: &apos;2.41.0&apos;, revision: &apos;3192d8a6c4449dc285928ba024779344f5423c58&apos;, time: &apos;2014-03-27 11:29:39&apos;
System info: host: &apos;dwk-pc&apos;, ip: &apos;192.168.56.1&apos;, os.name: &apos;Windows 7&apos;, os.arch: &apos;amd64&apos;, os.version: &apos;6.1&apos;, java.version: &apos;1.8.0_77&apos;
Driver info: org.openqa.selenium.firefox.FirefoxDriver
Capabilities [{applicationCacheEnabled=true, rotatable=false, handlesAlerts=true, databaseEnabled=true, version=19.0, platform=WINDOWS, browserConnectionEnabled=true, nativeEvents=false, acceptSslCerts=true, webStorageEnabled=true, locationContextEnabled=true, browserName=firefox, takesScreenshot=true, javascriptEnabled=true, cssSelectorsEnabled=true}]
Session ID: fe7368c0-5a6f-49d8-8944-4ac81fb3e2f5
	at org.openqa.selenium.remote.ErrorHandler.createThrowable(ErrorHandler.java:193)
	at org.openqa.selenium.remote.ErrorHandler.throwIfResponseFailed(ErrorHandler.java:145)
	at org.openqa.selenium.remote.RemoteWebDriver.execute(RemoteWebDriver.java:595)
	at org.openqa.selenium.remote.RemoteExecuteMethod.execute(RemoteExecuteMethod.java:34)
	at org.openqa.selenium.remote.RemoteMouse.mouseMove(RemoteMouse.java:88)
	at org.openqa.selenium.interactions.MoveMouseAction.perform(MoveMouseAction.java:35)
	at org.openqa.selenium.interactions.CompositeAction.perform(CompositeAction.java:31)
	at org.openqa.selenium.interactions.Actions.perform(Actions.java:367)
	at com.dzf.test.model.Handler.mouseMoveTo(Handler.java:406)
	... 27 more
Caused by: org.openqa.selenium.remote.ErrorHandler$UnknownServerException: Offset within element cannot be scrolled into view: (0, 0): javascript:void(0)
Build info: version: &apos;2.41.0&apos;, revision: &apos;3192d8a6c4449dc285928ba024779344f5423c58&apos;, time: &apos;2014-03-27 11:29:39&apos;
System info: host: &apos;dwk-pc&apos;, ip: &apos;192.168.56.1&apos;, os.name: &apos;Windows 7&apos;, os.arch: &apos;amd64&apos;, os.version: &apos;6.1&apos;, java.version: &apos;1.8.0_77&apos;
Driver info: driver.version: unknown
	at &lt;anonymous class&gt;.FirefoxDriver.prototype.mouseMoveTo(file:///C:/Users/ADMINI~1/AppData/Local/Temp/anonymous6086416528989215014webdriver-profile/extensions/fxdriver@googlecode.com/components/driver-component.js:10961)
	at &lt;anonymous class&gt;.DelayedCommand.prototype.executeInternal_/h(file:///C:/Users/ADMINI~1/AppData/Local/Temp/anonymous6086416528989215014webdriver-profile/extensions/fxdriver@googlecode.com/components/command-processor.js:12534)
	at &lt;anonymous class&gt;.DelayedCommand.prototype.executeInternal_(file:///C:/Users/ADMINI~1/AppData/Local/Temp/anonymous6086416528989215014webdriver-profile/extensions/fxdriver@googlecode.com/components/command-processor.js:12539)
	at &lt;anonymous class&gt;.DelayedCommand.prototype.execute/&lt;(file:///C:/Users/ADMINI~1/AppData/Local/Temp/anonymous6086416528989215014webdriver-profile/extensions/fxdriver@googlecode.com/components/command-processor.js:12481)
... Removed 29 stack frames</div>
</div>
<p class="totop"><a href="#summary">back to summary</a></p>
<h2 id="m1557280010" name="m1557280010" >com.dzf.test.testscenery.TestScenery2:test科目总账</h2>
<div>
<h3>Test Messages</h3>
没有找到：科目总账，关闭失败！<br/>
点击：科目总账悬浮<br/>
点击：查询按钮<br/>
点击：查询面板-确定按钮<br/>
点击：打印按钮<br/>
点击：打印面板-打印按钮<br/>
点击：打印面板-打印按钮失败！<br/>
【打印面板-打印按钮】 点击失败！<br/>
查询科目总账失败！<br/>
<a href='file:\E:\EclipseWorkspace\大账房-auto\test-output\snapshot\20160506_160946_test科目总账.png'><img src='file:\E:\EclipseWorkspace\大账房-auto\test-output\snapshot\20160506_160946_test科目总账.png' width='250' height='150'/></a><br/>
<h3>Failure</h3>
<div class="stacktrace">com.dzf.test.util.MyException: 【打印面板-打印按钮】 点击失败！
	at com.dzf.test.model.Handler.click(Handler.java:229)
	at com.dzf.test.page.accounting.科目账表.科目总账Page.print(科目总账Page.java:53)
	at com.dzf.test.testscenery.TestScenery2.test科目总账(TestScenery2.java:410)
Caused by: org.openqa.selenium.TimeoutException: Timed out after 5 seconds waiting for element to be clickable: By.xpath: .//a[@onclick=&apos;doPrint()&apos;]
Build info: version: &apos;2.41.0&apos;, revision: &apos;3192d8a6c4449dc285928ba024779344f5423c58&apos;, time: &apos;2014-03-27 11:29:39&apos;
System info: host: &apos;dwk-pc&apos;, ip: &apos;192.168.56.1&apos;, os.name: &apos;Windows 7&apos;, os.arch: &apos;amd64&apos;, os.version: &apos;6.1&apos;, java.version: &apos;1.8.0_77&apos;
Driver info: org.openqa.selenium.firefox.FirefoxDriver
Capabilities [{applicationCacheEnabled=true, rotatable=false, handlesAlerts=true, databaseEnabled=true, version=19.0, platform=WINDOWS, browserConnectionEnabled=true, nativeEvents=false, acceptSslCerts=true, webStorageEnabled=true, locationContextEnabled=true, browserName=firefox, takesScreenshot=true, javascriptEnabled=true, cssSelectorsEnabled=true}]
Session ID: fe7368c0-5a6f-49d8-8944-4ac81fb3e2f5
	at org.openqa.selenium.support.ui.WebDriverWait.timeoutException(WebDriverWait.java:80)
	at org.openqa.selenium.support.ui.FluentWait.until(FluentWait.java:261)
	at com.dzf.test.model.Handler.click(Handler.java:219)
	... 27 more
... Removed 25 stack frames</div>
</div>
<p class="totop"><a href="#summary">back to summary</a></p>
<h2 id="m346148553" name="m346148553" >com.dzf.test.testscenery.TestScenery2:test利润表</h2>
<div>
<h3>Test Messages</h3>
没有找到：利润表，关闭失败！<br/>
点击：利润表悬浮<br/>
点击：利润表悬浮失败！<br/>
【利润表悬浮】 点击失败！<br/>
查询利润表失败！<br/>
<a href='file:\E:\EclipseWorkspace\大账房-auto\test-output\snapshot\20160506_161332_test利润表.png'><img src='file:\E:\EclipseWorkspace\大账房-auto\test-output\snapshot\20160506_161332_test利润表.png' width='250' height='150'/></a><br/>
<h3>Failure</h3>
<div class="stacktrace">com.dzf.test.util.MyException: 【利润表悬浮】 点击失败！
	at com.dzf.test.model.Handler.click(Handler.java:229)
	at com.dzf.test.page.accounting.AccountingMainPage.openFrame(AccountingMainPage.java:1126)
	at com.dzf.test.testscenery.TestScenery2.test利润表(TestScenery2.java:555)
Caused by: org.openqa.selenium.TimeoutException: Timed out after 5 seconds waiting for element to be clickable: By.id: 利润表
Build info: version: &apos;2.41.0&apos;, revision: &apos;3192d8a6c4449dc285928ba024779344f5423c58&apos;, time: &apos;2014-03-27 11:29:39&apos;
System info: host: &apos;dwk-pc&apos;, ip: &apos;192.168.56.1&apos;, os.name: &apos;Windows 7&apos;, os.arch: &apos;amd64&apos;, os.version: &apos;6.1&apos;, java.version: &apos;1.8.0_77&apos;
Driver info: org.openqa.selenium.firefox.FirefoxDriver
Capabilities [{applicationCacheEnabled=true, rotatable=false, handlesAlerts=true, databaseEnabled=true, version=19.0, platform=WINDOWS, browserConnectionEnabled=true, nativeEvents=false, acceptSslCerts=true, webStorageEnabled=true, locationContextEnabled=true, browserName=firefox, takesScreenshot=true, javascriptEnabled=true, cssSelectorsEnabled=true}]
Session ID: fe7368c0-5a6f-49d8-8944-4ac81fb3e2f5
	at org.openqa.selenium.support.ui.WebDriverWait.timeoutException(WebDriverWait.java:80)
	at org.openqa.selenium.support.ui.FluentWait.until(FluentWait.java:261)
	at com.dzf.test.model.Handler.click(Handler.java:219)
	... 27 more
... Removed 25 stack frames</div>
</div>
<p class="totop"><a href="#summary">back to summary</a></p>
<h2 id="m-1097466473" name="m-1097466473" >com.dzf.test.testscenery.TestScenery2:test现金流量表</h2>
<div>
<h3>Test Messages</h3>
没有找到：现金流量表，关闭失败！<br/>
点击：现金流量表悬浮<br/>
点击：现金流量表悬浮失败！<br/>
【现金流量表悬浮】 点击失败！<br/>
查询现金流量表失败！<br/>
<a href='file:\E:\EclipseWorkspace\大账房-auto\test-output\snapshot\20160506_161350_test现金流量表.png'><img src='file:\E:\EclipseWorkspace\大账房-auto\test-output\snapshot\20160506_161350_test现金流量表.png' width='250' height='150'/></a><br/>
<h3>Failure</h3>
<div class="stacktrace">com.dzf.test.util.MyException: 【现金流量表悬浮】 点击失败！
	at com.dzf.test.model.Handler.click(Handler.java:229)
	at com.dzf.test.page.accounting.AccountingMainPage.openFrame(AccountingMainPage.java:1126)
	at com.dzf.test.testscenery.TestScenery2.test现金流量表(TestScenery2.java:590)
Caused by: org.openqa.selenium.TimeoutException: Timed out after 5 seconds waiting for element to be clickable: By.id: 现金流量表
Build info: version: &apos;2.41.0&apos;, revision: &apos;3192d8a6c4449dc285928ba024779344f5423c58&apos;, time: &apos;2014-03-27 11:29:39&apos;
System info: host: &apos;dwk-pc&apos;, ip: &apos;192.168.56.1&apos;, os.name: &apos;Windows 7&apos;, os.arch: &apos;amd64&apos;, os.version: &apos;6.1&apos;, java.version: &apos;1.8.0_77&apos;
Driver info: org.openqa.selenium.firefox.FirefoxDriver
Capabilities [{applicationCacheEnabled=true, rotatable=false, handlesAlerts=true, databaseEnabled=true, version=19.0, platform=WINDOWS, browserConnectionEnabled=true, nativeEvents=false, acceptSslCerts=true, webStorageEnabled=true, locationContextEnabled=true, browserName=firefox, takesScreenshot=true, javascriptEnabled=true, cssSelectorsEnabled=true}]
Session ID: fe7368c0-5a6f-49d8-8944-4ac81fb3e2f5
	at org.openqa.selenium.support.ui.WebDriverWait.timeoutException(WebDriverWait.java:80)
	at org.openqa.selenium.support.ui.FluentWait.until(FluentWait.java:261)
	at com.dzf.test.model.Handler.click(Handler.java:219)
	... 27 more
... Removed 25 stack frames</div>
</div>
<p class="totop"><a href="#summary">back to summary</a></p>
<h2 id="m149874664" name="m149874664" >com.dzf.test.testscenery.TestScenery2:test资产负债表</h2>
<div>
<h3>Test Messages</h3>
没有找到：资产负债表，关闭失败！<br/>
点击：资产负债表悬浮<br/>
点击：资产负债表悬浮失败！<br/>
【资产负债表悬浮】 点击失败！<br/>
查询资产负债表失败！<br/>
<a href='file:\E:\EclipseWorkspace\大账房-auto\test-output\snapshot\20160506_161427_test资产负债表.png'><img src='file:\E:\EclipseWorkspace\大账房-auto\test-output\snapshot\20160506_161427_test资产负债表.png' width='250' height='150'/></a><br/>
<h3>Failure</h3>
<div class="stacktrace">com.dzf.test.util.MyException: 【资产负债表悬浮】 点击失败！
	at com.dzf.test.model.Handler.click(Handler.java:229)
	at com.dzf.test.page.accounting.AccountingMainPage.openFrame(AccountingMainPage.java:1126)
	at com.dzf.test.testscenery.TestScenery2.test资产负债表(TestScenery2.java:641)
Caused by: org.openqa.selenium.TimeoutException: Timed out after 5 seconds waiting for element to be clickable: By.id: 资产负债表
Build info: version: &apos;2.41.0&apos;, revision: &apos;3192d8a6c4449dc285928ba024779344f5423c58&apos;, time: &apos;2014-03-27 11:29:39&apos;
System info: host: &apos;dwk-pc&apos;, ip: &apos;192.168.56.1&apos;, os.name: &apos;Windows 7&apos;, os.arch: &apos;amd64&apos;, os.version: &apos;6.1&apos;, java.version: &apos;1.8.0_77&apos;
Driver info: org.openqa.selenium.firefox.FirefoxDriver
Capabilities [{applicationCacheEnabled=true, rotatable=false, handlesAlerts=true, databaseEnabled=true, version=19.0, platform=WINDOWS, browserConnectionEnabled=true, nativeEvents=false, acceptSslCerts=true, webStorageEnabled=true, locationContextEnabled=true, browserName=firefox, takesScreenshot=true, javascriptEnabled=true, cssSelectorsEnabled=true}]
Session ID: fe7368c0-5a6f-49d8-8944-4ac81fb3e2f5
	at org.openqa.selenium.support.ui.WebDriverWait.timeoutException(WebDriverWait.java:80)
	at org.openqa.selenium.support.ui.FluentWait.until(FluentWait.java:261)
	at com.dzf.test.model.Handler.click(Handler.java:219)
	... 27 more
... Removed 25 stack frames</div>
</div>
<p class="totop"><a href="#summary">back to summary</a></p>
<h2 id="m-1808707673" name="m-1808707673" >com.dzf.test.testscenery.TestScenery2:test资产与总账对账表</h2>
<div>
<h3>Test Messages</h3>
没有找到：资产与总账对账表，关闭失败！<br/>
点击：固定资产<br/>
鼠标移动到：资产报表失败！<br/>
查询资产与总账对账表失败<br/>
<a href='file:\E:\EclipseWorkspace\大账房-auto\test-output\snapshot\20160506_161508_test资产与总账对账表.png'><img src='file:\E:\EclipseWorkspace\大账房-auto\test-output\snapshot\20160506_161508_test资产与总账对账表.png' width='250' height='150'/></a><br/>
<h3>Failure</h3>
<div class="stacktrace">com.dzf.test.util.MyException: 鼠标移动到：资产报表失败！
	at com.dzf.test.model.Handler.mouseMoveTo(Handler.java:412)
	at com.dzf.test.page.accounting.AccountingMainPage.openFrame(AccountingMainPage.java:1123)
	at com.dzf.test.testscenery.TestScenery2.test资产与总账对账表(TestScenery2.java:686)
Caused by: org.openqa.selenium.interactions.MoveTargetOutOfBoundsException: Offset within element cannot be scrolled into view: (0, 0): javascript:void(0)
Command duration or timeout: 10 milliseconds
Build info: version: &apos;2.41.0&apos;, revision: &apos;3192d8a6c4449dc285928ba024779344f5423c58&apos;, time: &apos;2014-03-27 11:29:39&apos;
System info: host: &apos;dwk-pc&apos;, ip: &apos;192.168.56.1&apos;, os.name: &apos;Windows 7&apos;, os.arch: &apos;amd64&apos;, os.version: &apos;6.1&apos;, java.version: &apos;1.8.0_77&apos;
Driver info: org.openqa.selenium.firefox.FirefoxDriver
Capabilities [{applicationCacheEnabled=true, rotatable=false, handlesAlerts=true, databaseEnabled=true, version=19.0, platform=WINDOWS, browserConnectionEnabled=true, nativeEvents=false, acceptSslCerts=true, webStorageEnabled=true, locationContextEnabled=true, browserName=firefox, takesScreenshot=true, javascriptEnabled=true, cssSelectorsEnabled=true}]
Session ID: fe7368c0-5a6f-49d8-8944-4ac81fb3e2f5
	at org.openqa.selenium.remote.ErrorHandler.createThrowable(ErrorHandler.java:193)
	at org.openqa.selenium.remote.ErrorHandler.throwIfResponseFailed(ErrorHandler.java:145)
	at org.openqa.selenium.remote.RemoteWebDriver.execute(RemoteWebDriver.java:595)
	at org.openqa.selenium.remote.RemoteExecuteMethod.execute(RemoteExecuteMethod.java:34)
	at org.openqa.selenium.remote.RemoteMouse.mouseMove(RemoteMouse.java:88)
	at org.openqa.selenium.interactions.MoveMouseAction.perform(MoveMouseAction.java:35)
	at org.openqa.selenium.interactions.CompositeAction.perform(CompositeAction.java:31)
	at org.openqa.selenium.interactions.Actions.perform(Actions.java:367)
	at com.dzf.test.model.Handler.mouseMoveTo(Handler.java:406)
	... 27 more
Caused by: org.openqa.selenium.remote.ErrorHandler$UnknownServerException: Offset within element cannot be scrolled into view: (0, 0): javascript:void(0)
Build info: version: &apos;2.41.0&apos;, revision: &apos;3192d8a6c4449dc285928ba024779344f5423c58&apos;, time: &apos;2014-03-27 11:29:39&apos;
System info: host: &apos;dwk-pc&apos;, ip: &apos;192.168.56.1&apos;, os.name: &apos;Windows 7&apos;, os.arch: &apos;amd64&apos;, os.version: &apos;6.1&apos;, java.version: &apos;1.8.0_77&apos;
Driver info: driver.version: unknown
	at &lt;anonymous class&gt;.FirefoxDriver.prototype.mouseMoveTo(file:///C:/Users/ADMINI~1/AppData/Local/Temp/anonymous6086416528989215014webdriver-profile/extensions/fxdriver@googlecode.com/components/driver-component.js:10961)
	at &lt;anonymous class&gt;.DelayedCommand.prototype.executeInternal_/h(file:///C:/Users/ADMINI~1/AppData/Local/Temp/anonymous6086416528989215014webdriver-profile/extensions/fxdriver@googlecode.com/components/command-processor.js:12534)
	at &lt;anonymous class&gt;.DelayedCommand.prototype.executeInternal_(file:///C:/Users/ADMINI~1/AppData/Local/Temp/anonymous6086416528989215014webdriver-profile/extensions/fxdriver@googlecode.com/components/command-processor.js:12539)
	at &lt;anonymous class&gt;.DelayedCommand.prototype.execute/&lt;(file:///C:/Users/ADMINI~1/AppData/Local/Temp/anonymous6086416528989215014webdriver-profile/extensions/fxdriver@googlecode.com/components/command-processor.js:12481)
... Removed 29 stack frames</div>
</div>
<p class="totop"><a href="#summary">back to summary</a></p>
<h2 id="m349138973" name="m349138973" >com.dzf.test.testscenery.TestScenery2:test序时账</h2>
<div>
<h3>Test Messages</h3>
没有找到：序时账，关闭失败！<br/>
点击：序时账悬浮<br/>
点击：查询按钮<br/>
点击：查询面板-确定按钮<br/>
点击：打印按钮<br/>
点击：打印面板-打印按钮<br/>
点击：打印面板-打印按钮失败！<br/>
【打印面板-打印按钮】 点击失败！<br/>
查询序时账失败！<br/>
<a href='file:\E:\EclipseWorkspace\大账房-auto\test-output\snapshot\20160506_161139_test序时账.png'><img src='file:\E:\EclipseWorkspace\大账房-auto\test-output\snapshot\20160506_161139_test序时账.png' width='250' height='150'/></a><br/>
<h3>Failure</h3>
<div class="stacktrace">com.dzf.test.util.MyException: 【打印面板-打印按钮】 点击失败！
	at com.dzf.test.model.Handler.click(Handler.java:229)
	at com.dzf.test.page.accounting.科目账表.序时账Page.print(序时账Page.java:54)
	at com.dzf.test.testscenery.TestScenery2.test序时账(TestScenery2.java:477)
Caused by: org.openqa.selenium.TimeoutException: Timed out after 5 seconds waiting for element to be clickable: By.xpath: .//a[@onclick=&apos;doPrint()&apos;]
Build info: version: &apos;2.41.0&apos;, revision: &apos;3192d8a6c4449dc285928ba024779344f5423c58&apos;, time: &apos;2014-03-27 11:29:39&apos;
System info: host: &apos;dwk-pc&apos;, ip: &apos;192.168.56.1&apos;, os.name: &apos;Windows 7&apos;, os.arch: &apos;amd64&apos;, os.version: &apos;6.1&apos;, java.version: &apos;1.8.0_77&apos;
Driver info: org.openqa.selenium.firefox.FirefoxDriver
Capabilities [{applicationCacheEnabled=true, rotatable=false, handlesAlerts=true, databaseEnabled=true, version=19.0, platform=WINDOWS, browserConnectionEnabled=true, nativeEvents=false, acceptSslCerts=true, webStorageEnabled=true, locationContextEnabled=true, browserName=firefox, takesScreenshot=true, javascriptEnabled=true, cssSelectorsEnabled=true}]
Session ID: fe7368c0-5a6f-49d8-8944-4ac81fb3e2f5
	at org.openqa.selenium.support.ui.WebDriverWait.timeoutException(WebDriverWait.java:80)
	at org.openqa.selenium.support.ui.FluentWait.until(FluentWait.java:261)
	at com.dzf.test.model.Handler.click(Handler.java:219)
	... 27 more
... Removed 25 stack frames</div>
</div>
<p class="totop"><a href="#summary">back to summary</a></p>
<h2 id="m-26293470" name="m-26293470" >com.dzf.test.testscenery.TestScenery2:test现金银行日记账</h2>
<div>
<h3>Test Messages</h3>
没有找到：现金银行日记账，关闭失败！<br/>
点击：现金银行日记账悬浮<br/>
点击：查询按钮<br/>
点击：查询面板-确定按钮<br/>
点击：打印按钮<br/>
点击：打印面板-打印按钮<br/>
点击：打印面板-打印按钮失败！<br/>
【打印面板-打印按钮】 点击失败！<br/>
查询现金银行日记账失败！<br/>
<a href='file:\E:\EclipseWorkspace\大账房-auto\test-output\snapshot\20160506_161046_test现金银行日记账.png'><img src='file:\E:\EclipseWorkspace\大账房-auto\test-output\snapshot\20160506_161046_test现金银行日记账.png' width='250' height='150'/></a><br/>
<h3>Failure</h3>
<div class="stacktrace">com.dzf.test.util.MyException: 【打印面板-打印按钮】 点击失败！
	at com.dzf.test.model.Handler.click(Handler.java:229)
	at com.dzf.test.page.accounting.科目账表.现金银行日记账Page.print(现金银行日记账Page.java:53)
	at com.dzf.test.testscenery.TestScenery2.test现金银行日记账(TestScenery2.java:444)
Caused by: org.openqa.selenium.TimeoutException: Timed out after 5 seconds waiting for element to be clickable: By.xpath: .//a[@onclick=&apos;doPrint()&apos;]
Build info: version: &apos;2.41.0&apos;, revision: &apos;3192d8a6c4449dc285928ba024779344f5423c58&apos;, time: &apos;2014-03-27 11:29:39&apos;
System info: host: &apos;dwk-pc&apos;, ip: &apos;192.168.56.1&apos;, os.name: &apos;Windows 7&apos;, os.arch: &apos;amd64&apos;, os.version: &apos;6.1&apos;, java.version: &apos;1.8.0_77&apos;
Driver info: org.openqa.selenium.firefox.FirefoxDriver
Capabilities [{applicationCacheEnabled=true, rotatable=false, handlesAlerts=true, databaseEnabled=true, version=19.0, platform=WINDOWS, browserConnectionEnabled=true, nativeEvents=false, acceptSslCerts=true, webStorageEnabled=true, locationContextEnabled=true, browserName=firefox, takesScreenshot=true, javascriptEnabled=true, cssSelectorsEnabled=true}]
Session ID: fe7368c0-5a6f-49d8-8944-4ac81fb3e2f5
	at org.openqa.selenium.support.ui.WebDriverWait.timeoutException(WebDriverWait.java:80)
	at org.openqa.selenium.support.ui.FluentWait.until(FluentWait.java:261)
	at com.dzf.test.model.Handler.click(Handler.java:219)
	... 27 more
... Removed 25 stack frames</div>
</div>
<p class="totop"><a href="#summary">back to summary</a></p>
<h2 id="m1293419681" name="m1293419681" >com.dzf.test.testscenery.TestScenery2:test填制凭证</h2>
<div>
<div class="stacktrace">java.lang.Throwable: Method TestScenery2.test填制凭证(java.lang.String, java.lang.String, java.lang.String, java.lang.String, java.lang.String, java.lang.String)[pri:0, instance:com.dzf.test.testscenery.TestScenery2@6e20b53a] depends on not successfully finished methods
... Removed 18 stack frames</div>
</div>
<p class="totop"><a href="#summary">back to summary</a></p>
<h2 id="m1258388411" name="m1258388411" >com.dzf.test.testscenery.TestScenery2:test凭证管理</h2>
<div>
<div class="stacktrace">java.lang.Throwable: Method TestScenery2.test凭证管理(java.lang.String, java.lang.String, java.lang.String)[pri:0, instance:com.dzf.test.testscenery.TestScenery2@6e20b53a] depends on not successfully finished methods
... Removed 18 stack frames</div>
</div>
<p class="totop"><a href="#summary">back to summary</a></p>
<h2 id="m1319747817" name="m1319747817" >com.dzf.test.testscenery.TestScenery2:test期中录入固定资产卡片</h2>
<div>
<div class="stacktrace">java.lang.Throwable: Method TestScenery2.test期中录入固定资产卡片(java.lang.String, java.lang.String, java.lang.String, java.lang.String, java.lang.String, java.lang.String, java.lang.String, java.lang.String, java.lang.String, java.lang.String, java.lang.String, java.lang.String, boolean, java.lang.String)[pri:0, instance:com.dzf.test.testscenery.TestScenery2@6e20b53a] depends on not successfully finished methods
... Removed 18 stack frames</div>
</div>
<p class="totop"><a href="#summary">back to summary</a></p>
<h2 id="m-108688816" name="m-108688816" >com.dzf.test.testscenery.TestScenery2:test期初试算平衡</h2>
<div>
<div class="stacktrace">java.lang.Throwable: Method TestScenery2.test期初试算平衡(java.lang.String, java.lang.String, java.lang.String, java.lang.String, java.lang.String, java.lang.String, java.lang.String, java.lang.String)[pri:0, instance:com.dzf.test.testscenery.TestScenery2@6e20b53a] depends on not successfully finished methods
... Removed 18 stack frames</div>
</div>
<p class="totop"><a href="#summary">back to summary</a></p>
<h2 id="m-37011020" name="m-37011020" >com.dzf.test.testscenery.TestScenery2:test会计科目</h2>
<table cellspacing="0" cellpadding="0" class="result">
<tr class="param"><th>Parameter #1</th><th>Parameter #2</th></tr>
<tr class="param stripe"><td>其他货币资金</td>
<td>美元</td>
</tr>
<tr><td colspan="2">
没有找到：会计科目，关闭失败！<br/>
点击：会计科目悬浮<br/>
点击：资产类别<br/>
点击【31012其他货币资金】<br/>
点击：修改按钮<br/>
点击：是否外汇核算选择按钮<br/>
点击：是否外汇核算选项是<br/>
点击：外汇核算币种选择按钮<br/>
点击【USD美元】<br/>
点击：外汇核算币种选择面板-确定按钮<br/>
点击：科目修改面板-保存按钮<br/>
点击：刷新按钮<br/>
点击：资产类别<br/>
点击【31012其他货币资金】<br/>
点击：修改按钮<br/>
点击：科目修改面板-取消按钮<br/>
<a href='file:\E:\EclipseWorkspace\大账房-auto\test-output\snapshot\20160506_160104_test会计科目.png'><img src='file:\E:\EclipseWorkspace\大账房-auto\test-output\snapshot\20160506_160104_test会计科目.png' width='250' height='150'/></a><br/>
</td></tr>
</table>
<p class="totop"><a href="#summary">back to summary</a></p>
<h2 id="m-1986796851" name="m-1986796851" >com.dzf.test.testscenery.TestScenery2:test期末处理</h2>
<table cellspacing="0" cellpadding="0" class="result">
<tr class="param"><th>Parameter #1</th><th>Parameter #2</th></tr>
<tr class="param stripe"><td>2016-04</td>
<td>2016-12</td>
</tr>
<tr><td colspan="2">
没有找到：期末处理，关闭失败！<br/>
点击：期末处理悬浮<br/>
点击：开始年份选择按钮<br/>
点击：开始月份选择按钮<br/>
点击：结束年份选择按钮<br/>
点击：结束月份选择按钮<br/>
点击：查询面板-确定按钮<br/>
点击：全选复选框<br/>
点击：全选复选框<br/>
点击【2016-04桃子传媒】<br/>
点击：成本结转按钮<br/>
点击：全选复选框<br/>
点击：全选复选框<br/>
点击【2016-05桃子传媒】<br/>
点击：成本结转按钮<br/>
点击：全选复选框<br/>
点击：全选复选框<br/>
点击【2016-06桃子传媒】<br/>
点击：成本结转按钮<br/>
点击：全选复选框<br/>
点击：全选复选框<br/>
点击【2016-07桃子传媒】<br/>
点击：成本结转按钮<br/>
点击：全选复选框<br/>
点击：全选复选框<br/>
点击【2016-08桃子传媒】<br/>
点击：成本结转按钮<br/>
点击：全选复选框<br/>
点击：全选复选框<br/>
点击【2016-09桃子传媒】<br/>
点击：成本结转按钮<br/>
点击：全选复选框<br/>
点击：全选复选框<br/>
点击【2016-10桃子传媒】<br/>
点击：成本结转按钮<br/>
点击：全选复选框<br/>
点击：全选复选框<br/>
点击【2016-11桃子传媒】<br/>
点击：成本结转按钮<br/>
点击：全选复选框<br/>
点击：全选复选框<br/>
点击【2016-12桃子传媒】<br/>
点击：成本结转按钮<br/>
点击：全选复选框<br/>
点击：计提折旧按钮<br/>
点击：期间损益结转按钮<br/>
点击：提示确定按钮<br/>
点击：全选复选框<br/>
点击【2016-04桃子传媒】<br/>
点击：汇兑损益调整按钮<br/>
点击：全选复选框<br/>
点击：全选复选框<br/>
点击【2016-05桃子传媒】<br/>
点击：汇兑损益调整按钮<br/>
点击：全选复选框<br/>
点击：全选复选框<br/>
点击【2016-06桃子传媒】<br/>
点击：汇兑损益调整按钮<br/>
点击：全选复选框<br/>
点击：全选复选框<br/>
点击【2016-07桃子传媒】<br/>
点击：汇兑损益调整按钮<br/>
点击：全选复选框<br/>
点击：全选复选框<br/>
点击【2016-08桃子传媒】<br/>
点击：汇兑损益调整按钮<br/>
点击：全选复选框<br/>
点击：全选复选框<br/>
点击【2016-09桃子传媒】<br/>
点击：汇兑损益调整按钮<br/>
点击：全选复选框<br/>
点击：全选复选框<br/>
点击【2016-10桃子传媒】<br/>
点击：汇兑损益调整按钮<br/>
点击：全选复选框<br/>
点击：全选复选框<br/>
点击【2016-11桃子传媒】<br/>
点击：汇兑损益调整按钮<br/>
点击：全选复选框<br/>
点击：全选复选框<br/>
点击【2016-12桃子传媒】<br/>
点击：汇兑损益调整按钮<br/>
点击：汇兑调整面板-取消按钮<br/>
<a href='file:\E:\EclipseWorkspace\大账房-auto\test-output\snapshot\20160506_160920_test期末处理.png'><img src='file:\E:\EclipseWorkspace\大账房-auto\test-output\snapshot\20160506_160920_test期末处理.png' width='250' height='150'/></a><br/>
</td></tr>
</table>
<p class="totop"><a href="#summary">back to summary</a></p>
<h2 id="m-1631091368" name="m-1631091368" >com.dzf.test.testscenery.TestScenery2:test数量金额总账</h2>
<div>
没有找到：数量金额总账，关闭失败！<br/>
点击：数量金额总账悬浮<br/>
点击：查询按钮<br/>
点击：查询面板-确定按钮<br/>
点击：打印按钮<br/>
<a href='file:\E:\EclipseWorkspace\大账房-auto\test-output\snapshot\20160506_161247_test数量金额总账.png'><img src='file:\E:\EclipseWorkspace\大账房-auto\test-output\snapshot\20160506_161247_test数量金额总账.png' width='250' height='150'/></a><br/>
</div>
<p class="totop"><a href="#summary">back to summary</a></p>
<h2 id="m89288587" name="m89288587" >com.dzf.test.testscenery.TestScenery2:test数量金额明细帐</h2>
<div>
没有找到：数量金额明细账，关闭失败！<br/>
点击：数量金额明细账悬浮<br/>
点击：查询按钮<br/>
点击：查询面板-确定按钮<br/>
点击：打印按钮<br/>
<a href='file:\E:\EclipseWorkspace\大账房-auto\test-output\snapshot\20160506_161226_test数量金额明细帐.png'><img src='file:\E:\EclipseWorkspace\大账房-auto\test-output\snapshot\20160506_161226_test数量金额明细帐.png' width='250' height='150'/></a><br/>
</div>
<p class="totop"><a href="#summary">back to summary</a></p>
<h2 id="m-142358878" name="m-142358878" >com.dzf.test.testscenery.TestScenery2:test期初试算平衡其它按钮</h2>
<div>
没有找到：科目期初余额，关闭失败！<br/>
点击：总账<br/>
点击：科目期初余额悬浮<br/>
点击：刷新按钮<br/>
提示刷新成功！<br/>
点击：打印按钮<br/>
点击：打印面板-确定按钮<br/>
<a href='file:\E:\EclipseWorkspace\大账房-auto\test-output\snapshot\20160506_160358_test期初试算平衡其它按钮.png'><img src='file:\E:\EclipseWorkspace\大账房-auto\test-output\snapshot\20160506_160358_test期初试算平衡其它按钮.png' width='250' height='150'/></a><br/>
</div>
<p class="totop"><a href="#summary">back to summary</a></p>
<h2 id="m1905439246" name="m1905439246" >com.dzf.test.testscenery.TestScenery2:test汇率档案</h2>
<table cellspacing="0" cellpadding="0" class="result">
<tr class="param"><th>Parameter #1</th><th>Parameter #2</th><th>Parameter #3</th><th>Parameter #4</th><th>Parameter #5</th></tr>
<tr class="param stripe"><td>美元</td>
<td>6.5</td>
<td>原币×汇率=本位币</td>
<td>是</td>
<td>美元6.5</td>
</tr>
<tr><td colspan="5">
没有找到：汇率档案，关闭失败！<br/>
点击：汇率档案悬浮<br/>
点击：增加按钮<br/>
点击：币种选择按钮<br/>
点击：选择币种面板-保存按钮<br/>
汇率输入框:输入：6.5<br/>
点击：汇率折算模式选择按钮<br/>
点击：折算模式一<br/>
点击：是否浮动汇率选择按钮<br/>
点击：浮动汇率选项一<br/>
备注输入框:输入：美元6.5<br/>
点击：增加汇率信息面板-保存按钮<br/>
点击【美元】<br/>
点击：修改按钮<br/>
点击：币种选择按钮<br/>
点击【美元】<br/>
点击：选择币种面板-保存按钮<br/>
汇率输入框:输入：6.5<br/>
点击：汇率折算模式选择按钮<br/>
点击：折算模式一<br/>
点击：是否浮动汇率选择按钮<br/>
点击：浮动汇率选项一<br/>
备注输入框:输入：美元6.5<br/>
点击：增加汇率信息面板-保存按钮<br/>
<a href='file:\E:\EclipseWorkspace\大账房-auto\test-output\snapshot\20160506_160005_test汇率档案.png'><img src='file:\E:\EclipseWorkspace\大账房-auto\test-output\snapshot\20160506_160005_test汇率档案.png' width='250' height='150'/></a><br/>
</td></tr>
</table>
<p class="totop"><a href="#summary">back to summary</a></p>
</body></html>
